{
  "stats": {
    "suites": 1,
    "tests": 1,
    "passes": 1,
    "pending": 0,
    "failures": 0,
    "start": "2022-10-15T10:08:05.332Z",
    "end": "2022-10-15T10:08:10.418Z",
    "duration": 5086,
    "testsRegistered": 1,
    "passPercent": 100,
    "pendingPercent": 0,
    "other": 0,
    "hasOther": false,
    "skipped": 0,
    "hasSkipped": false
  },
  "results": [
    {
      "uuid": "51fabc1f-c98d-4c85-90fb-6fae0bb75414",
      "title": "",
      "fullFile": "cypress/integration/demo-test/TC_23_SyncAsyncCode.spec.js",
      "file": "cypress/integration/demo-test/TC_23_SyncAsyncCode.spec.js",
      "beforeHooks": [],
      "afterHooks": [],
      "tests": [],
      "suites": [
        {
          "uuid": "2bf9c1d7-3e73-4e36-a227-f122a1e7b011",
          "title": "asyc-syc code example and understanding",
          "fullFile": "",
          "file": "",
          "beforeHooks": [],
          "afterHooks": [],
          "tests": [
            {
              "title": "async sync mix code",
              "fullTitle": "asyc-syc code example and understanding async sync mix code",
              "timedOut": null,
              "duration": 2304,
              "state": "passed",
              "speed": "slow",
              "pass": true,
              "fail": false,
              "pending": false,
              "context": null,
              "code": "cy.visit('http://react-redux.realworld.io/#/login?_k=slovf7');\nconsole.log('First logger');\ncy.get('input[type=\"email\"]').type('Mandeep@gmail.com');\nconsole.log('Second logger');\ncy.get('input[type=\"password\"]').type('Mandeep@123');\nconsole.log('Third logger');\ncy.get('.btn').click();\nconsole.log('Fourth logger');",
              "err": {},
              "uuid": "96894a78-75e4-4250-8248-c26541e59143",
              "parentUUID": "2bf9c1d7-3e73-4e36-a227-f122a1e7b011",
              "isHook": false,
              "skipped": false
            }
          ],
          "suites": [],
          "passes": [
            "96894a78-75e4-4250-8248-c26541e59143"
          ],
          "failures": [],
          "pending": [],
          "skipped": [],
          "duration": 2304,
          "root": false,
          "rootEmpty": false,
          "_timeout": 2000
        }
      ],
      "passes": [],
      "failures": [],
      "pending": [],
      "skipped": [],
      "duration": 0,
      "root": true,
      "rootEmpty": true,
      "_timeout": 2000
    }
  ],
  "meta": {
    "mocha": {
      "version": "7.0.1"
    },
    "mochawesome": {
      "options": {
        "quiet": false,
        "reportFilename": "mochawesome",
        "saveHtml": false,
        "saveJson": true,
        "consoleReporter": "spec",
        "useInlineDiffs": false,
        "code": true
      },
      "version": "7.1.3"
    },
    "marge": {
      "options": {
        "id": "default",
        "reportDir": "cypress/reports/mocha",
        "quite": true,
        "overwrite": false,
        "html": false,
        "json": true
      },
      "version": "6.2.0"
    }
  }
}