{
  "stats": {
    "suites": 1,
    "tests": 6,
    "passes": 5,
    "pending": 0,
    "failures": 1,
    "start": "2022-10-15T10:03:59.020Z",
    "end": "2022-10-15T10:04:08.381Z",
    "duration": 9361,
    "testsRegistered": 6,
    "passPercent": 83.33333333333334,
    "pendingPercent": 0,
    "other": 0,
    "hasOther": false,
    "skipped": 0,
    "hasSkipped": false
  },
  "results": [
    {
      "uuid": "84b4d0ed-a380-41c4-9e8a-fd54eb994039",
      "title": "",
      "fullFile": "cypress/integration/demo-test/TC_03_DocumentCommand.spec.js",
      "file": "cypress/integration/demo-test/TC_03_DocumentCommand.spec.js",
      "beforeHooks": [],
      "afterHooks": [],
      "tests": [],
      "suites": [
        {
          "uuid": "e1e831b0-a80d-460b-b6e2-34626a696895",
          "title": "doc command",
          "fullFile": "",
          "file": "",
          "beforeHooks": [],
          "afterHooks": [],
          "tests": [
            {
              "title": "Page title using document command",
              "fullTitle": "doc command Page title using document command",
              "timedOut": null,
              "duration": 1671,
              "state": "passed",
              "speed": "slow",
              "pass": true,
              "fail": false,
              "pending": false,
              "context": null,
              "code": "cy.document().should(doc => {\n  let titlename = doc.title;\n  console.log(titlename);\n  expect(titlename).to.be.eql('Conduit');\n});",
              "err": {},
              "uuid": "a7652284-c0bf-45b2-b947-9d132d7a7231",
              "parentUUID": "e1e831b0-a80d-460b-b6e2-34626a696895",
              "isHook": false,
              "skipped": false
            },
            {
              "title": "Page title using cypress command",
              "fullTitle": "doc command Page title using cypress command",
              "timedOut": null,
              "duration": 4187,
              "state": "failed",
              "speed": null,
              "pass": false,
              "fail": true,
              "pending": false,
              "context": "\"assets/TC_03_DocumentCommand.spec.js/doc command -- Page title using cypress command (failed).png\"",
              "code": "cy.title().should(text => {\n  expect(text).to.be.eql('Conduitt');\n});",
              "err": {
                "message": "AssertionError: Timed out retrying after 4000ms: expected 'Conduit' to deeply equal 'Conduitt'",
                "estack": "AssertionError: Timed out retrying after 4000ms: expected 'Conduit' to deeply equal 'Conduitt'\n    ./cypress/integration/demo-test/TC_03_DocumentCommand.spec.js/</</<@http://react-redux.realworld.io/__cypress/tests?p=cypress/integration/demo-test/TC_03_DocumentCommand.spec.js:112:26\n    shouldFnWithCallback/<@http://react-redux.realworld.io/__cypress/runner/cypress_runner.js:137263:17\n    tryCatcher@http://react-redux.realworld.io/__cypress/runner/cypress_runner.js:10798:23\n    ../../node_modules/bluebird/js/release/method.js/module.exports/Promise.try@http://react-redux.realworld.io/__cypress/runner/cypress_runner.js:8072:29\n    shouldFnWithCallback@http://react-redux.realworld.io/__cypress/runner/cypress_runner.js:137261:20\n    shouldFn@http://react-redux.realworld.io/__cypress/runner/cypress_runner.js:137273:35\n    should@http://react-redux.realworld.io/__cypress/runner/cypress_runner.js:137393:23\n    injectAssertion/<@http://react-redux.realworld.io/__cypress/runner/cypress_runner.js:133006:39\n    assertions@http://react-redux.realworld.io/__cypress/runner/cypress_runner.js:133258:14\n    tryCatcher@http://react-redux.realworld.io/__cypress/runner/cypress_runner.js:10798:23\n    gotValue@http://react-redux.realworld.io/__cypress/runner/cypress_runner.js:9942:18\n    gotAccum@http://react-redux.realworld.io/__cypress/runner/cypress_runner.js:9929:25\n    tryCatcher@http://react-redux.realworld.io/__cypress/runner/cypress_runner.js:10798:23\n    ../../node_modules/bluebird/js/release/promise.js/</module.exports/Promise.prototype._settlePromiseFromHandler@http://react-redux.realworld.io/__cypress/runner/cypress_runner.js:8733:31\n    ../../node_modules/bluebird/js/release/promise.js/</module.exports/Promise.prototype._settlePromise@http://react-redux.realworld.io/__cypress/runner/cypress_runner.js:8790:18\n    ../../node_modules/bluebird/js/release/promise.js/</module.exports/Promise.prototype._settlePromiseCtx@http://react-redux.realworld.io/__cypress/runner/cypress_runner.js:8827:10\n    _drainQueueStep@http://react-redux.realworld.io/__cypress/runner/cypress_runner.js:5509:12\n    _drainQueue@http://react-redux.realworld.io/__cypress/runner/cypress_runner.js:5498:24\n    ../../node_modules/bluebird/js/release/async.js/</Async.prototype._drainQueues@http://react-redux.realworld.io/__cypress/runner/cypress_runner.js:5514:16\n    Async/this.drainQueues@http://react-redux.realworld.io/__cypress/runner/cypress_runner.js:5384:14\n",
                "diff": "- 'Conduit'\n+ 'Conduitt'\n"
              },
              "uuid": "4d1fe391-6682-4e3e-98fd-53a92f7f1c76",
              "parentUUID": "e1e831b0-a80d-460b-b6e2-34626a696895",
              "isHook": false,
              "skipped": false
            },
            {
              "title": "Dimension using document command",
              "fullTitle": "doc command Dimension using document command",
              "timedOut": null,
              "duration": 63,
              "state": "passed",
              "speed": "medium",
              "pass": true,
              "fail": false,
              "pending": false,
              "context": null,
              "code": "cy.document().should(doc => {\n  const dc = Cypress.$(doc);\n  console.log(dc.height());\n  console.log(dc.width());\n});",
              "err": {},
              "uuid": "41aaf20f-3a7c-439d-abd5-ea86446c602d",
              "parentUUID": "e1e831b0-a80d-460b-b6e2-34626a696895",
              "isHook": false,
              "skipped": false
            },
            {
              "title": "Dimension using cypress command",
              "fullTitle": "doc command Dimension using cypress command",
              "timedOut": null,
              "duration": 62,
              "state": "passed",
              "speed": "medium",
              "pass": true,
              "fail": false,
              "pending": false,
              "context": null,
              "code": "cy.viewport('ipad-2', 'portrait');\ncy.viewport(500, 700);",
              "err": {},
              "uuid": "57648e72-7437-4ec3-8958-295ad3263956",
              "parentUUID": "e1e831b0-a80d-460b-b6e2-34626a696895",
              "isHook": false,
              "skipped": false
            },
            {
              "title": "Cookies setting using document command",
              "fullTitle": "doc command Cookies setting using document command",
              "timedOut": null,
              "duration": 38,
              "state": "passed",
              "speed": "medium",
              "pass": true,
              "fail": false,
              "pending": false,
              "context": null,
              "code": "cy.document().should(doc => {\n  doc.cookie = \"name=mandeep\";\n  console.log(doc.cookie);\n  doc.cookie = \"name=monika\";\n  console.log(doc.cookie);\n});",
              "err": {},
              "uuid": "43baf1df-5fcf-4382-bfd1-cb0d10a87ed7",
              "parentUUID": "e1e831b0-a80d-460b-b6e2-34626a696895",
              "isHook": false,
              "skipped": false
            },
            {
              "title": "Cookies setting using cypress command",
              "fullTitle": "doc command Cookies setting using cypress command",
              "timedOut": null,
              "duration": 87,
              "state": "passed",
              "speed": "slow",
              "pass": true,
              "fail": false,
              "pending": false,
              "context": null,
              "code": "cy.setCookie('name', 'mandeep');\ncy.getCookie('name');\ncy.getCookies();\ncy.clearCookie('name-');\ncy.clearCookies();",
              "err": {},
              "uuid": "03c667a4-7b09-4e5d-a8ce-8930fd3bd9c0",
              "parentUUID": "e1e831b0-a80d-460b-b6e2-34626a696895",
              "isHook": false,
              "skipped": false
            }
          ],
          "suites": [],
          "passes": [
            "a7652284-c0bf-45b2-b947-9d132d7a7231",
            "41aaf20f-3a7c-439d-abd5-ea86446c602d",
            "57648e72-7437-4ec3-8958-295ad3263956",
            "43baf1df-5fcf-4382-bfd1-cb0d10a87ed7",
            "03c667a4-7b09-4e5d-a8ce-8930fd3bd9c0"
          ],
          "failures": [
            "4d1fe391-6682-4e3e-98fd-53a92f7f1c76"
          ],
          "pending": [],
          "skipped": [],
          "duration": 6108,
          "root": false,
          "rootEmpty": false,
          "_timeout": 2000
        }
      ],
      "passes": [],
      "failures": [],
      "pending": [],
      "skipped": [],
      "duration": 0,
      "root": true,
      "rootEmpty": true,
      "_timeout": 2000
    }
  ],
  "meta": {
    "mocha": {
      "version": "7.0.1"
    },
    "mochawesome": {
      "options": {
        "quiet": false,
        "reportFilename": "mochawesome",
        "saveHtml": false,
        "saveJson": true,
        "consoleReporter": "spec",
        "useInlineDiffs": false,
        "code": true
      },
      "version": "7.1.3"
    },
    "marge": {
      "options": {
        "id": "default",
        "reportDir": "cypress/reports/mocha",
        "quite": true,
        "overwrite": false,
        "html": false,
        "json": true
      },
      "version": "6.2.0"
    }
  }
}