{
  "stats": {
    "suites": 1,
    "tests": 5,
    "passes": 0,
    "pending": 8,
    "failures": -3,
    "start": "2022-10-15T09:56:55.439Z",
    "end": "2022-10-15T09:57:00.837Z",
    "duration": 5398,
    "testsRegistered": 12,
    "passPercent": 0,
    "pendingPercent": 66.66666666666666,
    "other": 7,
    "hasOther": true,
    "skipped": 0,
    "hasSkipped": false
  },
  "results": [
    {
      "uuid": "59deb3ba-ab9b-4da2-9521-d3d928fb112e",
      "title": "",
      "fullFile": "cypress/integration/demo-test/TC_04_ShadowDom.spec.js",
      "file": "cypress/integration/demo-test/TC_04_ShadowDom.spec.js",
      "beforeHooks": [],
      "afterHooks": [],
      "tests": [],
      "suites": [
        {
          "uuid": "a6cd19d1-fb1c-4a91-bcfe-e9d479d87368",
          "title": "Shadow dom",
          "fullFile": "",
          "file": "",
          "beforeHooks": [],
          "afterHooks": [],
          "tests": [
            {
              "title": "Using Cypress Shadow method",
              "fullTitle": "Shadow dom Using Cypress Shadow method",
              "timedOut": null,
              "duration": 0,
              "state": "pending",
              "speed": null,
              "pass": false,
              "fail": false,
              "pending": true,
              "context": null,
              "code": "",
              "err": {},
              "uuid": "c5ba4eac-c067-4559-a825-e33d71cfcf00",
              "parentUUID": "a6cd19d1-fb1c-4a91-bcfe-e9d479d87368",
              "isHook": false,
              "skipped": false
            },
            {
              "title": "Using JQuery",
              "fullTitle": "Shadow dom Using JQuery",
              "timedOut": null,
              "duration": 0,
              "state": "pending",
              "speed": null,
              "pass": false,
              "fail": false,
              "pending": true,
              "context": null,
              "code": "",
              "err": {},
              "uuid": "2405728e-3e89-44be-9b9d-0476656d13a0",
              "parentUUID": "a6cd19d1-fb1c-4a91-bcfe-e9d479d87368",
              "isHook": false,
              "skipped": false
            },
            {
              "title": "Using Config includeShadowDom",
              "fullTitle": "Shadow dom Using Config includeShadowDom",
              "timedOut": null,
              "duration": 0,
              "state": "pending",
              "speed": null,
              "pass": false,
              "fail": false,
              "pending": true,
              "context": null,
              "code": "",
              "err": {},
              "uuid": "db9a9b16-c907-43dd-bc1c-c2e0796b00e3",
              "parentUUID": "a6cd19d1-fb1c-4a91-bcfe-e9d479d87368",
              "isHook": false,
              "skipped": false
            },
            {
              "title": "Assert H2 text within Light DOM",
              "fullTitle": "Shadow dom Assert H2 text within Light DOM",
              "timedOut": null,
              "duration": 1134,
              "state": "failed",
              "speed": null,
              "pass": false,
              "fail": true,
              "pending": false,
              "context": "\"assets/TC_04_ShadowDom.spec.js/Shadow dom -- Assert H2 text within Light DOM (failed).png\"",
              "code": "cy.visit('http://127.0.0.1:5500/HelpFolder/shadowdom.html');\ncy.get('h2').should('have.text', 'I belong to Regular/Light Dom');",
              "err": {
                "message": "CypressError: `cy.visit()` failed trying to load:\n\nhttp://127.0.0.1:5500/HelpFolder/shadowdom.html\n\nWe attempted to make an http request to this URL but the request failed without a response.\n\nWe received this error at the network level:\n\n  > Error: connect ECONNREFUSED 127.0.0.1:5500\n\nCommon situations why this would fail:\n  - you don't have internet access\n  - you forgot to run / boot your web server\n  - your web server isn't accessible\n  - you have weird network configuration settings on your computer",
                "estack": "CypressError: `cy.visit()` failed trying to load:\n\nhttp://127.0.0.1:5500/HelpFolder/shadowdom.html\n\nWe attempted to make an http request to this URL but the request failed without a response.\n\nWe received this error at the network level:\n\n  > Error: connect ECONNREFUSED 127.0.0.1:5500\n\nCommon situations why this would fail:\n  - you don't have internet access\n  - you forgot to run / boot your web server\n  - your web server isn't accessible\n  - you have weird network configuration settings on your computer\n    at http://localhost:34533/__cypress/runner/cypress_runner.js:140524:23\n    at visitFailedByErr (http://localhost:34533/__cypress/runner/cypress_runner.js:139883:12)\n    at http://localhost:34533/__cypress/runner/cypress_runner.js:140523:11\n    at tryCatcher (http://localhost:34533/__cypress/runner/cypress_runner.js:10798:23)\n    at Promise._settlePromiseFromHandler (http://localhost:34533/__cypress/runner/cypress_runner.js:8733:31)\n    at Promise._settlePromise (http://localhost:34533/__cypress/runner/cypress_runner.js:8790:18)\n    at Promise._settlePromise0 (http://localhost:34533/__cypress/runner/cypress_runner.js:8835:10)\n    at Promise._settlePromises (http://localhost:34533/__cypress/runner/cypress_runner.js:8911:18)\n    at _drainQueueStep (http://localhost:34533/__cypress/runner/cypress_runner.js:5505:12)\n    at _drainQueue (http://localhost:34533/__cypress/runner/cypress_runner.js:5498:9)\n    at Async.../../node_modules/bluebird/js/release/async.js.Async._drainQueues (http://localhost:34533/__cypress/runner/cypress_runner.js:5514:5)\n    at Async.drainQueues (http://localhost:34533/__cypress/runner/cypress_runner.js:5384:14)\nFrom Your Spec Code:\n    at Context.eval (http://localhost:34533/__cypress/tests?p=cypress/integration/demo-test/TC_04_ShadowDom.spec.js:125:8)\n\nFrom Node.js Internals:\n  Error: connect ECONNREFUSED 127.0.0.1:5500\n      at TCPConnectWrap.afterConnect [as oncomplete] (net.js:1146:16)\n  ",
                "diff": null
              },
              "uuid": "0625219e-9655-4fea-afff-14ac3ed81837",
              "parentUUID": "a6cd19d1-fb1c-4a91-bcfe-e9d479d87368",
              "isHook": false,
              "skipped": false
            },
            {
              "title": "Type to Textbox within Light DOM",
              "fullTitle": "Shadow dom Type to Textbox within Light DOM",
              "timedOut": null,
              "duration": 1267,
              "state": "failed",
              "speed": null,
              "pass": false,
              "fail": true,
              "pending": false,
              "context": "\"assets/TC_04_ShadowDom.spec.js/Shadow dom -- Type to Textbox within Light DOM (failed).png\"",
              "code": "cy.visit('http://127.0.0.1:5500/HelpFolder/shadowdom.html');\ncy.get('input#channelname').type('QA BOX LET\\'S TEST').should('have.value', 'QA BOX LET\\'S TEST');",
              "err": {
                "message": "CypressError: `cy.visit()` failed trying to load:\n\nhttp://127.0.0.1:5500/HelpFolder/shadowdom.html\n\nWe attempted to make an http request to this URL but the request failed without a response.\n\nWe received this error at the network level:\n\n  > Error: connect ECONNREFUSED 127.0.0.1:5500\n\nCommon situations why this would fail:\n  - you don't have internet access\n  - you forgot to run / boot your web server\n  - your web server isn't accessible\n  - you have weird network configuration settings on your computer",
                "estack": "CypressError: `cy.visit()` failed trying to load:\n\nhttp://127.0.0.1:5500/HelpFolder/shadowdom.html\n\nWe attempted to make an http request to this URL but the request failed without a response.\n\nWe received this error at the network level:\n\n  > Error: connect ECONNREFUSED 127.0.0.1:5500\n\nCommon situations why this would fail:\n  - you don't have internet access\n  - you forgot to run / boot your web server\n  - your web server isn't accessible\n  - you have weird network configuration settings on your computer\n    at http://localhost:34533/__cypress/runner/cypress_runner.js:140524:23\n    at visitFailedByErr (http://localhost:34533/__cypress/runner/cypress_runner.js:139883:12)\n    at http://localhost:34533/__cypress/runner/cypress_runner.js:140523:11\n    at tryCatcher (http://localhost:34533/__cypress/runner/cypress_runner.js:10798:23)\n    at Promise._settlePromiseFromHandler (http://localhost:34533/__cypress/runner/cypress_runner.js:8733:31)\n    at Promise._settlePromise (http://localhost:34533/__cypress/runner/cypress_runner.js:8790:18)\n    at Promise._settlePromise0 (http://localhost:34533/__cypress/runner/cypress_runner.js:8835:10)\n    at Promise._settlePromises (http://localhost:34533/__cypress/runner/cypress_runner.js:8911:18)\n    at _drainQueueStep (http://localhost:34533/__cypress/runner/cypress_runner.js:5505:12)\n    at _drainQueue (http://localhost:34533/__cypress/runner/cypress_runner.js:5498:9)\n    at Async.../../node_modules/bluebird/js/release/async.js.Async._drainQueues (http://localhost:34533/__cypress/runner/cypress_runner.js:5514:5)\n    at Async.drainQueues (http://localhost:34533/__cypress/runner/cypress_runner.js:5384:14)\nFrom Your Spec Code:\n    at Context.eval (http://localhost:34533/__cypress/tests?p=cypress/integration/demo-test/TC_04_ShadowDom.spec.js:129:8)\n\nFrom Node.js Internals:\n  Error: connect ECONNREFUSED 127.0.0.1:5500\n      at TCPConnectWrap.afterConnect [as oncomplete] (net.js:1146:16)\n  ",
                "diff": null
              },
              "uuid": "707d3131-0e4b-4048-b013-8d71dc0315e2",
              "parentUUID": "a6cd19d1-fb1c-4a91-bcfe-e9d479d87368",
              "isHook": false,
              "skipped": false
            },
            {
              "title": "Assert H2 text within Shadow DOM",
              "fullTitle": "Shadow dom Assert H2 text within Shadow DOM",
              "timedOut": null,
              "duration": 1073,
              "state": "failed",
              "speed": null,
              "pass": false,
              "fail": true,
              "pending": false,
              "context": "\"assets/TC_04_ShadowDom.spec.js/Shadow dom -- Assert H2 text within Shadow DOM (failed).png\"",
              "code": "cy.visit('http://127.0.0.1:5500/HelpFolder/shadowdom.html');\ncy.contains('Add Shadow DOM').click();\ncy.get('div#shadowHost').shadow().find('h2').should('have.text', 'I belong to Shadow DOM');",
              "err": {
                "message": "CypressError: `cy.visit()` failed trying to load:\n\nhttp://127.0.0.1:5500/HelpFolder/shadowdom.html\n\nWe attempted to make an http request to this URL but the request failed without a response.\n\nWe received this error at the network level:\n\n  > Error: connect ECONNREFUSED 127.0.0.1:5500\n\nCommon situations why this would fail:\n  - you don't have internet access\n  - you forgot to run / boot your web server\n  - your web server isn't accessible\n  - you have weird network configuration settings on your computer",
                "estack": "CypressError: `cy.visit()` failed trying to load:\n\nhttp://127.0.0.1:5500/HelpFolder/shadowdom.html\n\nWe attempted to make an http request to this URL but the request failed without a response.\n\nWe received this error at the network level:\n\n  > Error: connect ECONNREFUSED 127.0.0.1:5500\n\nCommon situations why this would fail:\n  - you don't have internet access\n  - you forgot to run / boot your web server\n  - your web server isn't accessible\n  - you have weird network configuration settings on your computer\n    at http://localhost:34533/__cypress/runner/cypress_runner.js:140524:23\n    at visitFailedByErr (http://localhost:34533/__cypress/runner/cypress_runner.js:139883:12)\n    at http://localhost:34533/__cypress/runner/cypress_runner.js:140523:11\n    at tryCatcher (http://localhost:34533/__cypress/runner/cypress_runner.js:10798:23)\n    at Promise._settlePromiseFromHandler (http://localhost:34533/__cypress/runner/cypress_runner.js:8733:31)\n    at Promise._settlePromise (http://localhost:34533/__cypress/runner/cypress_runner.js:8790:18)\n    at Promise._settlePromise0 (http://localhost:34533/__cypress/runner/cypress_runner.js:8835:10)\n    at Promise._settlePromises (http://localhost:34533/__cypress/runner/cypress_runner.js:8911:18)\n    at _drainQueueStep (http://localhost:34533/__cypress/runner/cypress_runner.js:5505:12)\n    at _drainQueue (http://localhost:34533/__cypress/runner/cypress_runner.js:5498:9)\n    at Async.../../node_modules/bluebird/js/release/async.js.Async._drainQueues (http://localhost:34533/__cypress/runner/cypress_runner.js:5514:5)\n    at Async.drainQueues (http://localhost:34533/__cypress/runner/cypress_runner.js:5384:14)\nFrom Your Spec Code:\n    at Context.eval (http://localhost:34533/__cypress/tests?p=cypress/integration/demo-test/TC_04_ShadowDom.spec.js:133:8)\n\nFrom Node.js Internals:\n  Error: connect ECONNREFUSED 127.0.0.1:5500\n      at TCPConnectWrap.afterConnect [as oncomplete] (net.js:1146:16)\n  ",
                "diff": null
              },
              "uuid": "7d782c0d-fcc0-48e3-b8c3-9d29462be118",
              "parentUUID": "a6cd19d1-fb1c-4a91-bcfe-e9d479d87368",
              "isHook": false,
              "skipped": false
            },
            {
              "title": "Type to Textbox within Shadow DOM",
              "fullTitle": "Shadow dom Type to Textbox within Shadow DOM",
              "timedOut": null,
              "duration": 1122,
              "state": "failed",
              "speed": null,
              "pass": false,
              "fail": true,
              "pending": false,
              "context": "\"assets/TC_04_ShadowDom.spec.js/Shadow dom -- Type to Textbox within Shadow DOM (failed).png\"",
              "code": "cy.visit('http://127.0.0.1:5500/HelpFolder/shadowdom.html');\ncy.get('button').click(); // cy.get('input#name')\n//     .type('QA BOX LET\\'S TEST')\n//     .should('have.value', 'QA BOX LET\\'S TEST')\ncy.get('div#shadowHost').shadow().find('input#name').type('QA BOX LET\\'S TEST').should('have.value', 'QA BOX LET\\'S TEST');",
              "err": {
                "message": "CypressError: `cy.visit()` failed trying to load:\n\nhttp://127.0.0.1:5500/HelpFolder/shadowdom.html\n\nWe attempted to make an http request to this URL but the request failed without a response.\n\nWe received this error at the network level:\n\n  > Error: connect ECONNREFUSED 127.0.0.1:5500\n\nCommon situations why this would fail:\n  - you don't have internet access\n  - you forgot to run / boot your web server\n  - your web server isn't accessible\n  - you have weird network configuration settings on your computer",
                "estack": "CypressError: `cy.visit()` failed trying to load:\n\nhttp://127.0.0.1:5500/HelpFolder/shadowdom.html\n\nWe attempted to make an http request to this URL but the request failed without a response.\n\nWe received this error at the network level:\n\n  > Error: connect ECONNREFUSED 127.0.0.1:5500\n\nCommon situations why this would fail:\n  - you don't have internet access\n  - you forgot to run / boot your web server\n  - your web server isn't accessible\n  - you have weird network configuration settings on your computer\n    at http://localhost:34533/__cypress/runner/cypress_runner.js:140524:23\n    at visitFailedByErr (http://localhost:34533/__cypress/runner/cypress_runner.js:139883:12)\n    at http://localhost:34533/__cypress/runner/cypress_runner.js:140523:11\n    at tryCatcher (http://localhost:34533/__cypress/runner/cypress_runner.js:10798:23)\n    at Promise._settlePromiseFromHandler (http://localhost:34533/__cypress/runner/cypress_runner.js:8733:31)\n    at Promise._settlePromise (http://localhost:34533/__cypress/runner/cypress_runner.js:8790:18)\n    at Promise._settlePromise0 (http://localhost:34533/__cypress/runner/cypress_runner.js:8835:10)\n    at Promise._settlePromises (http://localhost:34533/__cypress/runner/cypress_runner.js:8911:18)\n    at _drainQueueStep (http://localhost:34533/__cypress/runner/cypress_runner.js:5505:12)\n    at _drainQueue (http://localhost:34533/__cypress/runner/cypress_runner.js:5498:9)\n    at Async.../../node_modules/bluebird/js/release/async.js.Async._drainQueues (http://localhost:34533/__cypress/runner/cypress_runner.js:5514:5)\n    at Async.drainQueues (http://localhost:34533/__cypress/runner/cypress_runner.js:5384:14)\nFrom Your Spec Code:\n    at Context.eval (http://localhost:34533/__cypress/tests?p=cypress/integration/demo-test/TC_04_ShadowDom.spec.js:138:8)\n\nFrom Node.js Internals:\n  Error: connect ECONNREFUSED 127.0.0.1:5500\n      at TCPConnectWrap.afterConnect [as oncomplete] (net.js:1146:16)\n  ",
                "diff": null
              },
              "uuid": "a65edab7-8b6d-48d9-b43d-3837ed29591e",
              "parentUUID": "a6cd19d1-fb1c-4a91-bcfe-e9d479d87368",
              "isHook": false,
              "skipped": false
            },
            {
              "title": "External Website",
              "fullTitle": "Shadow dom External Website",
              "timedOut": null,
              "duration": 0,
              "state": "pending",
              "speed": null,
              "pass": false,
              "fail": false,
              "pending": true,
              "context": null,
              "code": "",
              "err": {},
              "uuid": "976695b2-8155-46fa-81cc-af883ae84e26",
              "parentUUID": "a6cd19d1-fb1c-4a91-bcfe-e9d479d87368",
              "isHook": false,
              "skipped": false
            },
            {
              "title": "Using jQuery",
              "fullTitle": "Shadow dom Using jQuery",
              "timedOut": null,
              "duration": 0,
              "state": "pending",
              "speed": null,
              "pass": false,
              "fail": false,
              "pending": true,
              "context": null,
              "code": "",
              "err": {},
              "uuid": "cd490e90-a3cc-4935-b563-2d593d872ef8",
              "parentUUID": "a6cd19d1-fb1c-4a91-bcfe-e9d479d87368",
              "isHook": false,
              "skipped": false
            },
            {
              "title": "Config includeShadowDom - equal to True",
              "fullTitle": "Shadow dom Config includeShadowDom - equal to True",
              "timedOut": null,
              "duration": 0,
              "state": "pending",
              "speed": null,
              "pass": false,
              "fail": false,
              "pending": true,
              "context": null,
              "code": "",
              "err": {},
              "uuid": "d4066bd1-0478-405e-a3d9-66a56a1ab9cd",
              "parentUUID": "a6cd19d1-fb1c-4a91-bcfe-e9d479d87368",
              "isHook": false,
              "skipped": false
            },
            {
              "title": "Config includeShadowDom equal to True as option",
              "fullTitle": "Shadow dom Config includeShadowDom equal to True as option",
              "timedOut": null,
              "duration": 0,
              "state": "pending",
              "speed": null,
              "pass": false,
              "fail": false,
              "pending": true,
              "context": null,
              "code": "",
              "err": {},
              "uuid": "3b566f54-0839-4f59-8669-c797abd43141",
              "parentUUID": "a6cd19d1-fb1c-4a91-bcfe-e9d479d87368",
              "isHook": false,
              "skipped": false
            },
            {
              "title": "External Website - Config includeShadowDom\tequal to True",
              "fullTitle": "Shadow dom External Website - Config includeShadowDom\tequal to True",
              "timedOut": null,
              "duration": 0,
              "state": "pending",
              "speed": null,
              "pass": false,
              "fail": false,
              "pending": true,
              "context": null,
              "code": "",
              "err": {},
              "uuid": "6b6372ca-d6d0-4f8a-8fdb-47bd8f34081a",
              "parentUUID": "a6cd19d1-fb1c-4a91-bcfe-e9d479d87368",
              "isHook": false,
              "skipped": false
            }
          ],
          "suites": [],
          "passes": [],
          "failures": [
            "0625219e-9655-4fea-afff-14ac3ed81837",
            "707d3131-0e4b-4048-b013-8d71dc0315e2",
            "7d782c0d-fcc0-48e3-b8c3-9d29462be118",
            "a65edab7-8b6d-48d9-b43d-3837ed29591e"
          ],
          "pending": [
            "c5ba4eac-c067-4559-a825-e33d71cfcf00",
            "2405728e-3e89-44be-9b9d-0476656d13a0",
            "db9a9b16-c907-43dd-bc1c-c2e0796b00e3",
            "976695b2-8155-46fa-81cc-af883ae84e26",
            "cd490e90-a3cc-4935-b563-2d593d872ef8",
            "d4066bd1-0478-405e-a3d9-66a56a1ab9cd",
            "3b566f54-0839-4f59-8669-c797abd43141",
            "6b6372ca-d6d0-4f8a-8fdb-47bd8f34081a"
          ],
          "skipped": [],
          "duration": 4596,
          "root": false,
          "rootEmpty": false,
          "_timeout": 2000
        }
      ],
      "passes": [],
      "failures": [],
      "pending": [],
      "skipped": [],
      "duration": 0,
      "root": true,
      "rootEmpty": true,
      "_timeout": 2000
    }
  ],
  "meta": {
    "mocha": {
      "version": "7.0.1"
    },
    "mochawesome": {
      "options": {
        "quiet": false,
        "reportFilename": "mochawesome",
        "saveHtml": false,
        "saveJson": true,
        "consoleReporter": "spec",
        "useInlineDiffs": false,
        "code": true
      },
      "version": "7.1.3"
    },
    "marge": {
      "options": {
        "id": "default",
        "reportDir": "cypress/reports/mocha",
        "quite": true,
        "overwrite": false,
        "html": false,
        "json": true
      },
      "version": "6.2.0"
    }
  }
}