{
  "stats": {
    "suites": 1,
    "tests": 3,
    "passes": 1,
    "pending": 0,
    "failures": 2,
    "start": "2022-10-15T09:57:16.178Z",
    "end": "2022-10-15T09:57:50.432Z",
    "duration": 34254,
    "testsRegistered": 3,
    "passPercent": 33.33333333333333,
    "pendingPercent": 0,
    "other": 0,
    "hasOther": false,
    "skipped": 0,
    "hasSkipped": false
  },
  "results": [
    {
      "uuid": "b9cfa75d-3f0a-439f-9012-e919121d5bb0",
      "title": "",
      "fullFile": "cypress/integration/demo-test/TC_05_IframeTest.spec.js",
      "file": "cypress/integration/demo-test/TC_05_IframeTest.spec.js",
      "beforeHooks": [],
      "afterHooks": [],
      "tests": [],
      "suites": [
        {
          "uuid": "13ffb893-ec08-4f8b-8b73-2df027bc62fd",
          "title": "iframe methods",
          "fullFile": "",
          "file": "",
          "beforeHooks": [],
          "afterHooks": [],
          "tests": [
            {
              "title": "Type into element inside a frame",
              "fullTitle": "iframe methods Type into element inside a frame",
              "timedOut": null,
              "duration": 1210,
              "state": "failed",
              "speed": null,
              "pass": false,
              "fail": true,
              "pending": false,
              "context": "\"assets/TC_05_IframeTest.spec.js/iframe methods -- Type into element inside a frame (failed).png\"",
              "code": "cy.visit('http://127.0.0.1:5500/HelpFolder/iframePage.html');\ncy.get('input[name=\"Channel Name\"]').clear().type('NDTV');",
              "err": {
                "message": "CypressError: `cy.visit()` failed trying to load:\n\nhttp://127.0.0.1:5500/HelpFolder/iframePage.html\n\nWe attempted to make an http request to this URL but the request failed without a response.\n\nWe received this error at the network level:\n\n  > Error: connect ECONNREFUSED 127.0.0.1:5500\n\nCommon situations why this would fail:\n  - you don't have internet access\n  - you forgot to run / boot your web server\n  - your web server isn't accessible\n  - you have weird network configuration settings on your computer",
                "estack": "CypressError: `cy.visit()` failed trying to load:\n\nhttp://127.0.0.1:5500/HelpFolder/iframePage.html\n\nWe attempted to make an http request to this URL but the request failed without a response.\n\nWe received this error at the network level:\n\n  > Error: connect ECONNREFUSED 127.0.0.1:5500\n\nCommon situations why this would fail:\n  - you don't have internet access\n  - you forgot to run / boot your web server\n  - your web server isn't accessible\n  - you have weird network configuration settings on your computer\n    at http://localhost:34533/__cypress/runner/cypress_runner.js:140524:23\n    at visitFailedByErr (http://localhost:34533/__cypress/runner/cypress_runner.js:139883:12)\n    at http://localhost:34533/__cypress/runner/cypress_runner.js:140523:11\n    at tryCatcher (http://localhost:34533/__cypress/runner/cypress_runner.js:10798:23)\n    at Promise._settlePromiseFromHandler (http://localhost:34533/__cypress/runner/cypress_runner.js:8733:31)\n    at Promise._settlePromise (http://localhost:34533/__cypress/runner/cypress_runner.js:8790:18)\n    at Promise._settlePromise0 (http://localhost:34533/__cypress/runner/cypress_runner.js:8835:10)\n    at Promise._settlePromises (http://localhost:34533/__cypress/runner/cypress_runner.js:8911:18)\n    at _drainQueueStep (http://localhost:34533/__cypress/runner/cypress_runner.js:5505:12)\n    at _drainQueue (http://localhost:34533/__cypress/runner/cypress_runner.js:5498:9)\n    at Async.../../node_modules/bluebird/js/release/async.js.Async._drainQueues (http://localhost:34533/__cypress/runner/cypress_runner.js:5514:5)\n    at Async.drainQueues (http://localhost:34533/__cypress/runner/cypress_runner.js:5384:14)\nFrom Your Spec Code:\n    at Context.eval (http://localhost:34533/__cypress/tests?p=cypress/integration/demo-test/TC_05_IframeTest.spec.js:101:8)\n\nFrom Node.js Internals:\n  Error: connect ECONNREFUSED 127.0.0.1:5500\n      at TCPConnectWrap.afterConnect [as oncomplete] (net.js:1146:16)\n  ",
                "diff": null
              },
              "uuid": "6f524ed9-b4c0-4c3a-9cf6-19a0ad48fd56",
              "parentUUID": "13ffb893-ec08-4f8b-8b73-2df027bc62fd",
              "isHook": false,
              "skipped": false
            },
            {
              "title": "iframe- Java script way",
              "fullTitle": "iframe methods iframe- Java script way",
              "timedOut": null,
              "duration": 5358,
              "state": "failed",
              "speed": null,
              "pass": false,
              "fail": true,
              "pending": false,
              "context": "\"assets/TC_05_IframeTest.spec.js/iframe methods -- iframe- Java script way (failed).png\"",
              "code": "cy.visit('https://the-internet.herokuapp.com/iframe');\ncy.get('iframe#mce_0_ifr').within(frm => {\n  const [iframedom] = frm.get();\n  iframedom.contentDocument.body.getElementsByTagName('p')[0].textContent = 'Mandeep Sheoran';\n});",
              "err": {
                "message": "TypeError: Cannot set property 'textContent' of undefined",
                "estack": "TypeError: Cannot set property 'textContent' of undefined\n    at Context.eval (https://the-internet.herokuapp.com/__cypress/tests?p=cypress/integration/demo-test/TC_05_IframeTest.spec.js:108:79)",
                "diff": null
              },
              "uuid": "51b97f1d-d8b4-4a1a-a490-d788ebbc6e4b",
              "parentUUID": "13ffb893-ec08-4f8b-8b73-2df027bc62fd",
              "isHook": false,
              "skipped": false
            },
            {
              "title": "iframe- JQuery way",
              "fullTitle": "iframe methods iframe- JQuery way",
              "timedOut": null,
              "duration": 2153,
              "state": "passed",
              "speed": "slow",
              "pass": true,
              "fail": false,
              "pending": false,
              "context": null,
              "code": "cy.visit('https://the-internet.herokuapp.com/iframe');\ncy.get('iframe#mce_0_ifr').within($frm => {\n  const ifram = $frm.contents().find('body#tinymce');\n  cy.wrap(ifram).clear().type('Mandeep Sheoran');\n});",
              "err": {},
              "uuid": "82312a00-bbf0-4f5b-afab-a01e4cbdf1a9",
              "parentUUID": "13ffb893-ec08-4f8b-8b73-2df027bc62fd",
              "isHook": false,
              "skipped": false
            }
          ],
          "suites": [],
          "passes": [
            "82312a00-bbf0-4f5b-afab-a01e4cbdf1a9"
          ],
          "failures": [
            "6f524ed9-b4c0-4c3a-9cf6-19a0ad48fd56",
            "51b97f1d-d8b4-4a1a-a490-d788ebbc6e4b"
          ],
          "pending": [],
          "skipped": [],
          "duration": 8721,
          "root": false,
          "rootEmpty": false,
          "_timeout": 2000
        }
      ],
      "passes": [],
      "failures": [],
      "pending": [],
      "skipped": [],
      "duration": 0,
      "root": true,
      "rootEmpty": true,
      "_timeout": 2000
    }
  ],
  "meta": {
    "mocha": {
      "version": "7.0.1"
    },
    "mochawesome": {
      "options": {
        "quiet": false,
        "reportFilename": "mochawesome",
        "saveHtml": false,
        "saveJson": true,
        "consoleReporter": "spec",
        "useInlineDiffs": false,
        "code": true
      },
      "version": "7.1.3"
    },
    "marge": {
      "options": {
        "id": "default",
        "reportDir": "cypress/reports/mocha",
        "quite": true,
        "overwrite": false,
        "html": false,
        "json": true
      },
      "version": "6.2.0"
    }
  }
}