{
  "stats": {
    "suites": 1,
    "tests": 2,
    "passes": 2,
    "pending": 0,
    "failures": 0,
    "start": "2022-10-15T09:55:28.569Z",
    "end": "2022-10-15T09:55:29.311Z",
    "duration": 742,
    "testsRegistered": 2,
    "passPercent": 100,
    "pendingPercent": 0,
    "other": 0,
    "hasOther": false,
    "skipped": 0,
    "hasSkipped": false
  },
  "results": [
    {
      "uuid": "23f2b413-050b-4573-a4ac-f788a1179f24",
      "title": "",
      "fullFile": "cypress/integration/demo-test/TC_01_ReadWriteFile.spec.js",
      "file": "cypress/integration/demo-test/TC_01_ReadWriteFile.spec.js",
      "beforeHooks": [],
      "afterHooks": [],
      "tests": [],
      "suites": [
        {
          "uuid": "4281620a-8875-4e2d-9593-b90b37d534e7",
          "title": "Read Write File",
          "fullFile": "",
          "file": "",
          "beforeHooks": [],
          "afterHooks": [],
          "tests": [
            {
              "title": "Write file",
              "fullTitle": "Read Write File Write file",
              "timedOut": null,
              "duration": 575,
              "state": "passed",
              "speed": "slow",
              "pass": true,
              "fail": false,
              "pending": false,
              "context": null,
              "code": "cy.writeFile('samplefile.txt', \"Mandeep Sheoran\");\ncy.writeFile('samplefile.txt', \"Kaju Sheoran\", {\n  flag: \"a+\"\n});",
              "err": {},
              "uuid": "89f0d7f0-b39d-4fdd-945e-427d5ed48f65",
              "parentUUID": "4281620a-8875-4e2d-9593-b90b37d534e7",
              "isHook": false,
              "skipped": false
            },
            {
              "title": "Read file",
              "fullTitle": "Read Write File Read file",
              "timedOut": null,
              "duration": 107,
              "state": "passed",
              "speed": "slow",
              "pass": true,
              "fail": false,
              "pending": false,
              "context": null,
              "code": "cy.readFile('samplefile.txt').should('include', 'Mandeep SheoranKaju Sheoran');",
              "err": {},
              "uuid": "6819d24a-e1d8-4191-bc69-22abcffaaf1c",
              "parentUUID": "4281620a-8875-4e2d-9593-b90b37d534e7",
              "isHook": false,
              "skipped": false
            }
          ],
          "suites": [],
          "passes": [
            "89f0d7f0-b39d-4fdd-945e-427d5ed48f65",
            "6819d24a-e1d8-4191-bc69-22abcffaaf1c"
          ],
          "failures": [],
          "pending": [],
          "skipped": [],
          "duration": 682,
          "root": false,
          "rootEmpty": false,
          "_timeout": 2000
        }
      ],
      "passes": [],
      "failures": [],
      "pending": [],
      "skipped": [],
      "duration": 0,
      "root": true,
      "rootEmpty": true,
      "_timeout": 2000
    }
  ],
  "meta": {
    "mocha": {
      "version": "7.0.1"
    },
    "mochawesome": {
      "options": {
        "quiet": false,
        "reportFilename": "mochawesome",
        "saveHtml": false,
        "saveJson": true,
        "consoleReporter": "spec",
        "useInlineDiffs": false,
        "code": true
      },
      "version": "7.1.3"
    },
    "marge": {
      "options": {
        "id": "default",
        "reportDir": "cypress/reports/mocha",
        "quite": true,
        "overwrite": false,
        "html": false,
        "json": true
      },
      "version": "6.2.0"
    }
  }
}