{
  "stats": {
    "suites": 1,
    "tests": 3,
    "passes": 2,
    "pending": 0,
    "failures": 1,
    "start": "2022-10-15T10:04:28.826Z",
    "end": "2022-10-15T10:04:37.692Z",
    "duration": 8866,
    "testsRegistered": 3,
    "passPercent": 66.66666666666666,
    "pendingPercent": 0,
    "other": 0,
    "hasOther": false,
    "skipped": 0,
    "hasSkipped": false
  },
  "results": [
    {
      "uuid": "7acbeafe-f5c4-489b-a894-b09d0d2eaed5",
      "title": "",
      "fullFile": "cypress/integration/demo-test/TC_05_IframeTest.spec.js",
      "file": "cypress/integration/demo-test/TC_05_IframeTest.spec.js",
      "beforeHooks": [],
      "afterHooks": [],
      "tests": [],
      "suites": [
        {
          "uuid": "b73c6ca2-9225-40d1-91d9-cc288ff5112a",
          "title": "iframe methods",
          "fullFile": "",
          "file": "",
          "beforeHooks": [],
          "afterHooks": [],
          "tests": [
            {
              "title": "Type into element inside a frame",
              "fullTitle": "iframe methods Type into element inside a frame",
              "timedOut": null,
              "duration": 789,
              "state": "failed",
              "speed": null,
              "pass": false,
              "fail": true,
              "pending": false,
              "context": "\"assets/TC_05_IframeTest.spec.js/iframe methods -- Type into element inside a frame (failed).png\"",
              "code": "cy.visit('http://127.0.0.1:5500/HelpFolder/iframePage.html');\ncy.get('input[name=\"Channel Name\"]').clear().type('NDTV');",
              "err": {
                "message": "CypressError: `cy.visit()` failed trying to load:\n\nhttp://127.0.0.1:5500/HelpFolder/iframePage.html\n\nWe attempted to make an http request to this URL but the request failed without a response.\n\nWe received this error at the network level:\n\n  > Error: connect ECONNREFUSED 127.0.0.1:5500\n\nCommon situations why this would fail:\n  - you don't have internet access\n  - you forgot to run / boot your web server\n  - your web server isn't accessible\n  - you have weird network configuration settings on your computer",
                "estack": "CypressError: `cy.visit()` failed trying to load:\n\nhttp://127.0.0.1:5500/HelpFolder/iframePage.html\n\nWe attempted to make an http request to this URL but the request failed without a response.\n\nWe received this error at the network level:\n\n  > Error: connect ECONNREFUSED 127.0.0.1:5500\n\nCommon situations why this would fail:\n  - you don't have internet access\n  - you forgot to run / boot your web server\n  - your web server isn't accessible\n  - you have weird network configuration settings on your computer\ngo/</<@http://localhost:46861/__cypress/runner/cypress_runner.js:140524:23\nvisitFailedByErr@http://localhost:46861/__cypress/runner/cypress_runner.js:139883:12\ngo/<@http://localhost:46861/__cypress/runner/cypress_runner.js:140523:27\ntryCatcher@http://localhost:46861/__cypress/runner/cypress_runner.js:10798:23\n../../node_modules/bluebird/js/release/promise.js/</module.exports/Promise.prototype._settlePromiseFromHandler@http://localhost:46861/__cypress/runner/cypress_runner.js:8733:31\n../../node_modules/bluebird/js/release/promise.js/</module.exports/Promise.prototype._settlePromise@http://localhost:46861/__cypress/runner/cypress_runner.js:8790:18\n../../node_modules/bluebird/js/release/promise.js/</module.exports/Promise.prototype._settlePromise0@http://localhost:46861/__cypress/runner/cypress_runner.js:8835:10\n../../node_modules/bluebird/js/release/promise.js/</module.exports/Promise.prototype._settlePromises@http://localhost:46861/__cypress/runner/cypress_runner.js:8911:18\n_drainQueueStep@http://localhost:46861/__cypress/runner/cypress_runner.js:5505:12\n_drainQueue@http://localhost:46861/__cypress/runner/cypress_runner.js:5498:24\n../../node_modules/bluebird/js/release/async.js/</Async.prototype._drainQueues@http://localhost:46861/__cypress/runner/cypress_runner.js:5514:16\nAsync/this.drainQueues@http://localhost:46861/__cypress/runner/cypress_runner.js:5384:14\nFrom Your Spec Code:\n    ./cypress/integration/demo-test/TC_05_IframeTest.spec.js/</<@http://localhost:46861/__cypress/tests?p=cypress/integration/demo-test/TC_05_IframeTest.spec.js:101:8\n    setRunnable/runnable.fn@http://localhost:46861/__cypress/runner/cypress_runner.js:153638:45\n    callFn@http://localhost:46861/__cypress/runner/cypress_runner.js:109370:21\n    ../driver/node_modules/mocha/lib/runnable.js/</Runnable.prototype.run@http://localhost:46861/__cypress/runner/cypress_runner.js:109357:13\n    onRunnableRun/<@http://localhost:46861/__cypress/runner/cypress_runner.js:159643:28\n    finallyHandler@http://localhost:46861/__cypress/runner/cypress_runner.js:7352:23\n    tryCatcher@http://localhost:46861/__cypress/runner/cypress_runner.js:10798:23\n    ../../node_modules/bluebird/js/release/promise.js/</module.exports/Promise.prototype._settlePromiseFromHandler@http://localhost:46861/__cypress/runner/cypress_runner.js:8733:31\n    ../../node_modules/bluebird/js/release/promise.js/</module.exports/Promise.prototype._settlePromise@http://localhost:46861/__cypress/runner/cypress_runner.js:8790:18\n    ../../node_modules/bluebird/js/release/promise.js/</module.exports/Promise.prototype._settlePromise0@http://localhost:46861/__cypress/runner/cypress_runner.js:8835:10\n    ../../node_modules/bluebird/js/release/promise.js/</module.exports/Promise.prototype._settlePromises@http://localhost:46861/__cypress/runner/cypress_runner.js:8915:18\n    _drainQueueStep@http://localhost:46861/__cypress/runner/cypress_runner.js:5505:12\n    _drainQueue@http://localhost:46861/__cypress/runner/cypress_runner.js:5498:24\n    ../../node_modules/bluebird/js/release/async.js/</Async.prototype._drainQueues@http://localhost:46861/__cypress/runner/cypress_runner.js:5514:16\n    Async/this.drainQueues@http://localhost:46861/__cypress/runner/cypress_runner.js:5384:14\n\n\nFrom Node.js Internals:\n  Error: connect ECONNREFUSED 127.0.0.1:5500\n      at TCPConnectWrap.afterConnect [as oncomplete] (net.js:1146:16)\n  ",
                "diff": null
              },
              "uuid": "3c4c5bca-9e1a-4bf8-a058-06a2758ec8a9",
              "parentUUID": "b73c6ca2-9225-40d1-91d9-cc288ff5112a",
              "isHook": false,
              "skipped": false
            },
            {
              "title": "iframe- Java script way",
              "fullTitle": "iframe methods iframe- Java script way",
              "timedOut": null,
              "duration": 3236,
              "state": "passed",
              "speed": "slow",
              "pass": true,
              "fail": false,
              "pending": false,
              "context": null,
              "code": "cy.visit('https://the-internet.herokuapp.com/iframe');\ncy.get('iframe#mce_0_ifr').within(frm => {\n  const [iframedom] = frm.get();\n  iframedom.contentDocument.body.getElementsByTagName('p')[0].textContent = 'Mandeep Sheoran';\n});",
              "err": {},
              "uuid": "369a0fbb-727f-491a-9a6a-9269fae7bb8c",
              "parentUUID": "b73c6ca2-9225-40d1-91d9-cc288ff5112a",
              "isHook": false,
              "skipped": false
            },
            {
              "title": "iframe- JQuery way",
              "fullTitle": "iframe methods iframe- JQuery way",
              "timedOut": null,
              "duration": 1645,
              "state": "passed",
              "speed": "slow",
              "pass": true,
              "fail": false,
              "pending": false,
              "context": null,
              "code": "cy.visit('https://the-internet.herokuapp.com/iframe');\ncy.get('iframe#mce_0_ifr').within($frm => {\n  const ifram = $frm.contents().find('body#tinymce');\n  cy.wrap(ifram).clear().type('Mandeep Sheoran');\n});",
              "err": {},
              "uuid": "083ab527-caf9-47a6-a21e-c47ee48fb503",
              "parentUUID": "b73c6ca2-9225-40d1-91d9-cc288ff5112a",
              "isHook": false,
              "skipped": false
            }
          ],
          "suites": [],
          "passes": [
            "369a0fbb-727f-491a-9a6a-9269fae7bb8c",
            "083ab527-caf9-47a6-a21e-c47ee48fb503"
          ],
          "failures": [
            "3c4c5bca-9e1a-4bf8-a058-06a2758ec8a9"
          ],
          "pending": [],
          "skipped": [],
          "duration": 5670,
          "root": false,
          "rootEmpty": false,
          "_timeout": 2000
        }
      ],
      "passes": [],
      "failures": [],
      "pending": [],
      "skipped": [],
      "duration": 0,
      "root": true,
      "rootEmpty": true,
      "_timeout": 2000
    }
  ],
  "meta": {
    "mocha": {
      "version": "7.0.1"
    },
    "mochawesome": {
      "options": {
        "quiet": false,
        "reportFilename": "mochawesome",
        "saveHtml": false,
        "saveJson": true,
        "consoleReporter": "spec",
        "useInlineDiffs": false,
        "code": true
      },
      "version": "7.1.3"
    },
    "marge": {
      "options": {
        "id": "default",
        "reportDir": "cypress/reports/mocha",
        "quite": true,
        "overwrite": false,
        "html": false,
        "json": true
      },
      "version": "6.2.0"
    }
  }
}