{
  "stats": {
    "suites": 1,
    "tests": 1,
    "passes": 0,
    "pending": 0,
    "failures": 1,
    "start": "2022-10-15T10:06:36.528Z",
    "end": "2022-10-15T10:06:37.453Z",
    "duration": 925,
    "testsRegistered": 5,
    "passPercent": 0,
    "pendingPercent": 0,
    "other": 0,
    "hasOther": false,
    "skipped": 4,
    "hasSkipped": true
  },
  "results": [
    {
      "uuid": "7582342a-172b-40c3-9f81-1bd4798c9415",
      "title": "",
      "fullFile": "cypress/integration/demo-test/TC_17_NetworkIntercept.spec.js",
      "file": "cypress/integration/demo-test/TC_17_NetworkIntercept.spec.js",
      "beforeHooks": [],
      "afterHooks": [],
      "tests": [],
      "suites": [
        {
          "uuid": "8d91c613-af63-4e8b-9fda-75752f1e56b2",
          "title": "Network intercept",
          "fullFile": "",
          "file": "",
          "beforeHooks": [],
          "afterHooks": [],
          "tests": [
            {
              "title": "Spy- GET Using old server & route method in XHR request",
              "fullTitle": "Network intercept Spy- GET Using old server & route method in XHR request",
              "timedOut": null,
              "duration": 679,
              "state": "failed",
              "speed": null,
              "pass": false,
              "fail": true,
              "pending": false,
              "context": "\"assets/TC_17_NetworkIntercept.spec.js/Network intercept -- Spy- GET Using old server & route method in XHR request (failed).png\"",
              "code": "cy.server();\ncy.route('/users?*').as('useralias');\ncy.get('#loadThreeUsersXHR').click();\ncy.wait('@useralias').its('status').should('be.eq', 200);\ncy.get('#xhrusers > tbody>tr').should('have.length', 3);",
              "err": {
                "message": "CypressError: `cy.visit()` failed trying to load:\n\nhttp://127.0.0.1:5500/HelpFolder/intercept.html\n\nWe attempted to make an http request to this URL but the request failed without a response.\n\nWe received this error at the network level:\n\n  > Error: connect ECONNREFUSED 127.0.0.1:5500\n\nCommon situations why this would fail:\n  - you don't have internet access\n  - you forgot to run / boot your web server\n  - your web server isn't accessible\n  - you have weird network configuration settings on your computer\n\nBecause this error occurred during a `before each` hook we are skipping the remaining tests in the current suite: `Network intercept`",
                "estack": "CypressError: `cy.visit()` failed trying to load:\n\nhttp://127.0.0.1:5500/HelpFolder/intercept.html\n\nWe attempted to make an http request to this URL but the request failed without a response.\n\nWe received this error at the network level:\n\n  > Error: connect ECONNREFUSED 127.0.0.1:5500\n\nCommon situations why this would fail:\n  - you don't have internet access\n  - you forgot to run / boot your web server\n  - your web server isn't accessible\n  - you have weird network configuration settings on your computer\n\nBecause this error occurred during a `before each` hook we are skipping the remaining tests in the current suite: `Network intercept`\ngo/</<@http://localhost:46861/__cypress/runner/cypress_runner.js:140524:23\nvisitFailedByErr@http://localhost:46861/__cypress/runner/cypress_runner.js:139883:12\ngo/<@http://localhost:46861/__cypress/runner/cypress_runner.js:140523:27\ntryCatcher@http://localhost:46861/__cypress/runner/cypress_runner.js:10798:23\n../../node_modules/bluebird/js/release/promise.js/</module.exports/Promise.prototype._settlePromiseFromHandler@http://localhost:46861/__cypress/runner/cypress_runner.js:8733:31\n../../node_modules/bluebird/js/release/promise.js/</module.exports/Promise.prototype._settlePromise@http://localhost:46861/__cypress/runner/cypress_runner.js:8790:18\n../../node_modules/bluebird/js/release/promise.js/</module.exports/Promise.prototype._settlePromise0@http://localhost:46861/__cypress/runner/cypress_runner.js:8835:10\n../../node_modules/bluebird/js/release/promise.js/</module.exports/Promise.prototype._settlePromises@http://localhost:46861/__cypress/runner/cypress_runner.js:8911:18\n_drainQueueStep@http://localhost:46861/__cypress/runner/cypress_runner.js:5505:12\n_drainQueue@http://localhost:46861/__cypress/runner/cypress_runner.js:5498:24\n../../node_modules/bluebird/js/release/async.js/</Async.prototype._drainQueues@http://localhost:46861/__cypress/runner/cypress_runner.js:5514:16\nAsync/this.drainQueues@http://localhost:46861/__cypress/runner/cypress_runner.js:5384:14\nFrom Your Spec Code:\n    ./cypress/integration/demo-test/TC_17_NetworkIntercept.spec.js/</<@http://localhost:46861/__cypress/tests?p=cypress/integration/demo-test/TC_17_NetworkIntercept.spec.js:101:8\n    setRunnable/runnable.fn@http://localhost:46861/__cypress/runner/cypress_runner.js:153638:45\n    callFn@http://localhost:46861/__cypress/runner/cypress_runner.js:109370:21\n    ../driver/node_modules/mocha/lib/runnable.js/</Runnable.prototype.run@http://localhost:46861/__cypress/runner/cypress_runner.js:109357:13\n    onRunnableRun/<@http://localhost:46861/__cypress/runner/cypress_runner.js:159643:28\n    finallyHandler@http://localhost:46861/__cypress/runner/cypress_runner.js:7352:23\n    tryCatcher@http://localhost:46861/__cypress/runner/cypress_runner.js:10798:23\n    ../../node_modules/bluebird/js/release/promise.js/</module.exports/Promise.prototype._settlePromiseFromHandler@http://localhost:46861/__cypress/runner/cypress_runner.js:8733:31\n    ../../node_modules/bluebird/js/release/promise.js/</module.exports/Promise.prototype._settlePromise@http://localhost:46861/__cypress/runner/cypress_runner.js:8790:18\n    ../../node_modules/bluebird/js/release/promise.js/</module.exports/Promise.prototype._settlePromise0@http://localhost:46861/__cypress/runner/cypress_runner.js:8835:10\n    ../../node_modules/bluebird/js/release/promise.js/</module.exports/Promise.prototype._settlePromises@http://localhost:46861/__cypress/runner/cypress_runner.js:8915:18\n    _drainQueueStep@http://localhost:46861/__cypress/runner/cypress_runner.js:5505:12\n    _drainQueue@http://localhost:46861/__cypress/runner/cypress_runner.js:5498:24\n    ../../node_modules/bluebird/js/release/async.js/</Async.prototype._drainQueues@http://localhost:46861/__cypress/runner/cypress_runner.js:5514:16\n    Async/this.drainQueues@http://localhost:46861/__cypress/runner/cypress_runner.js:5384:14\n\n\nFrom Node.js Internals:\n  Error: connect ECONNREFUSED 127.0.0.1:5500\n      at TCPConnectWrap.afterConnect [as oncomplete] (net.js:1146:16)\n  ",
                "diff": null
              },
              "uuid": "b9043ca5-cf2c-4355-aaf2-be6bfb49fd51",
              "parentUUID": "8d91c613-af63-4e8b-9fda-75752f1e56b2",
              "isHook": false,
              "skipped": false
            },
            {
              "title": "Spy- POST Using old server & route method in XHR request",
              "fullTitle": "Network intercept Spy- POST Using old server & route method in XHR request",
              "timedOut": null,
              "duration": 0,
              "state": "skipped",
              "speed": null,
              "pass": false,
              "fail": false,
              "pending": false,
              "context": null,
              "code": "cy.server();\ncy.route('POST', '/users').as('useralias');\ncy.get('#xhrname').type('Mandeep Sheoran');\ncy.get('#xhremail').type('Mandeep@gmail.com');\ncy.get('#xhrbtn').click();\ncy.wait('@useralias').then(xhrreq => {\n  expect(xhrreq.status).to.eq(201);\n  expect(xhrreq.response.body.name).to.eq('Mandeep Sheoran');\n});\ncy.get('#xhrspan').should('have.text', 'Successful : 11 - Mandeep Sheoran - Mandeep@gmail.com');",
              "err": {},
              "uuid": "e6dc2e17-0289-4fd4-808d-736a91eab5e0",
              "parentUUID": "8d91c613-af63-4e8b-9fda-75752f1e56b2",
              "isHook": false,
              "skipped": true
            },
            {
              "title": "Stub- GET Using old server & route method in XHR request",
              "fullTitle": "Network intercept Stub- GET Using old server & route method in XHR request",
              "timedOut": null,
              "duration": 0,
              "state": "skipped",
              "speed": null,
              "pass": false,
              "fail": false,
              "pending": false,
              "context": null,
              "code": "cy.server();\ncy.route('/users?*', 'fixture:interceptstubdata.json').as('useralias');\ncy.get('#loadThreeUsersXHR').click();\ncy.wait('@useralias').its('status').should('be.eq', 200);\ncy.get('#xhrusers > tbody>tr').should('have.length', 1);",
              "err": {},
              "uuid": "e639e1e3-e026-4b6a-9894-2b3cbf5d0d6b",
              "parentUUID": "8d91c613-af63-4e8b-9fda-75752f1e56b2",
              "isHook": false,
              "skipped": true
            },
            {
              "title": "Spy- GET Using new Intercept method in Fetch API",
              "fullTitle": "Network intercept Spy- GET Using new Intercept method in Fetch API",
              "timedOut": null,
              "duration": 0,
              "state": "skipped",
              "speed": null,
              "pass": false,
              "fail": false,
              "pending": false,
              "context": null,
              "code": "cy.intercept({\n  pathname: \"/users\",\n  method: \"GET\",\n  query: {\n    _limit: \"3\"\n  }\n}).as(\"users\");\ncy.get(\"#loadThreeUsersFETCH\").click();\ncy.wait(\"@users\").its(\"response.body\").should(\"have.length\", 3);\ncy.get(\"#fetchusers > tbody >tr\").should(\"have.length\", 3);",
              "err": {},
              "uuid": "d7c166fe-b468-48ab-90a5-3118e220702a",
              "parentUUID": "8d91c613-af63-4e8b-9fda-75752f1e56b2",
              "isHook": false,
              "skipped": true
            },
            {
              "title": "Stub- GET Using new Intercept method in Fetch API",
              "fullTitle": "Network intercept Stub- GET Using new Intercept method in Fetch API",
              "timedOut": null,
              "duration": 0,
              "state": "skipped",
              "speed": null,
              "pass": false,
              "fail": false,
              "pending": false,
              "context": null,
              "code": "cy.intercept({\n  pathname: \"/users\",\n  method: \"GET\",\n  query: {\n    _limit: \"3\"\n  }\n}, {\n  fixture: \"interceptstubdata.json\"\n}).as(\"users\");\ncy.get(\"#loadThreeUsersFETCH\").click();\ncy.wait(\"@users\").its(\"response.body\").should('exist');\ncy.get(\"#fetchusers > tbody >tr\").should(\"have.length\", 1);",
              "err": {},
              "uuid": "c96003df-be14-4789-bd01-23557f6599df",
              "parentUUID": "8d91c613-af63-4e8b-9fda-75752f1e56b2",
              "isHook": false,
              "skipped": true
            }
          ],
          "suites": [],
          "passes": [],
          "failures": [
            "b9043ca5-cf2c-4355-aaf2-be6bfb49fd51"
          ],
          "pending": [],
          "skipped": [
            "e6dc2e17-0289-4fd4-808d-736a91eab5e0",
            "e639e1e3-e026-4b6a-9894-2b3cbf5d0d6b",
            "d7c166fe-b468-48ab-90a5-3118e220702a",
            "c96003df-be14-4789-bd01-23557f6599df"
          ],
          "duration": 679,
          "root": false,
          "rootEmpty": false,
          "_timeout": 2000
        }
      ],
      "passes": [],
      "failures": [],
      "pending": [],
      "skipped": [],
      "duration": 0,
      "root": true,
      "rootEmpty": true,
      "_timeout": 2000
    }
  ],
  "meta": {
    "mocha": {
      "version": "7.0.1"
    },
    "mochawesome": {
      "options": {
        "quiet": false,
        "reportFilename": "mochawesome",
        "saveHtml": false,
        "saveJson": true,
        "consoleReporter": "spec",
        "useInlineDiffs": false,
        "code": true
      },
      "version": "7.1.3"
    },
    "marge": {
      "options": {
        "id": "default",
        "reportDir": "cypress/reports/mocha",
        "quite": true,
        "overwrite": false,
        "html": false,
        "json": true
      },
      "version": "6.2.0"
    }
  }
}