{
  "stats": {
    "suites": 1,
    "tests": 6,
    "passes": 1,
    "pending": 0,
    "failures": 5,
    "start": "2022-10-15T09:58:23.110Z",
    "end": "2022-10-15T09:58:41.428Z",
    "duration": 18318,
    "testsRegistered": 6,
    "passPercent": 16.666666666666664,
    "pendingPercent": 0,
    "other": 0,
    "hasOther": false,
    "skipped": 0,
    "hasSkipped": false
  },
  "results": [
    {
      "uuid": "8cde59b8-d515-4c7f-a006-eae8096a071a",
      "title": "",
      "fullFile": "cypress/integration/demo-test/TC_08_FileUpload.spec.js",
      "file": "cypress/integration/demo-test/TC_08_FileUpload.spec.js",
      "beforeHooks": [],
      "afterHooks": [],
      "tests": [],
      "suites": [
        {
          "uuid": "20304e8c-aec8-409e-907c-58a16ceeff6d",
          "title": "File Upload",
          "fullFile": "",
          "file": "",
          "beforeHooks": [],
          "afterHooks": [],
          "tests": [
            {
              "title": "Browser & single file upload",
              "fullTitle": "File Upload Browser & single file upload",
              "timedOut": null,
              "duration": 1700,
              "state": "failed",
              "speed": null,
              "pass": false,
              "fail": true,
              "pending": false,
              "context": "\"assets/TC_08_FileUpload.spec.js/File Upload -- Browser & single file upload (failed).png\"",
              "code": "cy.visit('http://127.0.0.1:5500/HelpFolder/fileupload.html');\ncy.get(\"input#file-upload1\").attachFile(\"image1.jpg\");\ncy.get('span#fileName1').should('have.text', 'image1.jpg');",
              "err": {
                "message": "CypressError: `cy.visit()` failed trying to load:\n\nhttp://127.0.0.1:5500/HelpFolder/fileupload.html\n\nWe attempted to make an http request to this URL but the request failed without a response.\n\nWe received this error at the network level:\n\n  > Error: connect ECONNREFUSED 127.0.0.1:5500\n\nCommon situations why this would fail:\n  - you don't have internet access\n  - you forgot to run / boot your web server\n  - your web server isn't accessible\n  - you have weird network configuration settings on your computer",
                "estack": "CypressError: `cy.visit()` failed trying to load:\n\nhttp://127.0.0.1:5500/HelpFolder/fileupload.html\n\nWe attempted to make an http request to this URL but the request failed without a response.\n\nWe received this error at the network level:\n\n  > Error: connect ECONNREFUSED 127.0.0.1:5500\n\nCommon situations why this would fail:\n  - you don't have internet access\n  - you forgot to run / boot your web server\n  - your web server isn't accessible\n  - you have weird network configuration settings on your computer\n    at http://localhost:34533/__cypress/runner/cypress_runner.js:140524:23\n    at visitFailedByErr (http://localhost:34533/__cypress/runner/cypress_runner.js:139883:12)\n    at http://localhost:34533/__cypress/runner/cypress_runner.js:140523:11\n    at tryCatcher (http://localhost:34533/__cypress/runner/cypress_runner.js:10798:23)\n    at Promise._settlePromiseFromHandler (http://localhost:34533/__cypress/runner/cypress_runner.js:8733:31)\n    at Promise._settlePromise (http://localhost:34533/__cypress/runner/cypress_runner.js:8790:18)\n    at Promise._settlePromise0 (http://localhost:34533/__cypress/runner/cypress_runner.js:8835:10)\n    at Promise._settlePromises (http://localhost:34533/__cypress/runner/cypress_runner.js:8911:18)\n    at _drainQueueStep (http://localhost:34533/__cypress/runner/cypress_runner.js:5505:12)\n    at _drainQueue (http://localhost:34533/__cypress/runner/cypress_runner.js:5498:9)\n    at Async.../../node_modules/bluebird/js/release/async.js.Async._drainQueues (http://localhost:34533/__cypress/runner/cypress_runner.js:5514:5)\n    at Async.drainQueues (http://localhost:34533/__cypress/runner/cypress_runner.js:5384:14)\nFrom Your Spec Code:\n    at Context.eval (http://localhost:34533/__cypress/tests?p=cypress/integration/demo-test/TC_08_FileUpload.spec.js:101:8)\n\nFrom Node.js Internals:\n  Error: connect ECONNREFUSED 127.0.0.1:5500\n      at TCPConnectWrap.afterConnect [as oncomplete] (net.js:1146:16)\n  ",
                "diff": null
              },
              "uuid": "d058ea84-0361-4aa2-9d6b-e85047fdc81e",
              "parentUUID": "20304e8c-aec8-409e-907c-58a16ceeff6d",
              "isHook": false,
              "skipped": false
            },
            {
              "title": "Browser & single file upload-Overwrite attached file",
              "fullTitle": "File Upload Browser & single file upload-Overwrite attached file",
              "timedOut": null,
              "duration": 2293,
              "state": "failed",
              "speed": null,
              "pass": false,
              "fail": true,
              "pending": false,
              "context": "\"assets/TC_08_FileUpload.spec.js/File Upload -- Browser & single file upload-Overwrite attached file (failed).png\"",
              "code": "cy.visit('http://127.0.0.1:5500/HelpFolder/fileupload.html');\ncy.get(\"input#file-upload1\").attachFile({\n  filePath: \"image1.jpg\",\n  fileName: \"image2.jpg\"\n});\ncy.get('span#fileName1').should('have.text', 'image2.jpg');",
              "err": {
                "message": "CypressError: `cy.visit()` failed trying to load:\n\nhttp://127.0.0.1:5500/HelpFolder/fileupload.html\n\nWe attempted to make an http request to this URL but the request failed without a response.\n\nWe received this error at the network level:\n\n  > Error: connect ECONNREFUSED 127.0.0.1:5500\n\nCommon situations why this would fail:\n  - you don't have internet access\n  - you forgot to run / boot your web server\n  - your web server isn't accessible\n  - you have weird network configuration settings on your computer",
                "estack": "CypressError: `cy.visit()` failed trying to load:\n\nhttp://127.0.0.1:5500/HelpFolder/fileupload.html\n\nWe attempted to make an http request to this URL but the request failed without a response.\n\nWe received this error at the network level:\n\n  > Error: connect ECONNREFUSED 127.0.0.1:5500\n\nCommon situations why this would fail:\n  - you don't have internet access\n  - you forgot to run / boot your web server\n  - your web server isn't accessible\n  - you have weird network configuration settings on your computer\n    at http://localhost:34533/__cypress/runner/cypress_runner.js:140524:23\n    at visitFailedByErr (http://localhost:34533/__cypress/runner/cypress_runner.js:139883:12)\n    at http://localhost:34533/__cypress/runner/cypress_runner.js:140523:11\n    at tryCatcher (http://localhost:34533/__cypress/runner/cypress_runner.js:10798:23)\n    at Promise._settlePromiseFromHandler (http://localhost:34533/__cypress/runner/cypress_runner.js:8733:31)\n    at Promise._settlePromise (http://localhost:34533/__cypress/runner/cypress_runner.js:8790:18)\n    at Promise._settlePromise0 (http://localhost:34533/__cypress/runner/cypress_runner.js:8835:10)\n    at Promise._settlePromises (http://localhost:34533/__cypress/runner/cypress_runner.js:8911:18)\n    at _drainQueueStep (http://localhost:34533/__cypress/runner/cypress_runner.js:5505:12)\n    at _drainQueue (http://localhost:34533/__cypress/runner/cypress_runner.js:5498:9)\n    at Async.../../node_modules/bluebird/js/release/async.js.Async._drainQueues (http://localhost:34533/__cypress/runner/cypress_runner.js:5514:5)\n    at Async.drainQueues (http://localhost:34533/__cypress/runner/cypress_runner.js:5384:14)\nFrom Your Spec Code:\n    at Context.eval (http://localhost:34533/__cypress/tests?p=cypress/integration/demo-test/TC_08_FileUpload.spec.js:106:8)\n\nFrom Node.js Internals:\n  Error: connect ECONNREFUSED 127.0.0.1:5500\n      at TCPConnectWrap.afterConnect [as oncomplete] (net.js:1146:16)\n  ",
                "diff": null
              },
              "uuid": "bf7232aa-0238-428b-9551-a114c18ac913",
              "parentUUID": "20304e8c-aec8-409e-907c-58a16ceeff6d",
              "isHook": false,
              "skipped": false
            },
            {
              "title": "Shadom dom - Browser & single file upload",
              "fullTitle": "File Upload Shadom dom - Browser & single file upload",
              "timedOut": null,
              "duration": 1016,
              "state": "failed",
              "speed": null,
              "pass": false,
              "fail": true,
              "pending": false,
              "context": "\"assets/TC_08_FileUpload.spec.js/File Upload -- Shadom dom - Browser & single file upload (failed).png\"",
              "code": "cy.visit('http://127.0.0.1:5500/HelpFolder/fileupload.html');\ncy.get('button').click();\ncy.get(\"input#file-upload2\", {\n  includeShadowDom: true\n}).attachFile(\"image1.jpg\");\ncy.get('span#fileName2', {\n  includeShadowDom: true\n}).should('have.text', 'image1.jpg');",
              "err": {
                "message": "CypressError: `cy.visit()` failed trying to load:\n\nhttp://127.0.0.1:5500/HelpFolder/fileupload.html\n\nWe attempted to make an http request to this URL but the request failed without a response.\n\nWe received this error at the network level:\n\n  > Error: connect ECONNREFUSED 127.0.0.1:5500\n\nCommon situations why this would fail:\n  - you don't have internet access\n  - you forgot to run / boot your web server\n  - your web server isn't accessible\n  - you have weird network configuration settings on your computer",
                "estack": "CypressError: `cy.visit()` failed trying to load:\n\nhttp://127.0.0.1:5500/HelpFolder/fileupload.html\n\nWe attempted to make an http request to this URL but the request failed without a response.\n\nWe received this error at the network level:\n\n  > Error: connect ECONNREFUSED 127.0.0.1:5500\n\nCommon situations why this would fail:\n  - you don't have internet access\n  - you forgot to run / boot your web server\n  - your web server isn't accessible\n  - you have weird network configuration settings on your computer\n    at http://localhost:34533/__cypress/runner/cypress_runner.js:140524:23\n    at visitFailedByErr (http://localhost:34533/__cypress/runner/cypress_runner.js:139883:12)\n    at http://localhost:34533/__cypress/runner/cypress_runner.js:140523:11\n    at tryCatcher (http://localhost:34533/__cypress/runner/cypress_runner.js:10798:23)\n    at Promise._settlePromiseFromHandler (http://localhost:34533/__cypress/runner/cypress_runner.js:8733:31)\n    at Promise._settlePromise (http://localhost:34533/__cypress/runner/cypress_runner.js:8790:18)\n    at Promise._settlePromise0 (http://localhost:34533/__cypress/runner/cypress_runner.js:8835:10)\n    at Promise._settlePromises (http://localhost:34533/__cypress/runner/cypress_runner.js:8911:18)\n    at _drainQueueStep (http://localhost:34533/__cypress/runner/cypress_runner.js:5505:12)\n    at _drainQueue (http://localhost:34533/__cypress/runner/cypress_runner.js:5498:9)\n    at Async.../../node_modules/bluebird/js/release/async.js.Async._drainQueues (http://localhost:34533/__cypress/runner/cypress_runner.js:5514:5)\n    at Async.drainQueues (http://localhost:34533/__cypress/runner/cypress_runner.js:5384:14)\nFrom Your Spec Code:\n    at Context.eval (http://localhost:34533/__cypress/tests?p=cypress/integration/demo-test/TC_08_FileUpload.spec.js:114:8)\n\nFrom Node.js Internals:\n  Error: connect ECONNREFUSED 127.0.0.1:5500\n      at TCPConnectWrap.afterConnect [as oncomplete] (net.js:1146:16)\n  ",
                "diff": null
              },
              "uuid": "96e50a42-bc71-4909-bc9b-0f09487a899b",
              "parentUUID": "20304e8c-aec8-409e-907c-58a16ceeff6d",
              "isHook": false,
              "skipped": false
            },
            {
              "title": "File Upload - Drag Drop",
              "fullTitle": "File Upload File Upload - Drag Drop",
              "timedOut": null,
              "duration": 2579,
              "state": "passed",
              "speed": "slow",
              "pass": true,
              "fail": false,
              "pending": false,
              "context": null,
              "code": "cy.visit(\"https://css-tricks.com/examples/DragAndDropFileUploading/\"); // cy.get(\"#file\").attachFile(\"yey.jpg\");\ncy.get(\"#file\").attachFile(\"image1.jpg\", {\n  subjectType: \"drag-n-drop\"\n});\ncy.contains(\"Done!\").should(\"be.visible\");",
              "err": {},
              "uuid": "a52f9403-7ef8-446b-b7cb-d14908e6b300",
              "parentUUID": "20304e8c-aec8-409e-907c-58a16ceeff6d",
              "isHook": false,
              "skipped": false
            },
            {
              "title": "Multiple File Upload - Drag Drop",
              "fullTitle": "File Upload Multiple File Upload - Drag Drop",
              "timedOut": null,
              "duration": 1231,
              "state": "failed",
              "speed": null,
              "pass": false,
              "fail": true,
              "pending": false,
              "context": "\"assets/TC_08_FileUpload.spec.js/File Upload -- Multiple File Upload - Drag Drop (failed).png\"",
              "code": "cy.visit('http://127.0.0.1:5500/HelpFolder/fileupload.html');\ncy.get(\"input#file-upload2\").attachFile(\"image1.jpg\").attachFile(\"image2.jpg\").attachFile(\"image1.jpg\");",
              "err": {
                "message": "CypressError: `cy.visit()` failed trying to load:\n\nhttp://127.0.0.1:5500/HelpFolder/fileupload.html\n\nWe attempted to make an http request to this URL but the request failed without a response.\n\nWe received this error at the network level:\n\n  > Error: connect ECONNREFUSED 127.0.0.1:5500\n\nCommon situations why this would fail:\n  - you don't have internet access\n  - you forgot to run / boot your web server\n  - your web server isn't accessible\n  - you have weird network configuration settings on your computer",
                "estack": "CypressError: `cy.visit()` failed trying to load:\n\nhttp://127.0.0.1:5500/HelpFolder/fileupload.html\n\nWe attempted to make an http request to this URL but the request failed without a response.\n\nWe received this error at the network level:\n\n  > Error: connect ECONNREFUSED 127.0.0.1:5500\n\nCommon situations why this would fail:\n  - you don't have internet access\n  - you forgot to run / boot your web server\n  - your web server isn't accessible\n  - you have weird network configuration settings on your computer\n    at https://css-tricks.com/__cypress/runner/cypress_runner.js:140524:23\n    at visitFailedByErr (https://css-tricks.com/__cypress/runner/cypress_runner.js:139883:12)\n    at https://css-tricks.com/__cypress/runner/cypress_runner.js:140523:11\n    at tryCatcher (https://css-tricks.com/__cypress/runner/cypress_runner.js:10798:23)\n    at Promise._settlePromiseFromHandler (https://css-tricks.com/__cypress/runner/cypress_runner.js:8733:31)\n    at Promise._settlePromise (https://css-tricks.com/__cypress/runner/cypress_runner.js:8790:18)\n    at Promise._settlePromise0 (https://css-tricks.com/__cypress/runner/cypress_runner.js:8835:10)\n    at Promise._settlePromises (https://css-tricks.com/__cypress/runner/cypress_runner.js:8911:18)\n    at _drainQueueStep (https://css-tricks.com/__cypress/runner/cypress_runner.js:5505:12)\n    at _drainQueue (https://css-tricks.com/__cypress/runner/cypress_runner.js:5498:9)\n    at Async.../../node_modules/bluebird/js/release/async.js.Async._drainQueues (https://css-tricks.com/__cypress/runner/cypress_runner.js:5514:5)\n    at Async.drainQueues (https://css-tricks.com/__cypress/runner/cypress_runner.js:5384:14)\nFrom Your Spec Code:\n    at Context.eval (https://css-tricks.com/__cypress/tests?p=cypress/integration/demo-test/TC_08_FileUpload.spec.js:132:8)\n\nFrom Node.js Internals:\n  Error: connect ECONNREFUSED 127.0.0.1:5500\n      at TCPConnectWrap.afterConnect [as oncomplete] (net.js:1146:16)\n  ",
                "diff": null
              },
              "uuid": "8dac6e74-c2c0-494c-b787-3fbe7e6d767e",
              "parentUUID": "20304e8c-aec8-409e-907c-58a16ceeff6d",
              "isHook": false,
              "skipped": false
            },
            {
              "title": "Image File Upload - Drag Drop",
              "fullTitle": "File Upload Image File Upload - Drag Drop",
              "timedOut": null,
              "duration": 1197,
              "state": "failed",
              "speed": null,
              "pass": false,
              "fail": true,
              "pending": false,
              "context": "\"assets/TC_08_FileUpload.spec.js/File Upload -- Image File Upload - Drag Drop (failed).png\"",
              "code": "cy.visit('http://127.0.0.1:5500/HelpFolder/fileupload.html');\ncy.get(\"div#holder\").attachFile(\"image1.jpg\", {\n  subjectType: \"drag-n-drop\"\n});",
              "err": {
                "message": "CypressError: `cy.visit()` failed trying to load:\n\nhttp://127.0.0.1:5500/HelpFolder/fileupload.html\n\nWe attempted to make an http request to this URL but the request failed without a response.\n\nWe received this error at the network level:\n\n  > Error: connect ECONNREFUSED 127.0.0.1:5500\n\nCommon situations why this would fail:\n  - you don't have internet access\n  - you forgot to run / boot your web server\n  - your web server isn't accessible\n  - you have weird network configuration settings on your computer",
                "estack": "CypressError: `cy.visit()` failed trying to load:\n\nhttp://127.0.0.1:5500/HelpFolder/fileupload.html\n\nWe attempted to make an http request to this URL but the request failed without a response.\n\nWe received this error at the network level:\n\n  > Error: connect ECONNREFUSED 127.0.0.1:5500\n\nCommon situations why this would fail:\n  - you don't have internet access\n  - you forgot to run / boot your web server\n  - your web server isn't accessible\n  - you have weird network configuration settings on your computer\n    at https://css-tricks.com/__cypress/runner/cypress_runner.js:140524:23\n    at visitFailedByErr (https://css-tricks.com/__cypress/runner/cypress_runner.js:139883:12)\n    at https://css-tricks.com/__cypress/runner/cypress_runner.js:140523:11\n    at tryCatcher (https://css-tricks.com/__cypress/runner/cypress_runner.js:10798:23)\n    at Promise._settlePromiseFromHandler (https://css-tricks.com/__cypress/runner/cypress_runner.js:8733:31)\n    at Promise._settlePromise (https://css-tricks.com/__cypress/runner/cypress_runner.js:8790:18)\n    at Promise._settlePromise0 (https://css-tricks.com/__cypress/runner/cypress_runner.js:8835:10)\n    at Promise._settlePromises (https://css-tricks.com/__cypress/runner/cypress_runner.js:8911:18)\n    at _drainQueueStep (https://css-tricks.com/__cypress/runner/cypress_runner.js:5505:12)\n    at _drainQueue (https://css-tricks.com/__cypress/runner/cypress_runner.js:5498:9)\n    at Async.../../node_modules/bluebird/js/release/async.js.Async._drainQueues (https://css-tricks.com/__cypress/runner/cypress_runner.js:5514:5)\n    at Async.drainQueues (https://css-tricks.com/__cypress/runner/cypress_runner.js:5384:14)\nFrom Your Spec Code:\n    at Context.eval (https://css-tricks.com/__cypress/tests?p=cypress/integration/demo-test/TC_08_FileUpload.spec.js:136:8)\n\nFrom Node.js Internals:\n  Error: connect ECONNREFUSED 127.0.0.1:5500\n      at TCPConnectWrap.afterConnect [as oncomplete] (net.js:1146:16)\n  ",
                "diff": null
              },
              "uuid": "859e7dd5-1fbc-483b-84d0-c764cd6e26dc",
              "parentUUID": "20304e8c-aec8-409e-907c-58a16ceeff6d",
              "isHook": false,
              "skipped": false
            }
          ],
          "suites": [],
          "passes": [
            "a52f9403-7ef8-446b-b7cb-d14908e6b300"
          ],
          "failures": [
            "d058ea84-0361-4aa2-9d6b-e85047fdc81e",
            "bf7232aa-0238-428b-9551-a114c18ac913",
            "96e50a42-bc71-4909-bc9b-0f09487a899b",
            "8dac6e74-c2c0-494c-b787-3fbe7e6d767e",
            "859e7dd5-1fbc-483b-84d0-c764cd6e26dc"
          ],
          "pending": [],
          "skipped": [],
          "duration": 10016,
          "root": false,
          "rootEmpty": false,
          "_timeout": 2000
        }
      ],
      "passes": [],
      "failures": [],
      "pending": [],
      "skipped": [],
      "duration": 0,
      "root": true,
      "rootEmpty": true,
      "_timeout": 2000
    }
  ],
  "meta": {
    "mocha": {
      "version": "7.0.1"
    },
    "mochawesome": {
      "options": {
        "quiet": false,
        "reportFilename": "mochawesome",
        "saveHtml": false,
        "saveJson": true,
        "consoleReporter": "spec",
        "useInlineDiffs": false,
        "code": true
      },
      "version": "7.1.3"
    },
    "marge": {
      "options": {
        "id": "default",
        "reportDir": "cypress/reports/mocha",
        "quite": true,
        "overwrite": false,
        "html": false,
        "json": true
      },
      "version": "6.2.0"
    }
  }
}