{
  "stats": {
    "suites": 1,
    "tests": 2,
    "passes": 2,
    "pending": 0,
    "failures": 0,
    "start": "2022-10-15T09:55:29.656Z",
    "end": "2022-10-15T09:55:30.379Z",
    "duration": 723,
    "testsRegistered": 2,
    "passPercent": 100,
    "pendingPercent": 0,
    "other": 0,
    "hasOther": false,
    "skipped": 0,
    "hasSkipped": false
  },
  "results": [
    {
      "uuid": "11649c8a-0e73-444d-a6ca-3f46ec86ef15",
      "title": "",
      "fullFile": "cypress/integration/demo-test/TC_01_ReadWriteFile.spec.js",
      "file": "cypress/integration/demo-test/TC_01_ReadWriteFile.spec.js",
      "beforeHooks": [],
      "afterHooks": [],
      "tests": [],
      "suites": [
        {
          "uuid": "2c70a4a6-0245-4a13-8d54-92a185e59cb0",
          "title": "Read Write File",
          "fullFile": "",
          "file": "",
          "beforeHooks": [],
          "afterHooks": [],
          "tests": [
            {
              "title": "Write file",
              "fullTitle": "Read Write File Write file",
              "timedOut": null,
              "duration": 522,
              "state": "passed",
              "speed": "slow",
              "pass": true,
              "fail": false,
              "pending": false,
              "context": null,
              "code": "cy.writeFile('samplefile.txt', \"Mandeep Sheoran\");\ncy.writeFile('samplefile.txt', \"Kaju Sheoran\", {\n  flag: \"a+\"\n});",
              "err": {},
              "uuid": "aba21fa0-06aa-44a8-bf75-f2df3250a89d",
              "parentUUID": "2c70a4a6-0245-4a13-8d54-92a185e59cb0",
              "isHook": false,
              "skipped": false
            },
            {
              "title": "Read file",
              "fullTitle": "Read Write File Read file",
              "timedOut": null,
              "duration": 140,
              "state": "passed",
              "speed": "slow",
              "pass": true,
              "fail": false,
              "pending": false,
              "context": null,
              "code": "cy.readFile('samplefile.txt').should('include', 'Mandeep SheoranKaju Sheoran');",
              "err": {},
              "uuid": "2ba86e53-e0d9-4002-b19b-2236a147f1f2",
              "parentUUID": "2c70a4a6-0245-4a13-8d54-92a185e59cb0",
              "isHook": false,
              "skipped": false
            }
          ],
          "suites": [],
          "passes": [
            "aba21fa0-06aa-44a8-bf75-f2df3250a89d",
            "2ba86e53-e0d9-4002-b19b-2236a147f1f2"
          ],
          "failures": [],
          "pending": [],
          "skipped": [],
          "duration": 662,
          "root": false,
          "rootEmpty": false,
          "_timeout": 2000
        }
      ],
      "passes": [],
      "failures": [],
      "pending": [],
      "skipped": [],
      "duration": 0,
      "root": true,
      "rootEmpty": true,
      "_timeout": 2000
    }
  ],
  "meta": {
    "mocha": {
      "version": "7.0.1"
    },
    "mochawesome": {
      "options": {
        "quiet": false,
        "reportFilename": "mochawesome",
        "saveHtml": false,
        "saveJson": true,
        "consoleReporter": "spec",
        "useInlineDiffs": false,
        "code": true
      },
      "version": "7.1.3"
    },
    "marge": {
      "options": {
        "id": "default",
        "reportDir": "cypress/reports/mocha",
        "quite": true,
        "overwrite": false,
        "html": false,
        "json": true
      },
      "version": "6.2.0"
    }
  }
}