{
  "stats": {
    "suites": 1,
    "tests": 5,
    "passes": 0,
    "pending": 8,
    "failures": -3,
    "start": "2022-10-15T09:56:53.873Z",
    "end": "2022-10-15T09:56:59.533Z",
    "duration": 5660,
    "testsRegistered": 12,
    "passPercent": 0,
    "pendingPercent": 66.66666666666666,
    "other": 7,
    "hasOther": true,
    "skipped": 0,
    "hasSkipped": false
  },
  "results": [
    {
      "uuid": "a525fd7a-3d10-4181-b9de-3ac5a4951d1b",
      "title": "",
      "fullFile": "cypress/integration/demo-test/TC_04_ShadowDom.spec.js",
      "file": "cypress/integration/demo-test/TC_04_ShadowDom.spec.js",
      "beforeHooks": [],
      "afterHooks": [],
      "tests": [],
      "suites": [
        {
          "uuid": "a08f2563-3041-4307-afc3-a412f7cb8cc3",
          "title": "Shadow dom",
          "fullFile": "",
          "file": "",
          "beforeHooks": [],
          "afterHooks": [],
          "tests": [
            {
              "title": "Using Cypress Shadow method",
              "fullTitle": "Shadow dom Using Cypress Shadow method",
              "timedOut": null,
              "duration": 0,
              "state": "pending",
              "speed": null,
              "pass": false,
              "fail": false,
              "pending": true,
              "context": null,
              "code": "",
              "err": {},
              "uuid": "23d30c85-73e9-4dbe-867c-514a8b9c90bb",
              "parentUUID": "a08f2563-3041-4307-afc3-a412f7cb8cc3",
              "isHook": false,
              "skipped": false
            },
            {
              "title": "Using JQuery",
              "fullTitle": "Shadow dom Using JQuery",
              "timedOut": null,
              "duration": 0,
              "state": "pending",
              "speed": null,
              "pass": false,
              "fail": false,
              "pending": true,
              "context": null,
              "code": "",
              "err": {},
              "uuid": "2906f784-e253-45ca-aafd-9ecd72ecc023",
              "parentUUID": "a08f2563-3041-4307-afc3-a412f7cb8cc3",
              "isHook": false,
              "skipped": false
            },
            {
              "title": "Using Config includeShadowDom",
              "fullTitle": "Shadow dom Using Config includeShadowDom",
              "timedOut": null,
              "duration": 0,
              "state": "pending",
              "speed": null,
              "pass": false,
              "fail": false,
              "pending": true,
              "context": null,
              "code": "",
              "err": {},
              "uuid": "159f012d-2174-4c40-9273-c618b11df846",
              "parentUUID": "a08f2563-3041-4307-afc3-a412f7cb8cc3",
              "isHook": false,
              "skipped": false
            },
            {
              "title": "Assert H2 text within Light DOM",
              "fullTitle": "Shadow dom Assert H2 text within Light DOM",
              "timedOut": null,
              "duration": 1137,
              "state": "failed",
              "speed": null,
              "pass": false,
              "fail": true,
              "pending": false,
              "context": "\"assets/TC_04_ShadowDom.spec.js/Shadow dom -- Assert H2 text within Light DOM (failed).png\"",
              "code": "cy.visit('http://127.0.0.1:5500/HelpFolder/shadowdom.html');\ncy.get('h2').should('have.text', 'I belong to Regular/Light Dom');",
              "err": {
                "message": "CypressError: `cy.visit()` failed trying to load:\n\nhttp://127.0.0.1:5500/HelpFolder/shadowdom.html\n\nWe attempted to make an http request to this URL but the request failed without a response.\n\nWe received this error at the network level:\n\n  > Error: connect ECONNREFUSED 127.0.0.1:5500\n\nCommon situations why this would fail:\n  - you don't have internet access\n  - you forgot to run / boot your web server\n  - your web server isn't accessible\n  - you have weird network configuration settings on your computer",
                "estack": "CypressError: `cy.visit()` failed trying to load:\n\nhttp://127.0.0.1:5500/HelpFolder/shadowdom.html\n\nWe attempted to make an http request to this URL but the request failed without a response.\n\nWe received this error at the network level:\n\n  > Error: connect ECONNREFUSED 127.0.0.1:5500\n\nCommon situations why this would fail:\n  - you don't have internet access\n  - you forgot to run / boot your web server\n  - your web server isn't accessible\n  - you have weird network configuration settings on your computer\n    at http://localhost:34317/__cypress/runner/cypress_runner.js:140524:23\n    at visitFailedByErr (http://localhost:34317/__cypress/runner/cypress_runner.js:139883:12)\n    at http://localhost:34317/__cypress/runner/cypress_runner.js:140523:11\n    at tryCatcher (http://localhost:34317/__cypress/runner/cypress_runner.js:10798:23)\n    at Promise._settlePromiseFromHandler (http://localhost:34317/__cypress/runner/cypress_runner.js:8733:31)\n    at Promise._settlePromise (http://localhost:34317/__cypress/runner/cypress_runner.js:8790:18)\n    at Promise._settlePromise0 (http://localhost:34317/__cypress/runner/cypress_runner.js:8835:10)\n    at Promise._settlePromises (http://localhost:34317/__cypress/runner/cypress_runner.js:8911:18)\n    at _drainQueueStep (http://localhost:34317/__cypress/runner/cypress_runner.js:5505:12)\n    at _drainQueue (http://localhost:34317/__cypress/runner/cypress_runner.js:5498:9)\n    at Async.../../node_modules/bluebird/js/release/async.js.Async._drainQueues (http://localhost:34317/__cypress/runner/cypress_runner.js:5514:5)\n    at Async.drainQueues (http://localhost:34317/__cypress/runner/cypress_runner.js:5384:14)\nFrom Your Spec Code:\n    at Context.eval (http://localhost:34317/__cypress/tests?p=cypress/integration/demo-test/TC_04_ShadowDom.spec.js:125:8)\n\nFrom Node.js Internals:\n  Error: connect ECONNREFUSED 127.0.0.1:5500\n      at TCPConnectWrap.afterConnect [as oncomplete] (net.js:1146:16)\n  ",
                "diff": null
              },
              "uuid": "085c3227-a77a-4de2-ad2f-e783ec5ecc57",
              "parentUUID": "a08f2563-3041-4307-afc3-a412f7cb8cc3",
              "isHook": false,
              "skipped": false
            },
            {
              "title": "Type to Textbox within Light DOM",
              "fullTitle": "Shadow dom Type to Textbox within Light DOM",
              "timedOut": null,
              "duration": 1258,
              "state": "failed",
              "speed": null,
              "pass": false,
              "fail": true,
              "pending": false,
              "context": "\"assets/TC_04_ShadowDom.spec.js/Shadow dom -- Type to Textbox within Light DOM (failed).png\"",
              "code": "cy.visit('http://127.0.0.1:5500/HelpFolder/shadowdom.html');\ncy.get('input#channelname').type('QA BOX LET\\'S TEST').should('have.value', 'QA BOX LET\\'S TEST');",
              "err": {
                "message": "CypressError: `cy.visit()` failed trying to load:\n\nhttp://127.0.0.1:5500/HelpFolder/shadowdom.html\n\nWe attempted to make an http request to this URL but the request failed without a response.\n\nWe received this error at the network level:\n\n  > Error: connect ECONNREFUSED 127.0.0.1:5500\n\nCommon situations why this would fail:\n  - you don't have internet access\n  - you forgot to run / boot your web server\n  - your web server isn't accessible\n  - you have weird network configuration settings on your computer",
                "estack": "CypressError: `cy.visit()` failed trying to load:\n\nhttp://127.0.0.1:5500/HelpFolder/shadowdom.html\n\nWe attempted to make an http request to this URL but the request failed without a response.\n\nWe received this error at the network level:\n\n  > Error: connect ECONNREFUSED 127.0.0.1:5500\n\nCommon situations why this would fail:\n  - you don't have internet access\n  - you forgot to run / boot your web server\n  - your web server isn't accessible\n  - you have weird network configuration settings on your computer\n    at http://localhost:34317/__cypress/runner/cypress_runner.js:140524:23\n    at visitFailedByErr (http://localhost:34317/__cypress/runner/cypress_runner.js:139883:12)\n    at http://localhost:34317/__cypress/runner/cypress_runner.js:140523:11\n    at tryCatcher (http://localhost:34317/__cypress/runner/cypress_runner.js:10798:23)\n    at Promise._settlePromiseFromHandler (http://localhost:34317/__cypress/runner/cypress_runner.js:8733:31)\n    at Promise._settlePromise (http://localhost:34317/__cypress/runner/cypress_runner.js:8790:18)\n    at Promise._settlePromise0 (http://localhost:34317/__cypress/runner/cypress_runner.js:8835:10)\n    at Promise._settlePromises (http://localhost:34317/__cypress/runner/cypress_runner.js:8911:18)\n    at _drainQueueStep (http://localhost:34317/__cypress/runner/cypress_runner.js:5505:12)\n    at _drainQueue (http://localhost:34317/__cypress/runner/cypress_runner.js:5498:9)\n    at Async.../../node_modules/bluebird/js/release/async.js.Async._drainQueues (http://localhost:34317/__cypress/runner/cypress_runner.js:5514:5)\n    at Async.drainQueues (http://localhost:34317/__cypress/runner/cypress_runner.js:5384:14)\nFrom Your Spec Code:\n    at Context.eval (http://localhost:34317/__cypress/tests?p=cypress/integration/demo-test/TC_04_ShadowDom.spec.js:129:8)\n\nFrom Node.js Internals:\n  Error: connect ECONNREFUSED 127.0.0.1:5500\n      at TCPConnectWrap.afterConnect [as oncomplete] (net.js:1146:16)\n  ",
                "diff": null
              },
              "uuid": "e9ae45a4-ca83-4dee-aafe-998925ebb6b0",
              "parentUUID": "a08f2563-3041-4307-afc3-a412f7cb8cc3",
              "isHook": false,
              "skipped": false
            },
            {
              "title": "Assert H2 text within Shadow DOM",
              "fullTitle": "Shadow dom Assert H2 text within Shadow DOM",
              "timedOut": null,
              "duration": 1205,
              "state": "failed",
              "speed": null,
              "pass": false,
              "fail": true,
              "pending": false,
              "context": "\"assets/TC_04_ShadowDom.spec.js/Shadow dom -- Assert H2 text within Shadow DOM (failed).png\"",
              "code": "cy.visit('http://127.0.0.1:5500/HelpFolder/shadowdom.html');\ncy.contains('Add Shadow DOM').click();\ncy.get('div#shadowHost').shadow().find('h2').should('have.text', 'I belong to Shadow DOM');",
              "err": {
                "message": "CypressError: `cy.visit()` failed trying to load:\n\nhttp://127.0.0.1:5500/HelpFolder/shadowdom.html\n\nWe attempted to make an http request to this URL but the request failed without a response.\n\nWe received this error at the network level:\n\n  > Error: connect ECONNREFUSED 127.0.0.1:5500\n\nCommon situations why this would fail:\n  - you don't have internet access\n  - you forgot to run / boot your web server\n  - your web server isn't accessible\n  - you have weird network configuration settings on your computer",
                "estack": "CypressError: `cy.visit()` failed trying to load:\n\nhttp://127.0.0.1:5500/HelpFolder/shadowdom.html\n\nWe attempted to make an http request to this URL but the request failed without a response.\n\nWe received this error at the network level:\n\n  > Error: connect ECONNREFUSED 127.0.0.1:5500\n\nCommon situations why this would fail:\n  - you don't have internet access\n  - you forgot to run / boot your web server\n  - your web server isn't accessible\n  - you have weird network configuration settings on your computer\n    at http://localhost:34317/__cypress/runner/cypress_runner.js:140524:23\n    at visitFailedByErr (http://localhost:34317/__cypress/runner/cypress_runner.js:139883:12)\n    at http://localhost:34317/__cypress/runner/cypress_runner.js:140523:11\n    at tryCatcher (http://localhost:34317/__cypress/runner/cypress_runner.js:10798:23)\n    at Promise._settlePromiseFromHandler (http://localhost:34317/__cypress/runner/cypress_runner.js:8733:31)\n    at Promise._settlePromise (http://localhost:34317/__cypress/runner/cypress_runner.js:8790:18)\n    at Promise._settlePromise0 (http://localhost:34317/__cypress/runner/cypress_runner.js:8835:10)\n    at Promise._settlePromises (http://localhost:34317/__cypress/runner/cypress_runner.js:8911:18)\n    at _drainQueueStep (http://localhost:34317/__cypress/runner/cypress_runner.js:5505:12)\n    at _drainQueue (http://localhost:34317/__cypress/runner/cypress_runner.js:5498:9)\n    at Async.../../node_modules/bluebird/js/release/async.js.Async._drainQueues (http://localhost:34317/__cypress/runner/cypress_runner.js:5514:5)\n    at Async.drainQueues (http://localhost:34317/__cypress/runner/cypress_runner.js:5384:14)\nFrom Your Spec Code:\n    at Context.eval (http://localhost:34317/__cypress/tests?p=cypress/integration/demo-test/TC_04_ShadowDom.spec.js:133:8)\n\nFrom Node.js Internals:\n  Error: connect ECONNREFUSED 127.0.0.1:5500\n      at TCPConnectWrap.afterConnect [as oncomplete] (net.js:1146:16)\n  ",
                "diff": null
              },
              "uuid": "5cf4d7e0-ef2c-4f3b-b6ed-5f567f7f5458",
              "parentUUID": "a08f2563-3041-4307-afc3-a412f7cb8cc3",
              "isHook": false,
              "skipped": false
            },
            {
              "title": "Type to Textbox within Shadow DOM",
              "fullTitle": "Shadow dom Type to Textbox within Shadow DOM",
              "timedOut": null,
              "duration": 1154,
              "state": "failed",
              "speed": null,
              "pass": false,
              "fail": true,
              "pending": false,
              "context": "\"assets/TC_04_ShadowDom.spec.js/Shadow dom -- Type to Textbox within Shadow DOM (failed).png\"",
              "code": "cy.visit('http://127.0.0.1:5500/HelpFolder/shadowdom.html');\ncy.get('button').click(); // cy.get('input#name')\n//     .type('QA BOX LET\\'S TEST')\n//     .should('have.value', 'QA BOX LET\\'S TEST')\ncy.get('div#shadowHost').shadow().find('input#name').type('QA BOX LET\\'S TEST').should('have.value', 'QA BOX LET\\'S TEST');",
              "err": {
                "message": "CypressError: `cy.visit()` failed trying to load:\n\nhttp://127.0.0.1:5500/HelpFolder/shadowdom.html\n\nWe attempted to make an http request to this URL but the request failed without a response.\n\nWe received this error at the network level:\n\n  > Error: connect ECONNREFUSED 127.0.0.1:5500\n\nCommon situations why this would fail:\n  - you don't have internet access\n  - you forgot to run / boot your web server\n  - your web server isn't accessible\n  - you have weird network configuration settings on your computer",
                "estack": "CypressError: `cy.visit()` failed trying to load:\n\nhttp://127.0.0.1:5500/HelpFolder/shadowdom.html\n\nWe attempted to make an http request to this URL but the request failed without a response.\n\nWe received this error at the network level:\n\n  > Error: connect ECONNREFUSED 127.0.0.1:5500\n\nCommon situations why this would fail:\n  - you don't have internet access\n  - you forgot to run / boot your web server\n  - your web server isn't accessible\n  - you have weird network configuration settings on your computer\n    at http://localhost:34317/__cypress/runner/cypress_runner.js:140524:23\n    at visitFailedByErr (http://localhost:34317/__cypress/runner/cypress_runner.js:139883:12)\n    at http://localhost:34317/__cypress/runner/cypress_runner.js:140523:11\n    at tryCatcher (http://localhost:34317/__cypress/runner/cypress_runner.js:10798:23)\n    at Promise._settlePromiseFromHandler (http://localhost:34317/__cypress/runner/cypress_runner.js:8733:31)\n    at Promise._settlePromise (http://localhost:34317/__cypress/runner/cypress_runner.js:8790:18)\n    at Promise._settlePromise0 (http://localhost:34317/__cypress/runner/cypress_runner.js:8835:10)\n    at Promise._settlePromises (http://localhost:34317/__cypress/runner/cypress_runner.js:8911:18)\n    at _drainQueueStep (http://localhost:34317/__cypress/runner/cypress_runner.js:5505:12)\n    at _drainQueue (http://localhost:34317/__cypress/runner/cypress_runner.js:5498:9)\n    at Async.../../node_modules/bluebird/js/release/async.js.Async._drainQueues (http://localhost:34317/__cypress/runner/cypress_runner.js:5514:5)\n    at Async.drainQueues (http://localhost:34317/__cypress/runner/cypress_runner.js:5384:14)\nFrom Your Spec Code:\n    at Context.eval (http://localhost:34317/__cypress/tests?p=cypress/integration/demo-test/TC_04_ShadowDom.spec.js:138:8)\n\nFrom Node.js Internals:\n  Error: connect ECONNREFUSED 127.0.0.1:5500\n      at TCPConnectWrap.afterConnect [as oncomplete] (net.js:1146:16)\n  ",
                "diff": null
              },
              "uuid": "29b3a2ee-8b74-4f9f-9f53-f54f09051ab0",
              "parentUUID": "a08f2563-3041-4307-afc3-a412f7cb8cc3",
              "isHook": false,
              "skipped": false
            },
            {
              "title": "External Website",
              "fullTitle": "Shadow dom External Website",
              "timedOut": null,
              "duration": 0,
              "state": "pending",
              "speed": null,
              "pass": false,
              "fail": false,
              "pending": true,
              "context": null,
              "code": "",
              "err": {},
              "uuid": "4101249f-4390-4910-b476-1520eb5938e3",
              "parentUUID": "a08f2563-3041-4307-afc3-a412f7cb8cc3",
              "isHook": false,
              "skipped": false
            },
            {
              "title": "Using jQuery",
              "fullTitle": "Shadow dom Using jQuery",
              "timedOut": null,
              "duration": 0,
              "state": "pending",
              "speed": null,
              "pass": false,
              "fail": false,
              "pending": true,
              "context": null,
              "code": "",
              "err": {},
              "uuid": "d40ef831-1579-4501-b4b4-4ef6b6b87422",
              "parentUUID": "a08f2563-3041-4307-afc3-a412f7cb8cc3",
              "isHook": false,
              "skipped": false
            },
            {
              "title": "Config includeShadowDom - equal to True",
              "fullTitle": "Shadow dom Config includeShadowDom - equal to True",
              "timedOut": null,
              "duration": 0,
              "state": "pending",
              "speed": null,
              "pass": false,
              "fail": false,
              "pending": true,
              "context": null,
              "code": "",
              "err": {},
              "uuid": "63a6e3e9-a9e4-456e-a820-56617b2104bf",
              "parentUUID": "a08f2563-3041-4307-afc3-a412f7cb8cc3",
              "isHook": false,
              "skipped": false
            },
            {
              "title": "Config includeShadowDom equal to True as option",
              "fullTitle": "Shadow dom Config includeShadowDom equal to True as option",
              "timedOut": null,
              "duration": 0,
              "state": "pending",
              "speed": null,
              "pass": false,
              "fail": false,
              "pending": true,
              "context": null,
              "code": "",
              "err": {},
              "uuid": "4a4122d8-5ee2-4cab-a101-6d0363e03511",
              "parentUUID": "a08f2563-3041-4307-afc3-a412f7cb8cc3",
              "isHook": false,
              "skipped": false
            },
            {
              "title": "External Website - Config includeShadowDom\tequal to True",
              "fullTitle": "Shadow dom External Website - Config includeShadowDom\tequal to True",
              "timedOut": null,
              "duration": 0,
              "state": "pending",
              "speed": null,
              "pass": false,
              "fail": false,
              "pending": true,
              "context": null,
              "code": "",
              "err": {},
              "uuid": "3620a254-ef0f-4166-8906-593f4b2771ee",
              "parentUUID": "a08f2563-3041-4307-afc3-a412f7cb8cc3",
              "isHook": false,
              "skipped": false
            }
          ],
          "suites": [],
          "passes": [],
          "failures": [
            "085c3227-a77a-4de2-ad2f-e783ec5ecc57",
            "e9ae45a4-ca83-4dee-aafe-998925ebb6b0",
            "5cf4d7e0-ef2c-4f3b-b6ed-5f567f7f5458",
            "29b3a2ee-8b74-4f9f-9f53-f54f09051ab0"
          ],
          "pending": [
            "23d30c85-73e9-4dbe-867c-514a8b9c90bb",
            "2906f784-e253-45ca-aafd-9ecd72ecc023",
            "159f012d-2174-4c40-9273-c618b11df846",
            "4101249f-4390-4910-b476-1520eb5938e3",
            "d40ef831-1579-4501-b4b4-4ef6b6b87422",
            "63a6e3e9-a9e4-456e-a820-56617b2104bf",
            "4a4122d8-5ee2-4cab-a101-6d0363e03511",
            "3620a254-ef0f-4166-8906-593f4b2771ee"
          ],
          "skipped": [],
          "duration": 4754,
          "root": false,
          "rootEmpty": false,
          "_timeout": 2000
        }
      ],
      "passes": [],
      "failures": [],
      "pending": [],
      "skipped": [],
      "duration": 0,
      "root": true,
      "rootEmpty": true,
      "_timeout": 2000
    }
  ],
  "meta": {
    "mocha": {
      "version": "7.0.1"
    },
    "mochawesome": {
      "options": {
        "quiet": false,
        "reportFilename": "mochawesome",
        "saveHtml": false,
        "saveJson": true,
        "consoleReporter": "spec",
        "useInlineDiffs": false,
        "code": true
      },
      "version": "7.1.3"
    },
    "marge": {
      "options": {
        "id": "default",
        "reportDir": "cypress/reports/mocha",
        "quite": true,
        "overwrite": false,
        "html": false,
        "json": true
      },
      "version": "6.2.0"
    }
  }
}