{
  "stats": {
    "suites": 1,
    "tests": 6,
    "passes": 5,
    "pending": 0,
    "failures": 1,
    "start": "2022-10-15T10:03:54.680Z",
    "end": "2022-10-15T10:04:04.840Z",
    "duration": 10160,
    "testsRegistered": 6,
    "passPercent": 83.33333333333334,
    "pendingPercent": 0,
    "other": 0,
    "hasOther": false,
    "skipped": 0,
    "hasSkipped": false
  },
  "results": [
    {
      "uuid": "fb4bc621-641e-46a5-8666-baca747f8a75",
      "title": "",
      "fullFile": "cypress/integration/demo-test/TC_03_DocumentCommand.spec.js",
      "file": "cypress/integration/demo-test/TC_03_DocumentCommand.spec.js",
      "beforeHooks": [],
      "afterHooks": [],
      "tests": [],
      "suites": [
        {
          "uuid": "2919da94-8954-4b48-ab09-82200b1342c9",
          "title": "doc command",
          "fullFile": "",
          "file": "",
          "beforeHooks": [],
          "afterHooks": [],
          "tests": [
            {
              "title": "Page title using document command",
              "fullTitle": "doc command Page title using document command",
              "timedOut": null,
              "duration": 1890,
              "state": "passed",
              "speed": "slow",
              "pass": true,
              "fail": false,
              "pending": false,
              "context": null,
              "code": "cy.document().should(doc => {\n  let titlename = doc.title;\n  console.log(titlename);\n  expect(titlename).to.be.eql('Conduit');\n});",
              "err": {},
              "uuid": "595c2bb9-ea87-4103-9798-f6cd4f6869d0",
              "parentUUID": "2919da94-8954-4b48-ab09-82200b1342c9",
              "isHook": false,
              "skipped": false
            },
            {
              "title": "Page title using cypress command",
              "fullTitle": "doc command Page title using cypress command",
              "timedOut": null,
              "duration": 4162,
              "state": "failed",
              "speed": null,
              "pass": false,
              "fail": true,
              "pending": false,
              "context": "\"assets/TC_03_DocumentCommand.spec.js/doc command -- Page title using cypress command (failed).png\"",
              "code": "cy.title().should(text => {\n  expect(text).to.be.eql('Conduitt');\n});",
              "err": {
                "message": "AssertionError: Timed out retrying after 4000ms: expected 'Conduit' to deeply equal 'Conduitt'",
                "estack": "AssertionError: Timed out retrying after 4000ms: expected 'Conduit' to deeply equal 'Conduitt'\n    at Context.eval (http://react-redux.realworld.io/__cypress/tests?p=cypress/integration/demo-test/TC_03_DocumentCommand.spec.js:112:26)",
                "diff": "- 'Conduit'\n+ 'Conduitt'\n"
              },
              "uuid": "7644a1bb-311a-4671-8072-4b61464dbd31",
              "parentUUID": "2919da94-8954-4b48-ab09-82200b1342c9",
              "isHook": false,
              "skipped": false
            },
            {
              "title": "Dimension using document command",
              "fullTitle": "doc command Dimension using document command",
              "timedOut": null,
              "duration": 41,
              "state": "passed",
              "speed": "medium",
              "pass": true,
              "fail": false,
              "pending": false,
              "context": null,
              "code": "cy.document().should(doc => {\n  const dc = Cypress.$(doc);\n  console.log(dc.height());\n  console.log(dc.width());\n});",
              "err": {},
              "uuid": "eb214efa-c20e-4dff-89a1-c8c45908f797",
              "parentUUID": "2919da94-8954-4b48-ab09-82200b1342c9",
              "isHook": false,
              "skipped": false
            },
            {
              "title": "Dimension using cypress command",
              "fullTitle": "doc command Dimension using cypress command",
              "timedOut": null,
              "duration": 19,
              "state": "passed",
              "speed": "fast",
              "pass": true,
              "fail": false,
              "pending": false,
              "context": null,
              "code": "cy.viewport('ipad-2', 'portrait');\ncy.viewport(500, 700);",
              "err": {},
              "uuid": "fff2b067-2f0c-4dd3-8c07-bb29e655a299",
              "parentUUID": "2919da94-8954-4b48-ab09-82200b1342c9",
              "isHook": false,
              "skipped": false
            },
            {
              "title": "Cookies setting using document command",
              "fullTitle": "doc command Cookies setting using document command",
              "timedOut": null,
              "duration": 28,
              "state": "passed",
              "speed": "fast",
              "pass": true,
              "fail": false,
              "pending": false,
              "context": null,
              "code": "cy.document().should(doc => {\n  doc.cookie = \"name=mandeep\";\n  console.log(doc.cookie);\n  doc.cookie = \"name=monika\";\n  console.log(doc.cookie);\n});",
              "err": {},
              "uuid": "d95c1b55-cf54-48a2-98f1-b27541c3a8fd",
              "parentUUID": "2919da94-8954-4b48-ab09-82200b1342c9",
              "isHook": false,
              "skipped": false
            },
            {
              "title": "Cookies setting using cypress command",
              "fullTitle": "doc command Cookies setting using cypress command",
              "timedOut": null,
              "duration": 59,
              "state": "passed",
              "speed": "medium",
              "pass": true,
              "fail": false,
              "pending": false,
              "context": null,
              "code": "cy.setCookie('name', 'mandeep');\ncy.getCookie('name');\ncy.getCookies();\ncy.clearCookie('name-');\ncy.clearCookies();",
              "err": {},
              "uuid": "87e3b921-5958-43cf-9d0f-d84d4e517b64",
              "parentUUID": "2919da94-8954-4b48-ab09-82200b1342c9",
              "isHook": false,
              "skipped": false
            }
          ],
          "suites": [],
          "passes": [
            "595c2bb9-ea87-4103-9798-f6cd4f6869d0",
            "eb214efa-c20e-4dff-89a1-c8c45908f797",
            "fff2b067-2f0c-4dd3-8c07-bb29e655a299",
            "d95c1b55-cf54-48a2-98f1-b27541c3a8fd",
            "87e3b921-5958-43cf-9d0f-d84d4e517b64"
          ],
          "failures": [
            "7644a1bb-311a-4671-8072-4b61464dbd31"
          ],
          "pending": [],
          "skipped": [],
          "duration": 6199,
          "root": false,
          "rootEmpty": false,
          "_timeout": 2000
        }
      ],
      "passes": [],
      "failures": [],
      "pending": [],
      "skipped": [],
      "duration": 0,
      "root": true,
      "rootEmpty": true,
      "_timeout": 2000
    }
  ],
  "meta": {
    "mocha": {
      "version": "7.0.1"
    },
    "mochawesome": {
      "options": {
        "quiet": false,
        "reportFilename": "mochawesome",
        "saveHtml": false,
        "saveJson": true,
        "consoleReporter": "spec",
        "useInlineDiffs": false,
        "code": true
      },
      "version": "7.1.3"
    },
    "marge": {
      "options": {
        "id": "default",
        "reportDir": "cypress/reports/mocha",
        "quite": true,
        "overwrite": false,
        "html": false,
        "json": true
      },
      "version": "6.2.0"
    }
  }
}