{
  "stats": {
    "suites": 1,
    "tests": 1,
    "passes": 0,
    "pending": 0,
    "failures": 1,
    "start": "2022-10-15T09:58:53.821Z",
    "end": "2022-10-15T09:58:56.098Z",
    "duration": 2277,
    "testsRegistered": 1,
    "passPercent": 0,
    "pendingPercent": 0,
    "other": 0,
    "hasOther": false,
    "skipped": 0,
    "hasSkipped": false
  },
  "results": [
    {
      "uuid": "dd9278e2-dcb0-4db2-ba8f-15a3968c0c17",
      "title": "",
      "fullFile": "cypress/integration/demo-test/TC_14_RetryTest.spec.js",
      "file": "cypress/integration/demo-test/TC_14_RetryTest.spec.js",
      "beforeHooks": [],
      "afterHooks": [],
      "tests": [],
      "suites": [
        {
          "uuid": "04ac56f2-b6a9-4e06-9698-3ed1b9f4e8c3",
          "title": "Test retry",
          "fullFile": "",
          "file": "",
          "beforeHooks": [],
          "afterHooks": [],
          "tests": [
            {
              "title": "Retry Test",
              "fullTitle": "Test retry Retry Test",
              "timedOut": null,
              "duration": 647,
              "state": "failed",
              "speed": null,
              "pass": false,
              "fail": true,
              "pending": false,
              "context": "\"assets/TC_14_RetryTest.spec.js/Test retry -- Retry Test (failed).png\"",
              "code": "expect(1).to.be.eql(2);",
              "err": {
                "message": "AssertionError: expected 1 to deeply equal 2",
                "estack": "AssertionError: expected 1 to deeply equal 2\n    at Context.eval (http://localhost:34317/__cypress/tests?p=cypress/integration/demo-test/TC_14_RetryTest.spec.js:113:21)",
                "diff": "- 1\n+ 2\n"
              },
              "uuid": "d46ba60e-7368-4284-9b53-7f869b1ac50c",
              "parentUUID": "04ac56f2-b6a9-4e06-9698-3ed1b9f4e8c3",
              "isHook": false,
              "skipped": false
            }
          ],
          "suites": [],
          "passes": [],
          "failures": [
            "d46ba60e-7368-4284-9b53-7f869b1ac50c"
          ],
          "pending": [],
          "skipped": [],
          "duration": 647,
          "root": false,
          "rootEmpty": false,
          "_timeout": 2000
        }
      ],
      "passes": [],
      "failures": [],
      "pending": [],
      "skipped": [],
      "duration": 0,
      "root": true,
      "rootEmpty": true,
      "_timeout": 2000
    }
  ],
  "meta": {
    "mocha": {
      "version": "7.0.1"
    },
    "mochawesome": {
      "options": {
        "quiet": false,
        "reportFilename": "mochawesome",
        "saveHtml": false,
        "saveJson": true,
        "consoleReporter": "spec",
        "useInlineDiffs": false,
        "code": true
      },
      "version": "7.1.3"
    },
    "marge": {
      "options": {
        "id": "default",
        "reportDir": "cypress/reports/mocha",
        "quite": true,
        "overwrite": false,
        "html": false,
        "json": true
      },
      "version": "6.2.0"
    }
  }
}