{
  "stats": {
    "suites": 1,
    "tests": 5,
    "passes": 0,
    "pending": 0,
    "failures": 5,
    "start": "2022-10-15T09:58:28.147Z",
    "end": "2022-10-15T09:58:39.771Z",
    "duration": 11624,
    "testsRegistered": 5,
    "passPercent": 0,
    "pendingPercent": 0,
    "other": 0,
    "hasOther": false,
    "skipped": 0,
    "hasSkipped": false
  },
  "results": [
    {
      "uuid": "c3572851-7cc9-46b3-bf86-4cb5a22298a9",
      "title": "",
      "fullFile": "cypress/integration/demo-test/TC_06_PopUpHandling.spec.js",
      "file": "cypress/integration/demo-test/TC_06_PopUpHandling.spec.js",
      "beforeHooks": [],
      "afterHooks": [],
      "tests": [],
      "suites": [
        {
          "uuid": "ad3c033f-5455-4b12-81fc-48051c6a2e54",
          "title": "Popup handling",
          "fullFile": "",
          "file": "",
          "beforeHooks": [],
          "afterHooks": [],
          "tests": [
            {
              "title": "Alert hanlding-Single Alert Popup",
              "fullTitle": "Popup handling Alert hanlding-Single Alert Popup",
              "timedOut": null,
              "duration": 3723,
              "state": "failed",
              "speed": null,
              "pass": false,
              "fail": true,
              "pending": false,
              "context": "\"assets/TC_06_PopUpHandling.spec.js/Popup handling -- Alert hanlding-Single Alert Popup (failed).png\"",
              "code": "cy.visit('http://127.0.0.1:5500/HelpFolder/differentalertpage.html');\ncy.on('window:alert', alerttext => {\n  expect(alerttext).to.be.eql('I m Alert Box');\n});\ncy.get('button#alert').click();",
              "err": {
                "message": "CypressError: `cy.visit()` failed trying to load:\n\nhttp://127.0.0.1:5500/HelpFolder/differentalertpage.html\n\nWe attempted to make an http request to this URL but the request failed without a response.\n\nWe received this error at the network level:\n\n  > Error: connect ECONNREFUSED 127.0.0.1:5500\n\nCommon situations why this would fail:\n  - you don't have internet access\n  - you forgot to run / boot your web server\n  - your web server isn't accessible\n  - you have weird network configuration settings on your computer",
                "estack": "CypressError: `cy.visit()` failed trying to load:\n\nhttp://127.0.0.1:5500/HelpFolder/differentalertpage.html\n\nWe attempted to make an http request to this URL but the request failed without a response.\n\nWe received this error at the network level:\n\n  > Error: connect ECONNREFUSED 127.0.0.1:5500\n\nCommon situations why this would fail:\n  - you don't have internet access\n  - you forgot to run / boot your web server\n  - your web server isn't accessible\n  - you have weird network configuration settings on your computer\ngo/</<@http://localhost:44919/__cypress/runner/cypress_runner.js:140524:23\nvisitFailedByErr@http://localhost:44919/__cypress/runner/cypress_runner.js:139883:12\ngo/<@http://localhost:44919/__cypress/runner/cypress_runner.js:140523:27\ntryCatcher@http://localhost:44919/__cypress/runner/cypress_runner.js:10798:23\n../../node_modules/bluebird/js/release/promise.js/</module.exports/Promise.prototype._settlePromiseFromHandler@http://localhost:44919/__cypress/runner/cypress_runner.js:8733:31\n../../node_modules/bluebird/js/release/promise.js/</module.exports/Promise.prototype._settlePromise@http://localhost:44919/__cypress/runner/cypress_runner.js:8790:18\n../../node_modules/bluebird/js/release/promise.js/</module.exports/Promise.prototype._settlePromise0@http://localhost:44919/__cypress/runner/cypress_runner.js:8835:10\n../../node_modules/bluebird/js/release/promise.js/</module.exports/Promise.prototype._settlePromises@http://localhost:44919/__cypress/runner/cypress_runner.js:8911:18\n_drainQueueStep@http://localhost:44919/__cypress/runner/cypress_runner.js:5505:12\n_drainQueue@http://localhost:44919/__cypress/runner/cypress_runner.js:5498:24\n../../node_modules/bluebird/js/release/async.js/</Async.prototype._drainQueues@http://localhost:44919/__cypress/runner/cypress_runner.js:5514:16\nAsync/this.drainQueues@http://localhost:44919/__cypress/runner/cypress_runner.js:5384:14\nFrom Your Spec Code:\n    ./cypress/integration/demo-test/TC_06_PopUpHandling.spec.js/</<@http://localhost:44919/__cypress/tests?p=cypress/integration/demo-test/TC_06_PopUpHandling.spec.js:101:8\n    setRunnable/runnable.fn@http://localhost:44919/__cypress/runner/cypress_runner.js:153638:45\n    callFn@http://localhost:44919/__cypress/runner/cypress_runner.js:109370:21\n    ../driver/node_modules/mocha/lib/runnable.js/</Runnable.prototype.run@http://localhost:44919/__cypress/runner/cypress_runner.js:109357:13\n    onRunnableRun/<@http://localhost:44919/__cypress/runner/cypress_runner.js:159643:28\n    finallyHandler@http://localhost:44919/__cypress/runner/cypress_runner.js:7352:23\n    tryCatcher@http://localhost:44919/__cypress/runner/cypress_runner.js:10798:23\n    ../../node_modules/bluebird/js/release/promise.js/</module.exports/Promise.prototype._settlePromiseFromHandler@http://localhost:44919/__cypress/runner/cypress_runner.js:8733:31\n    ../../node_modules/bluebird/js/release/promise.js/</module.exports/Promise.prototype._settlePromise@http://localhost:44919/__cypress/runner/cypress_runner.js:8790:18\n    ../../node_modules/bluebird/js/release/promise.js/</module.exports/Promise.prototype._settlePromise0@http://localhost:44919/__cypress/runner/cypress_runner.js:8835:10\n    ../../node_modules/bluebird/js/release/promise.js/</module.exports/Promise.prototype._settlePromises@http://localhost:44919/__cypress/runner/cypress_runner.js:8915:18\n    _drainQueueStep@http://localhost:44919/__cypress/runner/cypress_runner.js:5505:12\n    _drainQueue@http://localhost:44919/__cypress/runner/cypress_runner.js:5498:24\n    ../../node_modules/bluebird/js/release/async.js/</Async.prototype._drainQueues@http://localhost:44919/__cypress/runner/cypress_runner.js:5514:16\n    Async/this.drainQueues@http://localhost:44919/__cypress/runner/cypress_runner.js:5384:14\n\n\nFrom Node.js Internals:\n  Error: connect ECONNREFUSED 127.0.0.1:5500\n      at TCPConnectWrap.afterConnect [as oncomplete] (net.js:1146:16)\n  ",
                "diff": null
              },
              "uuid": "d71f3b32-b4c0-4ef8-88d4-f867fc696c58",
              "parentUUID": "ad3c033f-5455-4b12-81fc-48051c6a2e54",
              "isHook": false,
              "skipped": false
            },
            {
              "title": "Alert hanlding-Multi Alert Popup",
              "fullTitle": "Popup handling Alert hanlding-Multi Alert Popup",
              "timedOut": null,
              "duration": 1163,
              "state": "failed",
              "speed": null,
              "pass": false,
              "fail": true,
              "pending": false,
              "context": "\"assets/TC_06_PopUpHandling.spec.js/Popup handling -- Alert hanlding-Multi Alert Popup (failed).png\"",
              "code": "cy.visit('http://127.0.0.1:5500/HelpFolder/differentalertpage.html');\nconst fn = cy.stub();\ncy.on('window:alert', fn);\ncy.get('button#miltiplealert').click().then(() => {\n  expect(fn.getCall(0)).to.be.calledWithExactly('First Alert Box');\n  expect(fn.getCall(1)).to.be.calledWithExactly('Second Alert Box');\n  expect(fn.getCall(2)).to.be.calledWithExactly('Third Alert Box');\n});",
              "err": {
                "message": "CypressError: `cy.visit()` failed trying to load:\n\nhttp://127.0.0.1:5500/HelpFolder/differentalertpage.html\n\nWe attempted to make an http request to this URL but the request failed without a response.\n\nWe received this error at the network level:\n\n  > Error: connect ECONNREFUSED 127.0.0.1:5500\n\nCommon situations why this would fail:\n  - you don't have internet access\n  - you forgot to run / boot your web server\n  - your web server isn't accessible\n  - you have weird network configuration settings on your computer",
                "estack": "CypressError: `cy.visit()` failed trying to load:\n\nhttp://127.0.0.1:5500/HelpFolder/differentalertpage.html\n\nWe attempted to make an http request to this URL but the request failed without a response.\n\nWe received this error at the network level:\n\n  > Error: connect ECONNREFUSED 127.0.0.1:5500\n\nCommon situations why this would fail:\n  - you don't have internet access\n  - you forgot to run / boot your web server\n  - your web server isn't accessible\n  - you have weird network configuration settings on your computer\ngo/</<@http://localhost:44919/__cypress/runner/cypress_runner.js:140524:23\nvisitFailedByErr@http://localhost:44919/__cypress/runner/cypress_runner.js:139883:12\ngo/<@http://localhost:44919/__cypress/runner/cypress_runner.js:140523:27\ntryCatcher@http://localhost:44919/__cypress/runner/cypress_runner.js:10798:23\n../../node_modules/bluebird/js/release/promise.js/</module.exports/Promise.prototype._settlePromiseFromHandler@http://localhost:44919/__cypress/runner/cypress_runner.js:8733:31\n../../node_modules/bluebird/js/release/promise.js/</module.exports/Promise.prototype._settlePromise@http://localhost:44919/__cypress/runner/cypress_runner.js:8790:18\n../../node_modules/bluebird/js/release/promise.js/</module.exports/Promise.prototype._settlePromise0@http://localhost:44919/__cypress/runner/cypress_runner.js:8835:10\n../../node_modules/bluebird/js/release/promise.js/</module.exports/Promise.prototype._settlePromises@http://localhost:44919/__cypress/runner/cypress_runner.js:8911:18\n_drainQueueStep@http://localhost:44919/__cypress/runner/cypress_runner.js:5505:12\n_drainQueue@http://localhost:44919/__cypress/runner/cypress_runner.js:5498:24\n../../node_modules/bluebird/js/release/async.js/</Async.prototype._drainQueues@http://localhost:44919/__cypress/runner/cypress_runner.js:5514:16\nAsync/this.drainQueues@http://localhost:44919/__cypress/runner/cypress_runner.js:5384:14\nFrom Your Spec Code:\n    ./cypress/integration/demo-test/TC_06_PopUpHandling.spec.js/</<@http://localhost:44919/__cypress/tests?p=cypress/integration/demo-test/TC_06_PopUpHandling.spec.js:108:8\n    setRunnable/runnable.fn@http://localhost:44919/__cypress/runner/cypress_runner.js:153638:45\n    callFn@http://localhost:44919/__cypress/runner/cypress_runner.js:109370:21\n    ../driver/node_modules/mocha/lib/runnable.js/</Runnable.prototype.run@http://localhost:44919/__cypress/runner/cypress_runner.js:109357:13\n    onRunnableRun/<@http://localhost:44919/__cypress/runner/cypress_runner.js:159643:28\n    finallyHandler@http://localhost:44919/__cypress/runner/cypress_runner.js:7352:23\n    tryCatcher@http://localhost:44919/__cypress/runner/cypress_runner.js:10798:23\n    ../../node_modules/bluebird/js/release/promise.js/</module.exports/Promise.prototype._settlePromiseFromHandler@http://localhost:44919/__cypress/runner/cypress_runner.js:8733:31\n    ../../node_modules/bluebird/js/release/promise.js/</module.exports/Promise.prototype._settlePromise@http://localhost:44919/__cypress/runner/cypress_runner.js:8790:18\n    ../../node_modules/bluebird/js/release/promise.js/</module.exports/Promise.prototype._settlePromise0@http://localhost:44919/__cypress/runner/cypress_runner.js:8835:10\n    ../../node_modules/bluebird/js/release/promise.js/</module.exports/Promise.prototype._settlePromises@http://localhost:44919/__cypress/runner/cypress_runner.js:8915:18\n    ../../node_modules/bluebird/js/release/promise.js/</module.exports/Promise.prototype._fulfill@http://localhost:44919/__cypress/runner/cypress_runner.js:8859:18\n    ../../node_modules/bluebird/js/release/promise.js/</module.exports/Promise.prototype._settlePromise@http://localhost:44919/__cypress/runner/cypress_runner.js:8803:21\n    ../../node_modules/bluebird/js/release/promise.js/</module.exports/Promise.prototype._settlePromise0@http://localhost:44919/__cypress/runner/cypress_runner.js:8835:10\n    ../../node_modules/bluebird/js/release/promise.js/</module.exports/Promise.prototype._settlePromises@http://localhost:44919/__cypress/runner/cypress_runner.js:8915:18\n    ../../node_modules/bluebird/js/release/promise.js/</module.exports/Promise.prototype._fulfill@http://localhost:44919/__cypress/runner/cypress_runner.js:8859:18\n    ../../node_modules/bluebird/js/release/promise.js/</module.exports/Promise.prototype._resolveCallback@http://localhost:44919/__cypress/runner/cypress_runner.js:8653:57\n    ../../node_modules/bluebird/js/release/promise.js/</module.exports/Promise.prototype._settlePromiseFromHandler@http://localhost:44919/__cypress/runner/cypress_runner.js:8745:17\n    ../../node_modules/bluebird/js/release/promise.js/</module.exports/Promise.prototype._settlePromise@http://localhost:44919/__cypress/runner/cypress_runner.js:8790:18\n    ../../node_modules/bluebird/js/release/promise.js/</module.exports/Promise.prototype._settlePromise0@http://localhost:44919/__cypress/runner/cypress_runner.js:8835:10\n    ../../node_modules/bluebird/js/release/promise.js/</module.exports/Promise.prototype._settlePromises@http://localhost:44919/__cypress/runner/cypress_runner.js:8915:18\n    ../../node_modules/bluebird/js/release/promise.js/</module.exports/Promise.prototype._fulfill@http://localhost:44919/__cypress/runner/cypress_runner.js:8859:18\n    ../../node_modules/bluebird/js/release/promise_array.js/module.exports/PromiseArray.prototype._resolve@http://localhost:44919/__cypress/runner/cypress_runner.js:9132:19\n    ../../node_modules/bluebird/js/release/promise_array.js/module.exports/PromiseArray.prototype._promiseFulfilled@http://localhost:44919/__cypress/runner/cypress_runner.js:9150:14\n    ../../node_modules/bluebird/js/release/promise_array.js/module.exports/PromiseArray.prototype._iterate@http://localhost:44919/__cypress/runner/cypress_runner.js:9120:31\n    init@http://localhost:44919/__cypress/runner/cypress_runner.js:9084:10\n    ../../node_modules/bluebird/js/release/promise.js/</module.exports/Promise.prototype._settlePromise@http://localhost:44919/__cypress/runner/cypress_runner.js:8787:21\n    ../../node_modules/bluebird/js/release/promise.js/</module.exports/Promise.prototype._settlePromise0@http://localhost:44919/__cypress/runner/cypress_runner.js:8835:10\n    ../../node_modules/bluebird/js/release/promise.js/</module.exports/Promise.prototype._settlePromises@http://localhost:44919/__cypress/runner/cypress_runner.js:8915:18\n    ../../node_modules/bluebird/js/release/promise.js/</module.exports/Promise.prototype._fulfill@http://localhost:44919/__cypress/runner/cypress_runner.js:8859:18\n    ../../node_modules/bluebird/js/release/promise_array.js/module.exports/PromiseArray.prototype._resolve@http://localhost:44919/__cypress/runner/cypress_runner.js:9132:19\n    ../../node_modules/bluebird/js/release/promise_array.js/module.exports/PromiseArray.prototype._promiseFulfilled@http://localhost:44919/__cypress/runner/cypress_runner.js:9150:14\n    ../../node_modules/bluebird/js/release/promise.js/</module.exports/Promise.prototype._settlePromise@http://localhost:44919/__cypress/runner/cypress_runner.js:8795:26\n    ../../node_modules/bluebird/js/release/promise.js/</module.exports/Promise.prototype._settlePromise0@http://localhost:44919/__cypress/runner/cypress_runner.js:8835:10\n    ../../node_modules/bluebird/js/release/promise.js/</module.exports/Promise.prototype._settlePromises@http://localhost:44919/__cypress/runner/cypress_runner.js:8915:18\n    ../../node_modules/bluebird/js/release/promise.js/</module.exports/Promise.prototype._fulfill@http://localhost:44919/__cypress/runner/cypress_runner.js:8859:18\n    ../../node_modules/bluebird/js/release/promise_array.js/module.exports/PromiseArray.prototype._resolve@http://localhost:44919/__cypress/runner/cypress_runner.js:9132:19\n    ../../node_modules/bluebird/js/release/map.js/module.exports/MappingPromiseArray.prototype._promiseFulfilled@http://localhost:44919/__cypress/runner/cypress_runner.js:7958:18\n    ../../node_modules/bluebird/js/release/promise.js/</module.exports/Promise.prototype._settlePromise@http://localhost:44919/__cypress/runner/cypress_runner.js:8795:26\n    ../../node_modules/bluebird/js/release/promise.js/</module.exports/Promise.prototype._settlePromise0@http://localhost:44919/__cypress/runner/cypress_runner.js:8835:10\n    ../../node_modules/bluebird/js/release/promise.js/</module.exports/Promise.prototype._settlePromises@http://localhost:44919/__cypress/runner/cypress_runner.js:8915:18\n    _drainQueueStep@http://localhost:44919/__cypress/runner/cypress_runner.js:5505:12\n    _drainQueue@http://localhost:44919/__cypress/runner/cypress_runner.js:5498:24\n    ../../node_modules/bluebird/js/release/async.js/</Async.prototype._drainQueues@http://localhost:44919/__cypress/runner/cypress_runner.js:5514:16\n    Async/this.drainQueues@http://localhost:44919/__cypress/runner/cypress_runner.js:5384:14\n\n\nFrom Node.js Internals:\n  Error: connect ECONNREFUSED 127.0.0.1:5500\n      at TCPConnectWrap.afterConnect [as oncomplete] (net.js:1146:16)\n  ",
                "diff": null
              },
              "uuid": "5dc235f2-afe2-4446-a0bf-2b4a27858c00",
              "parentUUID": "ad3c033f-5455-4b12-81fc-48051c6a2e54",
              "isHook": false,
              "skipped": false
            },
            {
              "title": "Confirm popup handling-window alert confirm",
              "fullTitle": "Popup handling Confirm popup handling-window alert confirm",
              "timedOut": null,
              "duration": 953,
              "state": "failed",
              "speed": null,
              "pass": false,
              "fail": true,
              "pending": false,
              "context": "\"assets/TC_06_PopUpHandling.spec.js/Popup handling -- Confirm popup handling-window alert confirm (failed).png\"",
              "code": "cy.visit('http://127.0.0.1:5500/HelpFolder/differentalertpage.html');\ncy.on('window:confirm', context => {\n  expect(context).to.be.eql('I m confirm Box'); //return false      // false will click on the cancel button and true on ok, default valu eis true\n});\ncy.get('button#confirm').click();",
              "err": {
                "message": "CypressError: `cy.visit()` failed trying to load:\n\nhttp://127.0.0.1:5500/HelpFolder/differentalertpage.html\n\nWe attempted to make an http request to this URL but the request failed without a response.\n\nWe received this error at the network level:\n\n  > Error: connect ECONNREFUSED 127.0.0.1:5500\n\nCommon situations why this would fail:\n  - you don't have internet access\n  - you forgot to run / boot your web server\n  - your web server isn't accessible\n  - you have weird network configuration settings on your computer",
                "estack": "CypressError: `cy.visit()` failed trying to load:\n\nhttp://127.0.0.1:5500/HelpFolder/differentalertpage.html\n\nWe attempted to make an http request to this URL but the request failed without a response.\n\nWe received this error at the network level:\n\n  > Error: connect ECONNREFUSED 127.0.0.1:5500\n\nCommon situations why this would fail:\n  - you don't have internet access\n  - you forgot to run / boot your web server\n  - your web server isn't accessible\n  - you have weird network configuration settings on your computer\ngo/</<@http://localhost:44919/__cypress/runner/cypress_runner.js:140524:23\nvisitFailedByErr@http://localhost:44919/__cypress/runner/cypress_runner.js:139883:12\ngo/<@http://localhost:44919/__cypress/runner/cypress_runner.js:140523:27\ntryCatcher@http://localhost:44919/__cypress/runner/cypress_runner.js:10798:23\n../../node_modules/bluebird/js/release/promise.js/</module.exports/Promise.prototype._settlePromiseFromHandler@http://localhost:44919/__cypress/runner/cypress_runner.js:8733:31\n../../node_modules/bluebird/js/release/promise.js/</module.exports/Promise.prototype._settlePromise@http://localhost:44919/__cypress/runner/cypress_runner.js:8790:18\n../../node_modules/bluebird/js/release/promise.js/</module.exports/Promise.prototype._settlePromise0@http://localhost:44919/__cypress/runner/cypress_runner.js:8835:10\n../../node_modules/bluebird/js/release/promise.js/</module.exports/Promise.prototype._settlePromises@http://localhost:44919/__cypress/runner/cypress_runner.js:8911:18\n_drainQueueStep@http://localhost:44919/__cypress/runner/cypress_runner.js:5505:12\n_drainQueue@http://localhost:44919/__cypress/runner/cypress_runner.js:5498:24\n../../node_modules/bluebird/js/release/async.js/</Async.prototype._drainQueues@http://localhost:44919/__cypress/runner/cypress_runner.js:5514:16\nAsync/this.drainQueues@http://localhost:44919/__cypress/runner/cypress_runner.js:5384:14\nFrom Your Spec Code:\n    ./cypress/integration/demo-test/TC_06_PopUpHandling.spec.js/</<@http://localhost:44919/__cypress/tests?p=cypress/integration/demo-test/TC_06_PopUpHandling.spec.js:118:8\n    setRunnable/runnable.fn@http://localhost:44919/__cypress/runner/cypress_runner.js:153638:45\n    callFn@http://localhost:44919/__cypress/runner/cypress_runner.js:109370:21\n    ../driver/node_modules/mocha/lib/runnable.js/</Runnable.prototype.run@http://localhost:44919/__cypress/runner/cypress_runner.js:109357:13\n    onRunnableRun/<@http://localhost:44919/__cypress/runner/cypress_runner.js:159643:28\n    finallyHandler@http://localhost:44919/__cypress/runner/cypress_runner.js:7352:23\n    tryCatcher@http://localhost:44919/__cypress/runner/cypress_runner.js:10798:23\n    ../../node_modules/bluebird/js/release/promise.js/</module.exports/Promise.prototype._settlePromiseFromHandler@http://localhost:44919/__cypress/runner/cypress_runner.js:8733:31\n    ../../node_modules/bluebird/js/release/promise.js/</module.exports/Promise.prototype._settlePromise@http://localhost:44919/__cypress/runner/cypress_runner.js:8790:18\n    ../../node_modules/bluebird/js/release/promise.js/</module.exports/Promise.prototype._settlePromise0@http://localhost:44919/__cypress/runner/cypress_runner.js:8835:10\n    ../../node_modules/bluebird/js/release/promise.js/</module.exports/Promise.prototype._settlePromises@http://localhost:44919/__cypress/runner/cypress_runner.js:8915:18\n    ../../node_modules/bluebird/js/release/promise.js/</module.exports/Promise.prototype._fulfill@http://localhost:44919/__cypress/runner/cypress_runner.js:8859:18\n    ../../node_modules/bluebird/js/release/promise.js/</module.exports/Promise.prototype._settlePromise@http://localhost:44919/__cypress/runner/cypress_runner.js:8803:21\n    ../../node_modules/bluebird/js/release/promise.js/</module.exports/Promise.prototype._settlePromise0@http://localhost:44919/__cypress/runner/cypress_runner.js:8835:10\n    ../../node_modules/bluebird/js/release/promise.js/</module.exports/Promise.prototype._settlePromises@http://localhost:44919/__cypress/runner/cypress_runner.js:8915:18\n    ../../node_modules/bluebird/js/release/promise.js/</module.exports/Promise.prototype._fulfill@http://localhost:44919/__cypress/runner/cypress_runner.js:8859:18\n    ../../node_modules/bluebird/js/release/promise.js/</module.exports/Promise.prototype._resolveCallback@http://localhost:44919/__cypress/runner/cypress_runner.js:8653:57\n    ../../node_modules/bluebird/js/release/promise.js/</module.exports/Promise.prototype._settlePromiseFromHandler@http://localhost:44919/__cypress/runner/cypress_runner.js:8745:17\n    ../../node_modules/bluebird/js/release/promise.js/</module.exports/Promise.prototype._settlePromise@http://localhost:44919/__cypress/runner/cypress_runner.js:8790:18\n    ../../node_modules/bluebird/js/release/promise.js/</module.exports/Promise.prototype._settlePromise0@http://localhost:44919/__cypress/runner/cypress_runner.js:8835:10\n    ../../node_modules/bluebird/js/release/promise.js/</module.exports/Promise.prototype._settlePromises@http://localhost:44919/__cypress/runner/cypress_runner.js:8915:18\n    ../../node_modules/bluebird/js/release/promise.js/</module.exports/Promise.prototype._fulfill@http://localhost:44919/__cypress/runner/cypress_runner.js:8859:18\n    ../../node_modules/bluebird/js/release/promise_array.js/module.exports/PromiseArray.prototype._resolve@http://localhost:44919/__cypress/runner/cypress_runner.js:9132:19\n    ../../node_modules/bluebird/js/release/promise_array.js/module.exports/PromiseArray.prototype._promiseFulfilled@http://localhost:44919/__cypress/runner/cypress_runner.js:9150:14\n    ../../node_modules/bluebird/js/release/promise_array.js/module.exports/PromiseArray.prototype._iterate@http://localhost:44919/__cypress/runner/cypress_runner.js:9120:31\n    init@http://localhost:44919/__cypress/runner/cypress_runner.js:9084:10\n    ../../node_modules/bluebird/js/release/promise.js/</module.exports/Promise.prototype._settlePromise@http://localhost:44919/__cypress/runner/cypress_runner.js:8787:21\n    ../../node_modules/bluebird/js/release/promise.js/</module.exports/Promise.prototype._settlePromise0@http://localhost:44919/__cypress/runner/cypress_runner.js:8835:10\n    ../../node_modules/bluebird/js/release/promise.js/</module.exports/Promise.prototype._settlePromises@http://localhost:44919/__cypress/runner/cypress_runner.js:8915:18\n    ../../node_modules/bluebird/js/release/promise.js/</module.exports/Promise.prototype._fulfill@http://localhost:44919/__cypress/runner/cypress_runner.js:8859:18\n    ../../node_modules/bluebird/js/release/promise_array.js/module.exports/PromiseArray.prototype._resolve@http://localhost:44919/__cypress/runner/cypress_runner.js:9132:19\n    ../../node_modules/bluebird/js/release/promise_array.js/module.exports/PromiseArray.prototype._promiseFulfilled@http://localhost:44919/__cypress/runner/cypress_runner.js:9150:14\n    ../../node_modules/bluebird/js/release/promise.js/</module.exports/Promise.prototype._settlePromise@http://localhost:44919/__cypress/runner/cypress_runner.js:8795:26\n    ../../node_modules/bluebird/js/release/promise.js/</module.exports/Promise.prototype._settlePromise0@http://localhost:44919/__cypress/runner/cypress_runner.js:8835:10\n    ../../node_modules/bluebird/js/release/promise.js/</module.exports/Promise.prototype._settlePromises@http://localhost:44919/__cypress/runner/cypress_runner.js:8915:18\n    ../../node_modules/bluebird/js/release/promise.js/</module.exports/Promise.prototype._fulfill@http://localhost:44919/__cypress/runner/cypress_runner.js:8859:18\n    ../../node_modules/bluebird/js/release/promise_array.js/module.exports/PromiseArray.prototype._resolve@http://localhost:44919/__cypress/runner/cypress_runner.js:9132:19\n    ../../node_modules/bluebird/js/release/map.js/module.exports/MappingPromiseArray.prototype._promiseFulfilled@http://localhost:44919/__cypress/runner/cypress_runner.js:7958:18\n    ../../node_modules/bluebird/js/release/promise.js/</module.exports/Promise.prototype._settlePromise@http://localhost:44919/__cypress/runner/cypress_runner.js:8795:26\n    ../../node_modules/bluebird/js/release/promise.js/</module.exports/Promise.prototype._settlePromise0@http://localhost:44919/__cypress/runner/cypress_runner.js:8835:10\n    ../../node_modules/bluebird/js/release/promise.js/</module.exports/Promise.prototype._settlePromises@http://localhost:44919/__cypress/runner/cypress_runner.js:8915:18\n    _drainQueueStep@http://localhost:44919/__cypress/runner/cypress_runner.js:5505:12\n    _drainQueue@http://localhost:44919/__cypress/runner/cypress_runner.js:5498:24\n    ../../node_modules/bluebird/js/release/async.js/</Async.prototype._drainQueues@http://localhost:44919/__cypress/runner/cypress_runner.js:5514:16\n    Async/this.drainQueues@http://localhost:44919/__cypress/runner/cypress_runner.js:5384:14\n\n\nFrom Node.js Internals:\n  Error: connect ECONNREFUSED 127.0.0.1:5500\n      at TCPConnectWrap.afterConnect [as oncomplete] (net.js:1146:16)\n  ",
                "diff": null
              },
              "uuid": "aae7d027-a9f2-4421-828d-e438f509414a",
              "parentUUID": "ad3c033f-5455-4b12-81fc-48051c6a2e54",
              "isHook": false,
              "skipped": false
            },
            {
              "title": "Prompt alert",
              "fullTitle": "Popup handling Prompt alert",
              "timedOut": null,
              "duration": 924,
              "state": "failed",
              "speed": null,
              "pass": false,
              "fail": true,
              "pending": false,
              "context": "\"assets/TC_06_PopUpHandling.spec.js/Popup handling -- Prompt alert (failed).png\"",
              "code": "cy.visit('http://127.0.0.1:5500/HelpFolder/differentalertpage.html');\ncy.window().then(win => {\n  const stubs = cy.stub(win, 'prompt');\n  stubs.returns('Mandeep');\n  cy.get('button#prompt').click();\n});",
              "err": {
                "message": "CypressError: `cy.visit()` failed trying to load:\n\nhttp://127.0.0.1:5500/HelpFolder/differentalertpage.html\n\nWe attempted to make an http request to this URL but the request failed without a response.\n\nWe received this error at the network level:\n\n  > Error: connect ECONNREFUSED 127.0.0.1:5500\n\nCommon situations why this would fail:\n  - you don't have internet access\n  - you forgot to run / boot your web server\n  - your web server isn't accessible\n  - you have weird network configuration settings on your computer",
                "estack": "CypressError: `cy.visit()` failed trying to load:\n\nhttp://127.0.0.1:5500/HelpFolder/differentalertpage.html\n\nWe attempted to make an http request to this URL but the request failed without a response.\n\nWe received this error at the network level:\n\n  > Error: connect ECONNREFUSED 127.0.0.1:5500\n\nCommon situations why this would fail:\n  - you don't have internet access\n  - you forgot to run / boot your web server\n  - your web server isn't accessible\n  - you have weird network configuration settings on your computer\ngo/</<@http://localhost:44919/__cypress/runner/cypress_runner.js:140524:23\nvisitFailedByErr@http://localhost:44919/__cypress/runner/cypress_runner.js:139883:12\ngo/<@http://localhost:44919/__cypress/runner/cypress_runner.js:140523:27\ntryCatcher@http://localhost:44919/__cypress/runner/cypress_runner.js:10798:23\n../../node_modules/bluebird/js/release/promise.js/</module.exports/Promise.prototype._settlePromiseFromHandler@http://localhost:44919/__cypress/runner/cypress_runner.js:8733:31\n../../node_modules/bluebird/js/release/promise.js/</module.exports/Promise.prototype._settlePromise@http://localhost:44919/__cypress/runner/cypress_runner.js:8790:18\n../../node_modules/bluebird/js/release/promise.js/</module.exports/Promise.prototype._settlePromise0@http://localhost:44919/__cypress/runner/cypress_runner.js:8835:10\n../../node_modules/bluebird/js/release/promise.js/</module.exports/Promise.prototype._settlePromises@http://localhost:44919/__cypress/runner/cypress_runner.js:8911:18\n_drainQueueStep@http://localhost:44919/__cypress/runner/cypress_runner.js:5505:12\n_drainQueue@http://localhost:44919/__cypress/runner/cypress_runner.js:5498:24\n../../node_modules/bluebird/js/release/async.js/</Async.prototype._drainQueues@http://localhost:44919/__cypress/runner/cypress_runner.js:5514:16\nAsync/this.drainQueues@http://localhost:44919/__cypress/runner/cypress_runner.js:5384:14\nFrom Your Spec Code:\n    ./cypress/integration/demo-test/TC_06_PopUpHandling.spec.js/</<@http://localhost:44919/__cypress/tests?p=cypress/integration/demo-test/TC_06_PopUpHandling.spec.js:125:8\n    setRunnable/runnable.fn@http://localhost:44919/__cypress/runner/cypress_runner.js:153638:45\n    callFn@http://localhost:44919/__cypress/runner/cypress_runner.js:109370:21\n    ../driver/node_modules/mocha/lib/runnable.js/</Runnable.prototype.run@http://localhost:44919/__cypress/runner/cypress_runner.js:109357:13\n    onRunnableRun/<@http://localhost:44919/__cypress/runner/cypress_runner.js:159643:28\n    finallyHandler@http://localhost:44919/__cypress/runner/cypress_runner.js:7352:23\n    tryCatcher@http://localhost:44919/__cypress/runner/cypress_runner.js:10798:23\n    ../../node_modules/bluebird/js/release/promise.js/</module.exports/Promise.prototype._settlePromiseFromHandler@http://localhost:44919/__cypress/runner/cypress_runner.js:8733:31\n    ../../node_modules/bluebird/js/release/promise.js/</module.exports/Promise.prototype._settlePromise@http://localhost:44919/__cypress/runner/cypress_runner.js:8790:18\n    ../../node_modules/bluebird/js/release/promise.js/</module.exports/Promise.prototype._settlePromise0@http://localhost:44919/__cypress/runner/cypress_runner.js:8835:10\n    ../../node_modules/bluebird/js/release/promise.js/</module.exports/Promise.prototype._settlePromises@http://localhost:44919/__cypress/runner/cypress_runner.js:8915:18\n    ../../node_modules/bluebird/js/release/promise.js/</module.exports/Promise.prototype._fulfill@http://localhost:44919/__cypress/runner/cypress_runner.js:8859:18\n    ../../node_modules/bluebird/js/release/promise.js/</module.exports/Promise.prototype._settlePromise@http://localhost:44919/__cypress/runner/cypress_runner.js:8803:21\n    ../../node_modules/bluebird/js/release/promise.js/</module.exports/Promise.prototype._settlePromise0@http://localhost:44919/__cypress/runner/cypress_runner.js:8835:10\n    ../../node_modules/bluebird/js/release/promise.js/</module.exports/Promise.prototype._settlePromises@http://localhost:44919/__cypress/runner/cypress_runner.js:8915:18\n    ../../node_modules/bluebird/js/release/promise.js/</module.exports/Promise.prototype._fulfill@http://localhost:44919/__cypress/runner/cypress_runner.js:8859:18\n    ../../node_modules/bluebird/js/release/promise.js/</module.exports/Promise.prototype._resolveCallback@http://localhost:44919/__cypress/runner/cypress_runner.js:8653:57\n    ../../node_modules/bluebird/js/release/promise.js/</module.exports/Promise.prototype._settlePromiseFromHandler@http://localhost:44919/__cypress/runner/cypress_runner.js:8745:17\n    ../../node_modules/bluebird/js/release/promise.js/</module.exports/Promise.prototype._settlePromise@http://localhost:44919/__cypress/runner/cypress_runner.js:8790:18\n    ../../node_modules/bluebird/js/release/promise.js/</module.exports/Promise.prototype._settlePromise0@http://localhost:44919/__cypress/runner/cypress_runner.js:8835:10\n    ../../node_modules/bluebird/js/release/promise.js/</module.exports/Promise.prototype._settlePromises@http://localhost:44919/__cypress/runner/cypress_runner.js:8915:18\n    ../../node_modules/bluebird/js/release/promise.js/</module.exports/Promise.prototype._fulfill@http://localhost:44919/__cypress/runner/cypress_runner.js:8859:18\n    ../../node_modules/bluebird/js/release/promise_array.js/module.exports/PromiseArray.prototype._resolve@http://localhost:44919/__cypress/runner/cypress_runner.js:9132:19\n    ../../node_modules/bluebird/js/release/promise_array.js/module.exports/PromiseArray.prototype._promiseFulfilled@http://localhost:44919/__cypress/runner/cypress_runner.js:9150:14\n    ../../node_modules/bluebird/js/release/promise_array.js/module.exports/PromiseArray.prototype._iterate@http://localhost:44919/__cypress/runner/cypress_runner.js:9120:31\n    init@http://localhost:44919/__cypress/runner/cypress_runner.js:9084:10\n    ../../node_modules/bluebird/js/release/promise.js/</module.exports/Promise.prototype._settlePromise@http://localhost:44919/__cypress/runner/cypress_runner.js:8787:21\n    ../../node_modules/bluebird/js/release/promise.js/</module.exports/Promise.prototype._settlePromise0@http://localhost:44919/__cypress/runner/cypress_runner.js:8835:10\n    ../../node_modules/bluebird/js/release/promise.js/</module.exports/Promise.prototype._settlePromises@http://localhost:44919/__cypress/runner/cypress_runner.js:8915:18\n    ../../node_modules/bluebird/js/release/promise.js/</module.exports/Promise.prototype._fulfill@http://localhost:44919/__cypress/runner/cypress_runner.js:8859:18\n    ../../node_modules/bluebird/js/release/promise_array.js/module.exports/PromiseArray.prototype._resolve@http://localhost:44919/__cypress/runner/cypress_runner.js:9132:19\n    ../../node_modules/bluebird/js/release/promise_array.js/module.exports/PromiseArray.prototype._promiseFulfilled@http://localhost:44919/__cypress/runner/cypress_runner.js:9150:14\n    ../../node_modules/bluebird/js/release/promise.js/</module.exports/Promise.prototype._settlePromise@http://localhost:44919/__cypress/runner/cypress_runner.js:8795:26\n    ../../node_modules/bluebird/js/release/promise.js/</module.exports/Promise.prototype._settlePromise0@http://localhost:44919/__cypress/runner/cypress_runner.js:8835:10\n    ../../node_modules/bluebird/js/release/promise.js/</module.exports/Promise.prototype._settlePromises@http://localhost:44919/__cypress/runner/cypress_runner.js:8915:18\n    ../../node_modules/bluebird/js/release/promise.js/</module.exports/Promise.prototype._fulfill@http://localhost:44919/__cypress/runner/cypress_runner.js:8859:18\n    ../../node_modules/bluebird/js/release/promise_array.js/module.exports/PromiseArray.prototype._resolve@http://localhost:44919/__cypress/runner/cypress_runner.js:9132:19\n    ../../node_modules/bluebird/js/release/map.js/module.exports/MappingPromiseArray.prototype._promiseFulfilled@http://localhost:44919/__cypress/runner/cypress_runner.js:7958:18\n    ../../node_modules/bluebird/js/release/promise.js/</module.exports/Promise.prototype._settlePromise@http://localhost:44919/__cypress/runner/cypress_runner.js:8795:26\n    ../../node_modules/bluebird/js/release/promise.js/</module.exports/Promise.prototype._settlePromise0@http://localhost:44919/__cypress/runner/cypress_runner.js:8835:10\n    ../../node_modules/bluebird/js/release/promise.js/</module.exports/Promise.prototype._settlePromises@http://localhost:44919/__cypress/runner/cypress_runner.js:8915:18\n    _drainQueueStep@http://localhost:44919/__cypress/runner/cypress_runner.js:5505:12\n    _drainQueue@http://localhost:44919/__cypress/runner/cypress_runner.js:5498:24\n    ../../node_modules/bluebird/js/release/async.js/</Async.prototype._drainQueues@http://localhost:44919/__cypress/runner/cypress_runner.js:5514:16\n    Async/this.drainQueues@http://localhost:44919/__cypress/runner/cypress_runner.js:5384:14\n\n\nFrom Node.js Internals:\n  Error: connect ECONNREFUSED 127.0.0.1:5500\n      at TCPConnectWrap.afterConnect [as oncomplete] (net.js:1146:16)\n  ",
                "diff": null
              },
              "uuid": "8dc3d9fe-84b7-4aa1-bca3-0e6bbf1d52a1",
              "parentUUID": "ad3c033f-5455-4b12-81fc-48051c6a2e54",
              "isHook": false,
              "skipped": false
            },
            {
              "title": "Window pop up",
              "fullTitle": "Popup handling Window pop up",
              "timedOut": null,
              "duration": 4478,
              "state": "failed",
              "speed": null,
              "pass": false,
              "fail": true,
              "pending": false,
              "context": "\"assets/TC_06_PopUpHandling.spec.js/Popup handling -- Window pop up (failed).png\"",
              "code": "const pop_url = \"https://www.youtube.com/c/qaboxletstest/\";\ncy.window().then(win => {\n  const stub = cy.stub(win, 'open').as('windowopen');\n});\ncy.get('button#winpop').click();\ncy.get('@windowopen').should('be.calledWith', pop_url);\ncy.window().then(win => {\n  win.location.href = pop_url;\n  cy.get('input#search').type('Cypress by qa box lets test{enter}');\n});",
              "err": {
                "message": "AssertionError: Timed out retrying after 4000ms: Expected to find element: `button#winpop`, but never found it.",
                "estack": "AssertionError: Timed out retrying after 4000ms: Expected to find element: `button#winpop`, but never found it.\n    ./cypress/integration/demo-test/TC_06_PopUpHandling.spec.js/</<@http://localhost:44919/__cypress/tests?p=cypress/integration/demo-test/TC_06_PopUpHandling.spec.js:137:8\n    setRunnable/runnable.fn@http://localhost:44919/__cypress/runner/cypress_runner.js:153638:45\n    callFn@http://localhost:44919/__cypress/runner/cypress_runner.js:109370:21\n    onRunnableRun/<@http://localhost:44919/__cypress/runner/cypress_runner.js:159643:28\n    finallyHandler@http://localhost:44919/__cypress/runner/cypress_runner.js:7352:23\n    tryCatcher@http://localhost:44919/__cypress/runner/cypress_runner.js:10798:23\n    ../../node_modules/bluebird/js/release/promise.js/</module.exports/Promise.prototype._settlePromiseFromHandler@http://localhost:44919/__cypress/runner/cypress_runner.js:8733:31\n    ../../node_modules/bluebird/js/release/promise.js/</module.exports/Promise.prototype._settlePromise@http://localhost:44919/__cypress/runner/cypress_runner.js:8790:18\n    ../../node_modules/bluebird/js/release/promise.js/</module.exports/Promise.prototype._settlePromise0@http://localhost:44919/__cypress/runner/cypress_runner.js:8835:10\n    ../../node_modules/bluebird/js/release/promise.js/</module.exports/Promise.prototype._settlePromises@http://localhost:44919/__cypress/runner/cypress_runner.js:8915:18\n    ../../node_modules/bluebird/js/release/promise.js/</module.exports/Promise.prototype._fulfill@http://localhost:44919/__cypress/runner/cypress_runner.js:8859:18\n    ../../node_modules/bluebird/js/release/promise.js/</module.exports/Promise.prototype._settlePromise@http://localhost:44919/__cypress/runner/cypress_runner.js:8803:21\n    ../../node_modules/bluebird/js/release/promise.js/</module.exports/Promise.prototype._settlePromise0@http://localhost:44919/__cypress/runner/cypress_runner.js:8835:10\n    ../../node_modules/bluebird/js/release/promise.js/</module.exports/Promise.prototype._settlePromises@http://localhost:44919/__cypress/runner/cypress_runner.js:8915:18\n    ../../node_modules/bluebird/js/release/promise.js/</module.exports/Promise.prototype._fulfill@http://localhost:44919/__cypress/runner/cypress_runner.js:8859:18\n    ../../node_modules/bluebird/js/release/promise.js/</module.exports/Promise.prototype._resolveCallback@http://localhost:44919/__cypress/runner/cypress_runner.js:8653:57\n    ../../node_modules/bluebird/js/release/promise.js/</module.exports/Promise.prototype._settlePromiseFromHandler@http://localhost:44919/__cypress/runner/cypress_runner.js:8745:17\n    ../../node_modules/bluebird/js/release/promise.js/</module.exports/Promise.prototype._settlePromise@http://localhost:44919/__cypress/runner/cypress_runner.js:8790:18\n    ../../node_modules/bluebird/js/release/promise.js/</module.exports/Promise.prototype._settlePromise0@http://localhost:44919/__cypress/runner/cypress_runner.js:8835:10\n    ../../node_modules/bluebird/js/release/promise.js/</module.exports/Promise.prototype._settlePromises@http://localhost:44919/__cypress/runner/cypress_runner.js:8915:18\n    ../../node_modules/bluebird/js/release/promise.js/</module.exports/Promise.prototype._fulfill@http://localhost:44919/__cypress/runner/cypress_runner.js:8859:18\n    ../../node_modules/bluebird/js/release/promise_array.js/module.exports/PromiseArray.prototype._resolve@http://localhost:44919/__cypress/runner/cypress_runner.js:9132:19\n    ../../node_modules/bluebird/js/release/promise_array.js/module.exports/PromiseArray.prototype._promiseFulfilled@http://localhost:44919/__cypress/runner/cypress_runner.js:9150:14\n    ../../node_modules/bluebird/js/release/promise_array.js/module.exports/PromiseArray.prototype._iterate@http://localhost:44919/__cypress/runner/cypress_runner.js:9120:31\n    init@http://localhost:44919/__cypress/runner/cypress_runner.js:9084:10\n    ../../node_modules/bluebird/js/release/promise.js/</module.exports/Promise.prototype._settlePromise@http://localhost:44919/__cypress/runner/cypress_runner.js:8787:21\n    ../../node_modules/bluebird/js/release/promise.js/</module.exports/Promise.prototype._settlePromise0@http://localhost:44919/__cypress/runner/cypress_runner.js:8835:10\n    ../../node_modules/bluebird/js/release/promise.js/</module.exports/Promise.prototype._settlePromises@http://localhost:44919/__cypress/runner/cypress_runner.js:8915:18\n    ../../node_modules/bluebird/js/release/promise.js/</module.exports/Promise.prototype._fulfill@http://localhost:44919/__cypress/runner/cypress_runner.js:8859:18\n    ../../node_modules/bluebird/js/release/promise_array.js/module.exports/PromiseArray.prototype._resolve@http://localhost:44919/__cypress/runner/cypress_runner.js:9132:19\n    ../../node_modules/bluebird/js/release/promise_array.js/module.exports/PromiseArray.prototype._promiseFulfilled@http://localhost:44919/__cypress/runner/cypress_runner.js:9150:14\n    ../../node_modules/bluebird/js/release/promise.js/</module.exports/Promise.prototype._settlePromise@http://localhost:44919/__cypress/runner/cypress_runner.js:8795:26\n    ../../node_modules/bluebird/js/release/promise.js/</module.exports/Promise.prototype._settlePromise0@http://localhost:44919/__cypress/runner/cypress_runner.js:8835:10\n    ../../node_modules/bluebird/js/release/promise.js/</module.exports/Promise.prototype._settlePromises@http://localhost:44919/__cypress/runner/cypress_runner.js:8915:18\n    ../../node_modules/bluebird/js/release/promise.js/</module.exports/Promise.prototype._fulfill@http://localhost:44919/__cypress/runner/cypress_runner.js:8859:18\n    ../../node_modules/bluebird/js/release/promise_array.js/module.exports/PromiseArray.prototype._resolve@http://localhost:44919/__cypress/runner/cypress_runner.js:9132:19\n    ../../node_modules/bluebird/js/release/map.js/module.exports/MappingPromiseArray.prototype._promiseFulfilled@http://localhost:44919/__cypress/runner/cypress_runner.js:7958:18\n    ../../node_modules/bluebird/js/release/promise.js/</module.exports/Promise.prototype._settlePromise@http://localhost:44919/__cypress/runner/cypress_runner.js:8795:26\n    ../../node_modules/bluebird/js/release/promise.js/</module.exports/Promise.prototype._settlePromise0@http://localhost:44919/__cypress/runner/cypress_runner.js:8835:10\n    ../../node_modules/bluebird/js/release/promise.js/</module.exports/Promise.prototype._settlePromises@http://localhost:44919/__cypress/runner/cypress_runner.js:8915:18\n    _drainQueueStep@http://localhost:44919/__cypress/runner/cypress_runner.js:5505:12\n    _drainQueue@http://localhost:44919/__cypress/runner/cypress_runner.js:5498:24\n    ../../node_modules/bluebird/js/release/async.js/</Async.prototype._drainQueues@http://localhost:44919/__cypress/runner/cypress_runner.js:5514:16\n    Async/this.drainQueues@http://localhost:44919/__cypress/runner/cypress_runner.js:5384:14\n",
                "diff": null
              },
              "uuid": "46aad25f-0694-4c2f-ba76-9534086ce55b",
              "parentUUID": "ad3c033f-5455-4b12-81fc-48051c6a2e54",
              "isHook": false,
              "skipped": false
            }
          ],
          "suites": [],
          "passes": [],
          "failures": [
            "d71f3b32-b4c0-4ef8-88d4-f867fc696c58",
            "5dc235f2-afe2-4446-a0bf-2b4a27858c00",
            "aae7d027-a9f2-4421-828d-e438f509414a",
            "8dc3d9fe-84b7-4aa1-bca3-0e6bbf1d52a1",
            "46aad25f-0694-4c2f-ba76-9534086ce55b"
          ],
          "pending": [],
          "skipped": [],
          "duration": 11241,
          "root": false,
          "rootEmpty": false,
          "_timeout": 2000
        }
      ],
      "passes": [],
      "failures": [],
      "pending": [],
      "skipped": [],
      "duration": 0,
      "root": true,
      "rootEmpty": true,
      "_timeout": 2000
    }
  ],
  "meta": {
    "mocha": {
      "version": "7.0.1"
    },
    "mochawesome": {
      "options": {
        "quiet": false,
        "reportFilename": "mochawesome",
        "saveHtml": false,
        "saveJson": true,
        "consoleReporter": "spec",
        "useInlineDiffs": false,
        "code": true
      },
      "version": "7.1.3"
    },
    "marge": {
      "options": {
        "id": "default",
        "reportDir": "cypress/reports/mocha",
        "quite": true,
        "overwrite": false,
        "html": false,
        "json": true
      },
      "version": "6.2.0"
    }
  }
}