{
  "stats": {
    "suites": 1,
    "tests": 4,
    "passes": 2,
    "pending": 1,
    "failures": 1,
    "start": "2022-10-15T10:08:13.191Z",
    "end": "2022-10-15T10:08:36.824Z",
    "duration": 23633,
    "testsRegistered": 5,
    "passPercent": 50,
    "pendingPercent": 20,
    "other": 1,
    "hasOther": true,
    "skipped": 0,
    "hasSkipped": false
  },
  "results": [
    {
      "uuid": "dc371925-459d-4c1a-80cb-38bb3721830e",
      "title": "",
      "fullFile": "cypress/integration/demo-test/TC_24_SlidersHandling.spec.js",
      "file": "cypress/integration/demo-test/TC_24_SlidersHandling.spec.js",
      "beforeHooks": [],
      "afterHooks": [],
      "tests": [],
      "suites": [
        {
          "uuid": "78619b88-18a3-4072-be4f-dfb4edcf3560",
          "title": "Slider suit",
          "fullFile": "",
          "file": "",
          "beforeHooks": [],
          "afterHooks": [],
          "tests": [
            {
              "title": "Slider Test - input type=range",
              "fullTitle": "Slider suit Slider Test - input type=range",
              "timedOut": null,
              "duration": 863,
              "state": "failed",
              "speed": null,
              "pass": false,
              "fail": true,
              "pending": false,
              "context": "\"assets/TC_24_SlidersHandling.spec.js/Slider suit -- Slider Test - input type=range (failed).png\"",
              "code": "cy.visit(\"http://127.0.0.1:5500/HelpFolder/sliders.html\");\ncy.get(\"#rangeone\").invoke(\"val\", \"72\").trigger(\"change\");\ncy.get(\"p#one\").should(\"have.text\", 70);\ncy.get(\"#rangetwo\").invoke(\"val\", \"76\").trigger(\"change\");\ncy.get(\"p#two\").should(\"have.text\", 80);",
              "err": {
                "message": "CypressError: `cy.visit()` failed trying to load:\n\nhttp://127.0.0.1:5500/HelpFolder/sliders.html\n\nWe attempted to make an http request to this URL but the request failed without a response.\n\nWe received this error at the network level:\n\n  > Error: connect ECONNREFUSED 127.0.0.1:5500\n\nCommon situations why this would fail:\n  - you don't have internet access\n  - you forgot to run / boot your web server\n  - your web server isn't accessible\n  - you have weird network configuration settings on your computer",
                "estack": "CypressError: `cy.visit()` failed trying to load:\n\nhttp://127.0.0.1:5500/HelpFolder/sliders.html\n\nWe attempted to make an http request to this URL but the request failed without a response.\n\nWe received this error at the network level:\n\n  > Error: connect ECONNREFUSED 127.0.0.1:5500\n\nCommon situations why this would fail:\n  - you don't have internet access\n  - you forgot to run / boot your web server\n  - your web server isn't accessible\n  - you have weird network configuration settings on your computer\n    at http://localhost:40765/__cypress/runner/cypress_runner.js:140524:23\n    at visitFailedByErr (http://localhost:40765/__cypress/runner/cypress_runner.js:139883:12)\n    at http://localhost:40765/__cypress/runner/cypress_runner.js:140523:11\n    at tryCatcher (http://localhost:40765/__cypress/runner/cypress_runner.js:10798:23)\n    at Promise._settlePromiseFromHandler (http://localhost:40765/__cypress/runner/cypress_runner.js:8733:31)\n    at Promise._settlePromise (http://localhost:40765/__cypress/runner/cypress_runner.js:8790:18)\n    at Promise._settlePromise0 (http://localhost:40765/__cypress/runner/cypress_runner.js:8835:10)\n    at Promise._settlePromises (http://localhost:40765/__cypress/runner/cypress_runner.js:8911:18)\n    at _drainQueueStep (http://localhost:40765/__cypress/runner/cypress_runner.js:5505:12)\n    at _drainQueue (http://localhost:40765/__cypress/runner/cypress_runner.js:5498:9)\n    at Async.../../node_modules/bluebird/js/release/async.js.Async._drainQueues (http://localhost:40765/__cypress/runner/cypress_runner.js:5514:5)\n    at Async.drainQueues (http://localhost:40765/__cypress/runner/cypress_runner.js:5384:14)\nFrom Your Spec Code:\n    at Context.eval (http://localhost:40765/__cypress/tests?p=cypress/integration/demo-test/TC_24_SlidersHandling.spec.js:105:8)\n\nFrom Node.js Internals:\n  Error: connect ECONNREFUSED 127.0.0.1:5500\n      at TCPConnectWrap.afterConnect [as oncomplete] (net.js:1146:16)\n  ",
                "diff": null
              },
              "uuid": "8dcae54f-1ff6-437e-a190-45193d3ae1a7",
              "parentUUID": "78619b88-18a3-4072-be4f-dfb4edcf3560",
              "isHook": false,
              "skipped": false
            },
            {
              "title": "Slider Test - Built from CSS",
              "fullTitle": "Slider suit Slider Test - Built from CSS",
              "timedOut": null,
              "duration": 676,
              "state": "failed",
              "speed": null,
              "pass": false,
              "fail": true,
              "pending": false,
              "context": "\"assets/TC_24_SlidersHandling.spec.js/Slider suit -- Slider Test - Built from CSS (failed).png\"",
              "code": "cy.visit(\"http://127.0.0.1:5500/HelpFolder/styledslider.html\");\ncy.get(\"div#slide-2\").click({\n  force: true\n});\ncy.get(\"div#slide-3\").click({\n  force: true\n});\ncy.get('a[href=\"#slide-1\"]').click();\ncy.url().should(\"include\", \"#slide-1\");",
              "err": {
                "message": "CypressError: `cy.visit()` failed trying to load:\n\nhttp://127.0.0.1:5500/HelpFolder/styledslider.html\n\nWe attempted to make an http request to this URL but the request failed without a response.\n\nWe received this error at the network level:\n\n  > Error: connect ECONNREFUSED 127.0.0.1:5500\n\nCommon situations why this would fail:\n  - you don't have internet access\n  - you forgot to run / boot your web server\n  - your web server isn't accessible\n  - you have weird network configuration settings on your computer",
                "estack": "CypressError: `cy.visit()` failed trying to load:\n\nhttp://127.0.0.1:5500/HelpFolder/styledslider.html\n\nWe attempted to make an http request to this URL but the request failed without a response.\n\nWe received this error at the network level:\n\n  > Error: connect ECONNREFUSED 127.0.0.1:5500\n\nCommon situations why this would fail:\n  - you don't have internet access\n  - you forgot to run / boot your web server\n  - your web server isn't accessible\n  - you have weird network configuration settings on your computer\n    at http://localhost:40765/__cypress/runner/cypress_runner.js:140524:23\n    at visitFailedByErr (http://localhost:40765/__cypress/runner/cypress_runner.js:139883:12)\n    at http://localhost:40765/__cypress/runner/cypress_runner.js:140523:11\n    at tryCatcher (http://localhost:40765/__cypress/runner/cypress_runner.js:10798:23)\n    at Promise._settlePromiseFromHandler (http://localhost:40765/__cypress/runner/cypress_runner.js:8733:31)\n    at Promise._settlePromise (http://localhost:40765/__cypress/runner/cypress_runner.js:8790:18)\n    at Promise._settlePromise0 (http://localhost:40765/__cypress/runner/cypress_runner.js:8835:10)\n    at Promise._settlePromises (http://localhost:40765/__cypress/runner/cypress_runner.js:8911:18)\n    at _drainQueueStep (http://localhost:40765/__cypress/runner/cypress_runner.js:5505:12)\n    at _drainQueue (http://localhost:40765/__cypress/runner/cypress_runner.js:5498:9)\n    at Async.../../node_modules/bluebird/js/release/async.js.Async._drainQueues (http://localhost:40765/__cypress/runner/cypress_runner.js:5514:5)\n    at Async.drainQueues (http://localhost:40765/__cypress/runner/cypress_runner.js:5384:14)\nFrom Your Spec Code:\n    at Context.eval (http://localhost:40765/__cypress/tests?p=cypress/integration/demo-test/TC_24_SlidersHandling.spec.js:112:8)\n\nFrom Node.js Internals:\n  Error: connect ECONNREFUSED 127.0.0.1:5500\n      at TCPConnectWrap.afterConnect [as oncomplete] (net.js:1146:16)\n  ",
                "diff": null
              },
              "uuid": "a34ecf91-1b36-4126-a66c-f14e0a13a85b",
              "parentUUID": "78619b88-18a3-4072-be4f-dfb4edcf3560",
              "isHook": false,
              "skipped": false
            },
            {
              "title": "Slider Test - External website",
              "fullTitle": "Slider suit Slider Test - External website",
              "timedOut": null,
              "duration": 8204,
              "state": "passed",
              "speed": "slow",
              "pass": true,
              "fail": false,
              "pending": false,
              "context": null,
              "code": "cy.visit(\"http://testautomationpractice.blogspot.com/\");\ncy.get(\"div#slider span\").invoke(\"attr\", \"style\", \"left: 80%;\");",
              "err": {},
              "uuid": "14fb2036-2c05-43b1-9267-cbd08ba0ebb3",
              "parentUUID": "78619b88-18a3-4072-be4f-dfb4edcf3560",
              "isHook": false,
              "skipped": false
            },
            {
              "title": "Slider Test - MaterialUi",
              "fullTitle": "Slider suit Slider Test - MaterialUi",
              "timedOut": null,
              "duration": 0,
              "state": "pending",
              "speed": null,
              "pass": false,
              "fail": false,
              "pending": true,
              "context": null,
              "code": "",
              "err": {},
              "uuid": "63d601eb-c4d1-41e0-ac53-4ca8eeb71a30",
              "parentUUID": "78619b88-18a3-4072-be4f-dfb4edcf3560",
              "isHook": false,
              "skipped": false
            },
            {
              "title": "Amazon Slider",
              "fullTitle": "Slider suit Amazon Slider",
              "timedOut": null,
              "duration": 5843,
              "state": "passed",
              "speed": "slow",
              "pass": true,
              "fail": false,
              "pending": false,
              "context": null,
              "code": "cy.visit(\"https://www.amazon.in/\");\ncy.get(\".a-section.a-spacing-none.shogun-widget.card-lite.image-shoveler.aui-desktop.fresh-shoveler.image-shoveler>div.a-section.a-spacing-none.feed-carousel>span .feed-scrollbar-thumb\", {\n  timeout: 10000\n}).invoke(\"attr\", \"style\", \"left: 211px; width: 311.176px; display: inline;\");",
              "err": {},
              "uuid": "1b9533a4-6779-47dd-8a92-a629a6902054",
              "parentUUID": "78619b88-18a3-4072-be4f-dfb4edcf3560",
              "isHook": false,
              "skipped": false
            }
          ],
          "suites": [],
          "passes": [
            "14fb2036-2c05-43b1-9267-cbd08ba0ebb3",
            "1b9533a4-6779-47dd-8a92-a629a6902054"
          ],
          "failures": [
            "8dcae54f-1ff6-437e-a190-45193d3ae1a7",
            "a34ecf91-1b36-4126-a66c-f14e0a13a85b"
          ],
          "pending": [
            "63d601eb-c4d1-41e0-ac53-4ca8eeb71a30"
          ],
          "skipped": [],
          "duration": 15586,
          "root": false,
          "rootEmpty": false,
          "_timeout": 2000
        }
      ],
      "passes": [],
      "failures": [],
      "pending": [],
      "skipped": [],
      "duration": 0,
      "root": true,
      "rootEmpty": true,
      "_timeout": 2000
    }
  ],
  "meta": {
    "mocha": {
      "version": "7.0.1"
    },
    "mochawesome": {
      "options": {
        "quiet": false,
        "reportFilename": "mochawesome",
        "saveHtml": false,
        "saveJson": true,
        "consoleReporter": "spec",
        "useInlineDiffs": false,
        "code": true
      },
      "version": "7.1.3"
    },
    "marge": {
      "options": {
        "id": "default",
        "reportDir": "cypress/reports/mocha",
        "quite": true,
        "overwrite": false,
        "html": false,
        "json": true
      },
      "version": "6.2.0"
    }
  }
}