{
  "stats": {
    "suites": 1,
    "tests": 3,
    "passes": 0,
    "pending": 0,
    "failures": 3,
    "start": "2022-10-15T09:55:31.496Z",
    "end": "2022-10-15T09:55:46.935Z",
    "duration": 15439,
    "testsRegistered": 3,
    "passPercent": 0,
    "pendingPercent": 0,
    "other": 0,
    "hasOther": false,
    "skipped": 0,
    "hasSkipped": false
  },
  "results": [
    {
      "uuid": "aa52b364-6ead-4fba-ae9a-e5f318d87c42",
      "title": "",
      "fullFile": "cypress/integration/demo-test/TC_02_WebElementCmmd.spec.js",
      "file": "cypress/integration/demo-test/TC_02_WebElementCmmd.spec.js",
      "beforeHooks": [],
      "afterHooks": [],
      "tests": [],
      "suites": [
        {
          "uuid": "c9bea6d2-368d-47c1-a8fc-ddc2cfc0d3b2",
          "title": "Web Element commands",
          "fullFile": "",
          "file": "",
          "beforeHooks": [],
          "afterHooks": [],
          "tests": [
            {
              "title": "Multiple click - Webelement command",
              "fullTitle": "Web Element commands Multiple click - Webelement command",
              "timedOut": null,
              "duration": 1236,
              "state": "failed",
              "speed": null,
              "pass": false,
              "fail": true,
              "pending": false,
              "context": "\"assets/TC_02_WebElementCmmd.spec.js/Web Element commands -- Multiple click - Webelement command (failed).png\"",
              "code": "cy.visit(\"http://127.0.0.1:5500/HelpFolder/cypresscmmands.html\");\ncy.get('fieldset#GETCOMMAND').within(div => {\n  cy.get('button').click({\n    multiple: true\n  });\n});",
              "err": {
                "message": "CypressError: `cy.visit()` failed trying to load:\n\nhttp://127.0.0.1:5500/HelpFolder/cypresscmmands.html\n\nWe attempted to make an http request to this URL but the request failed without a response.\n\nWe received this error at the network level:\n\n  > Error: connect ECONNREFUSED 127.0.0.1:5500\n\nCommon situations why this would fail:\n  - you don't have internet access\n  - you forgot to run / boot your web server\n  - your web server isn't accessible\n  - you have weird network configuration settings on your computer",
                "estack": "CypressError: `cy.visit()` failed trying to load:\n\nhttp://127.0.0.1:5500/HelpFolder/cypresscmmands.html\n\nWe attempted to make an http request to this URL but the request failed without a response.\n\nWe received this error at the network level:\n\n  > Error: connect ECONNREFUSED 127.0.0.1:5500\n\nCommon situations why this would fail:\n  - you don't have internet access\n  - you forgot to run / boot your web server\n  - your web server isn't accessible\n  - you have weird network configuration settings on your computer\n    at http://localhost:34533/__cypress/runner/cypress_runner.js:140524:23\n    at visitFailedByErr (http://localhost:34533/__cypress/runner/cypress_runner.js:139883:12)\n    at http://localhost:34533/__cypress/runner/cypress_runner.js:140523:11\n    at tryCatcher (http://localhost:34533/__cypress/runner/cypress_runner.js:10798:23)\n    at Promise._settlePromiseFromHandler (http://localhost:34533/__cypress/runner/cypress_runner.js:8733:31)\n    at Promise._settlePromise (http://localhost:34533/__cypress/runner/cypress_runner.js:8790:18)\n    at Promise._settlePromise0 (http://localhost:34533/__cypress/runner/cypress_runner.js:8835:10)\n    at Promise._settlePromises (http://localhost:34533/__cypress/runner/cypress_runner.js:8911:18)\n    at _drainQueueStep (http://localhost:34533/__cypress/runner/cypress_runner.js:5505:12)\n    at _drainQueue (http://localhost:34533/__cypress/runner/cypress_runner.js:5498:9)\n    at Async.../../node_modules/bluebird/js/release/async.js.Async._drainQueues (http://localhost:34533/__cypress/runner/cypress_runner.js:5514:5)\n    at Async.drainQueues (http://localhost:34533/__cypress/runner/cypress_runner.js:5384:14)\nFrom Your Spec Code:\n    at Context.eval (http://localhost:34533/__cypress/tests?p=cypress/integration/demo-test/TC_02_WebElementCmmd.spec.js:101:8)\n\nFrom Node.js Internals:\n  Error: connect ECONNREFUSED 127.0.0.1:5500\n      at TCPConnectWrap.afterConnect [as oncomplete] (net.js:1146:16)\n  ",
                "diff": null
              },
              "uuid": "bafabb69-4b3d-4962-ad49-035227b8b904",
              "parentUUID": "c9bea6d2-368d-47c1-a8fc-ddc2cfc0d3b2",
              "isHook": false,
              "skipped": false
            },
            {
              "title": "Single click - web element command",
              "fullTitle": "Web Element commands Single click - web element command",
              "timedOut": null,
              "duration": 6828,
              "state": "failed",
              "speed": null,
              "pass": false,
              "fail": true,
              "pending": false,
              "context": "\"assets/TC_02_WebElementCmmd.spec.js/Web Element commands -- Single click - web element command (failed).png\"",
              "code": "cy.get('button').first().click();\ncy.get('button').last().click();\ncy.get('button').eq(1).click(); // will click second index button\ncy.get('button').eq(-1).click(); // will click second last index button",
              "err": {
                "message": "AssertionError: Timed out retrying after 4000ms: Expected to find element: `button`, but never found it.",
                "estack": "AssertionError: Timed out retrying after 4000ms: Expected to find element: `button`, but never found it.\n    at Context.eval (http://localhost:34533/__cypress/tests?p=cypress/integration/demo-test/TC_02_WebElementCmmd.spec.js:109:8)",
                "diff": null
              },
              "uuid": "cf5d9804-bcdd-48f3-8a23-6b46ef3a5af6",
              "parentUUID": "c9bea6d2-368d-47c1-a8fc-ddc2cfc0d3b2",
              "isHook": false,
              "skipped": false
            },
            {
              "title": "Misc methods for web elements",
              "fullTitle": "Web Element commands Misc methods for web elements",
              "timedOut": null,
              "duration": 7042,
              "state": "failed",
              "speed": null,
              "pass": false,
              "fail": true,
              "pending": false,
              "context": "\"assets/TC_02_WebElementCmmd.spec.js/Web Element commands -- Misc methods for web elements (failed).png\"",
              "code": "//To move to last section and click/check all the buttons\ncy.get('fieldset#GETCOMMAND').children().last().find(':checkbox').check({\n  multiple: true\n}); //To move up and then find the button\ncy.get(':checkbox').parent().prev().find(\":button\").first().click();\ncy.reload(); //To find the siblings of type checkbox\ncy.get(':checkbox').eq(2).siblings(':checkbox').check({\n  multiple: true\n});\ncy.reload(); //Find a button and check all these button\ncy.get(':button').each(btn => {\n  //  btn.check({multiple:true})\n  btn.hide();\n});\ncy.get('span').each(btn => {\n  console.log(btn.text);\n});",
              "err": {
                "message": "AssertionError: Timed out retrying after 4000ms: Expected to find element: `fieldset#GETCOMMAND`, but never found it.",
                "estack": "AssertionError: Timed out retrying after 4000ms: Expected to find element: `fieldset#GETCOMMAND`, but never found it.\n    at Context.eval (http://localhost:34533/__cypress/tests?p=cypress/integration/demo-test/TC_02_WebElementCmmd.spec.js:117:8)",
                "diff": null
              },
              "uuid": "5bb9e522-c734-4f03-8723-10dddfd2c285",
              "parentUUID": "c9bea6d2-368d-47c1-a8fc-ddc2cfc0d3b2",
              "isHook": false,
              "skipped": false
            }
          ],
          "suites": [],
          "passes": [],
          "failures": [
            "bafabb69-4b3d-4962-ad49-035227b8b904",
            "cf5d9804-bcdd-48f3-8a23-6b46ef3a5af6",
            "5bb9e522-c734-4f03-8723-10dddfd2c285"
          ],
          "pending": [],
          "skipped": [],
          "duration": 15106,
          "root": false,
          "rootEmpty": false,
          "_timeout": 2000
        }
      ],
      "passes": [],
      "failures": [],
      "pending": [],
      "skipped": [],
      "duration": 0,
      "root": true,
      "rootEmpty": true,
      "_timeout": 2000
    }
  ],
  "meta": {
    "mocha": {
      "version": "7.0.1"
    },
    "mochawesome": {
      "options": {
        "quiet": false,
        "reportFilename": "mochawesome",
        "saveHtml": false,
        "saveJson": true,
        "consoleReporter": "spec",
        "useInlineDiffs": false,
        "code": true
      },
      "version": "7.1.3"
    },
    "marge": {
      "options": {
        "id": "default",
        "reportDir": "cypress/reports/mocha",
        "quite": true,
        "overwrite": false,
        "html": false,
        "json": true
      },
      "version": "6.2.0"
    }
  }
}