{
  "stats": {
    "suites": 1,
    "tests": 1,
    "passes": 0,
    "pending": 0,
    "failures": 1,
    "start": "2022-10-15T10:05:57.332Z",
    "end": "2022-10-15T10:05:58.366Z",
    "duration": 1034,
    "testsRegistered": 5,
    "passPercent": 0,
    "pendingPercent": 0,
    "other": 0,
    "hasOther": false,
    "skipped": 4,
    "hasSkipped": true
  },
  "results": [
    {
      "uuid": "fce905ff-17ff-457d-b4c5-e787fc2bfbfe",
      "title": "",
      "fullFile": "cypress/integration/demo-test/TC_17_NetworkIntercept.spec.js",
      "file": "cypress/integration/demo-test/TC_17_NetworkIntercept.spec.js",
      "beforeHooks": [],
      "afterHooks": [],
      "tests": [],
      "suites": [
        {
          "uuid": "4a89eef8-169e-496a-8c10-87571bf774e5",
          "title": "Network intercept",
          "fullFile": "",
          "file": "",
          "beforeHooks": [],
          "afterHooks": [],
          "tests": [
            {
              "title": "Spy- GET Using old server & route method in XHR request",
              "fullTitle": "Network intercept Spy- GET Using old server & route method in XHR request",
              "timedOut": null,
              "duration": 777,
              "state": "failed",
              "speed": null,
              "pass": false,
              "fail": true,
              "pending": false,
              "context": "\"assets/TC_17_NetworkIntercept.spec.js/Network intercept -- Spy- GET Using old server & route method in XHR request (failed).png\"",
              "code": "cy.server();\ncy.route('/users?*').as('useralias');\ncy.get('#loadThreeUsersXHR').click();\ncy.wait('@useralias').its('status').should('be.eq', 200);\ncy.get('#xhrusers > tbody>tr').should('have.length', 3);",
              "err": {
                "message": "CypressError: `cy.visit()` failed trying to load:\n\nhttp://127.0.0.1:5500/HelpFolder/intercept.html\n\nWe attempted to make an http request to this URL but the request failed without a response.\n\nWe received this error at the network level:\n\n  > Error: connect ECONNREFUSED 127.0.0.1:5500\n\nCommon situations why this would fail:\n  - you don't have internet access\n  - you forgot to run / boot your web server\n  - your web server isn't accessible\n  - you have weird network configuration settings on your computer\n\nBecause this error occurred during a `before each` hook we are skipping the remaining tests in the current suite: `Network intercept`",
                "estack": "CypressError: `cy.visit()` failed trying to load:\n\nhttp://127.0.0.1:5500/HelpFolder/intercept.html\n\nWe attempted to make an http request to this URL but the request failed without a response.\n\nWe received this error at the network level:\n\n  > Error: connect ECONNREFUSED 127.0.0.1:5500\n\nCommon situations why this would fail:\n  - you don't have internet access\n  - you forgot to run / boot your web server\n  - your web server isn't accessible\n  - you have weird network configuration settings on your computer\n\nBecause this error occurred during a `before each` hook we are skipping the remaining tests in the current suite: `Network intercept`\n    at http://localhost:40765/__cypress/runner/cypress_runner.js:140524:23\n    at visitFailedByErr (http://localhost:40765/__cypress/runner/cypress_runner.js:139883:12)\n    at http://localhost:40765/__cypress/runner/cypress_runner.js:140523:11\n    at tryCatcher (http://localhost:40765/__cypress/runner/cypress_runner.js:10798:23)\n    at Promise._settlePromiseFromHandler (http://localhost:40765/__cypress/runner/cypress_runner.js:8733:31)\n    at Promise._settlePromise (http://localhost:40765/__cypress/runner/cypress_runner.js:8790:18)\n    at Promise._settlePromise0 (http://localhost:40765/__cypress/runner/cypress_runner.js:8835:10)\n    at Promise._settlePromises (http://localhost:40765/__cypress/runner/cypress_runner.js:8911:18)\n    at _drainQueueStep (http://localhost:40765/__cypress/runner/cypress_runner.js:5505:12)\n    at _drainQueue (http://localhost:40765/__cypress/runner/cypress_runner.js:5498:9)\n    at Async.../../node_modules/bluebird/js/release/async.js.Async._drainQueues (http://localhost:40765/__cypress/runner/cypress_runner.js:5514:5)\n    at Async.drainQueues (http://localhost:40765/__cypress/runner/cypress_runner.js:5384:14)\nFrom Your Spec Code:\n    at Context.eval (http://localhost:40765/__cypress/tests?p=cypress/integration/demo-test/TC_17_NetworkIntercept.spec.js:101:8)\n\nFrom Node.js Internals:\n  Error: connect ECONNREFUSED 127.0.0.1:5500\n      at TCPConnectWrap.afterConnect [as oncomplete] (net.js:1146:16)\n  ",
                "diff": null
              },
              "uuid": "242e1083-362b-4581-b6f7-c583c10562a2",
              "parentUUID": "4a89eef8-169e-496a-8c10-87571bf774e5",
              "isHook": false,
              "skipped": false
            },
            {
              "title": "Spy- POST Using old server & route method in XHR request",
              "fullTitle": "Network intercept Spy- POST Using old server & route method in XHR request",
              "timedOut": null,
              "duration": 0,
              "state": "skipped",
              "speed": null,
              "pass": false,
              "fail": false,
              "pending": false,
              "context": null,
              "code": "cy.server();\ncy.route('POST', '/users').as('useralias');\ncy.get('#xhrname').type('Mandeep Sheoran');\ncy.get('#xhremail').type('Mandeep@gmail.com');\ncy.get('#xhrbtn').click();\ncy.wait('@useralias').then(xhrreq => {\n  expect(xhrreq.status).to.eq(201);\n  expect(xhrreq.response.body.name).to.eq('Mandeep Sheoran');\n});\ncy.get('#xhrspan').should('have.text', 'Successful : 11 - Mandeep Sheoran - Mandeep@gmail.com');",
              "err": {},
              "uuid": "b7a0f031-455a-49a2-8b2f-505a7fe488f6",
              "parentUUID": "4a89eef8-169e-496a-8c10-87571bf774e5",
              "isHook": false,
              "skipped": true
            },
            {
              "title": "Stub- GET Using old server & route method in XHR request",
              "fullTitle": "Network intercept Stub- GET Using old server & route method in XHR request",
              "timedOut": null,
              "duration": 0,
              "state": "skipped",
              "speed": null,
              "pass": false,
              "fail": false,
              "pending": false,
              "context": null,
              "code": "cy.server();\ncy.route('/users?*', 'fixture:interceptstubdata.json').as('useralias');\ncy.get('#loadThreeUsersXHR').click();\ncy.wait('@useralias').its('status').should('be.eq', 200);\ncy.get('#xhrusers > tbody>tr').should('have.length', 1);",
              "err": {},
              "uuid": "0c2f8dab-98c5-472b-a32a-6d6127fe9bf1",
              "parentUUID": "4a89eef8-169e-496a-8c10-87571bf774e5",
              "isHook": false,
              "skipped": true
            },
            {
              "title": "Spy- GET Using new Intercept method in Fetch API",
              "fullTitle": "Network intercept Spy- GET Using new Intercept method in Fetch API",
              "timedOut": null,
              "duration": 0,
              "state": "skipped",
              "speed": null,
              "pass": false,
              "fail": false,
              "pending": false,
              "context": null,
              "code": "cy.intercept({\n  pathname: \"/users\",\n  method: \"GET\",\n  query: {\n    _limit: \"3\"\n  }\n}).as(\"users\");\ncy.get(\"#loadThreeUsersFETCH\").click();\ncy.wait(\"@users\").its(\"response.body\").should(\"have.length\", 3);\ncy.get(\"#fetchusers > tbody >tr\").should(\"have.length\", 3);",
              "err": {},
              "uuid": "f42fa5d8-85d0-4536-b56b-4ea1a130a644",
              "parentUUID": "4a89eef8-169e-496a-8c10-87571bf774e5",
              "isHook": false,
              "skipped": true
            },
            {
              "title": "Stub- GET Using new Intercept method in Fetch API",
              "fullTitle": "Network intercept Stub- GET Using new Intercept method in Fetch API",
              "timedOut": null,
              "duration": 0,
              "state": "skipped",
              "speed": null,
              "pass": false,
              "fail": false,
              "pending": false,
              "context": null,
              "code": "cy.intercept({\n  pathname: \"/users\",\n  method: \"GET\",\n  query: {\n    _limit: \"3\"\n  }\n}, {\n  fixture: \"interceptstubdata.json\"\n}).as(\"users\");\ncy.get(\"#loadThreeUsersFETCH\").click();\ncy.wait(\"@users\").its(\"response.body\").should('exist');\ncy.get(\"#fetchusers > tbody >tr\").should(\"have.length\", 1);",
              "err": {},
              "uuid": "09fef53b-79fa-4b2e-8ffd-5c37ed5987ab",
              "parentUUID": "4a89eef8-169e-496a-8c10-87571bf774e5",
              "isHook": false,
              "skipped": true
            }
          ],
          "suites": [],
          "passes": [],
          "failures": [
            "242e1083-362b-4581-b6f7-c583c10562a2"
          ],
          "pending": [],
          "skipped": [
            "b7a0f031-455a-49a2-8b2f-505a7fe488f6",
            "0c2f8dab-98c5-472b-a32a-6d6127fe9bf1",
            "f42fa5d8-85d0-4536-b56b-4ea1a130a644",
            "09fef53b-79fa-4b2e-8ffd-5c37ed5987ab"
          ],
          "duration": 777,
          "root": false,
          "rootEmpty": false,
          "_timeout": 2000
        }
      ],
      "passes": [],
      "failures": [],
      "pending": [],
      "skipped": [],
      "duration": 0,
      "root": true,
      "rootEmpty": true,
      "_timeout": 2000
    }
  ],
  "meta": {
    "mocha": {
      "version": "7.0.1"
    },
    "mochawesome": {
      "options": {
        "quiet": false,
        "reportFilename": "mochawesome",
        "saveHtml": false,
        "saveJson": true,
        "consoleReporter": "spec",
        "useInlineDiffs": false,
        "code": true
      },
      "version": "7.1.3"
    },
    "marge": {
      "options": {
        "id": "default",
        "reportDir": "cypress/reports/mocha",
        "quite": true,
        "overwrite": false,
        "html": false,
        "json": true
      },
      "version": "6.2.0"
    }
  }
}