{
  "stats": {
    "suites": 1,
    "tests": 1,
    "passes": 0,
    "pending": 0,
    "failures": 1,
    "start": "2022-10-15T09:58:47.162Z",
    "end": "2022-10-15T09:58:48.598Z",
    "duration": 1436,
    "testsRegistered": 4,
    "passPercent": 0,
    "pendingPercent": 0,
    "other": 0,
    "hasOther": false,
    "skipped": 1,
    "hasSkipped": true
  },
  "results": [
    {
      "uuid": "d8ead67e-467e-4fd8-85ee-9e650bea4cde",
      "title": "",
      "fullFile": "cypress/integration/demo-test/TC_09_DropdownHandling.spec.js",
      "file": "cypress/integration/demo-test/TC_09_DropdownHandling.spec.js",
      "beforeHooks": [],
      "afterHooks": [],
      "tests": [],
      "suites": [
        {
          "uuid": "d754d645-23c0-45e8-9528-ef627bd67c21",
          "title": "Dropdown handling",
          "fullFile": "",
          "file": "",
          "beforeHooks": [],
          "afterHooks": [],
          "tests": [
            {
              "title": "Select dropdown using JS,JQuery,Cypress",
              "fullTitle": "Dropdown handling Select dropdown using JS,JQuery,Cypress",
              "timedOut": null,
              "duration": 984,
              "state": "failed",
              "speed": null,
              "pass": false,
              "fail": true,
              "pending": false,
              "context": "\"assets/TC_09_DropdownHandling.spec.js/Dropdown handling -- Select dropdown using JS,JQuery,Cypress (failed).png\"",
              "code": "//Normal JS way of handling\ncy.get('#speed').select('Slow').should($el => {\n  const el = $el[0];\n  expect(el.options[el.selectedIndex].value).to.eql('2');\n  expect(el.options[el.selectedIndex].text).to.eql('Slow');\n}); //  cy.get('#speed').should('have.text', 'Slow')\n//JQuery Way\ncy.get('#speed').select('Slow').should($el => {\n  expect($el.val()).to.eql('2');\n  expect($el.find(\"option:selected\").text()).to.eql('Slow');\n}); //Cypress Way of handling\ncy.get('#speed').select('Slow').find('option:selected').as('selectedvalue');\ncy.get('@selectedvalue').invoke('text').should('eq', 'Slow');\ncy.get('@selectedvalue').invoke('val').should('eq', '2');",
              "err": {
                "message": "CypressError: `cy.visit()` failed trying to load:\n\nhttp://127.0.0.1:5500/HelpFolder/differentDropDownTypes.html\n\nWe attempted to make an http request to this URL but the request failed without a response.\n\nWe received this error at the network level:\n\n  > Error: connect ECONNREFUSED 127.0.0.1:5500\n\nCommon situations why this would fail:\n  - you don't have internet access\n  - you forgot to run / boot your web server\n  - your web server isn't accessible\n  - you have weird network configuration settings on your computer\n\nBecause this error occurred during a `before all` hook we are skipping the remaining tests in the current suite: `Dropdown handling`",
                "estack": "CypressError: `cy.visit()` failed trying to load:\n\nhttp://127.0.0.1:5500/HelpFolder/differentDropDownTypes.html\n\nWe attempted to make an http request to this URL but the request failed without a response.\n\nWe received this error at the network level:\n\n  > Error: connect ECONNREFUSED 127.0.0.1:5500\n\nCommon situations why this would fail:\n  - you don't have internet access\n  - you forgot to run / boot your web server\n  - your web server isn't accessible\n  - you have weird network configuration settings on your computer\n\nBecause this error occurred during a `before all` hook we are skipping the remaining tests in the current suite: `Dropdown handling`\n    at http://localhost:34533/__cypress/runner/cypress_runner.js:140524:23\n    at visitFailedByErr (http://localhost:34533/__cypress/runner/cypress_runner.js:139883:12)\n    at http://localhost:34533/__cypress/runner/cypress_runner.js:140523:11\n    at tryCatcher (http://localhost:34533/__cypress/runner/cypress_runner.js:10798:23)\n    at Promise._settlePromiseFromHandler (http://localhost:34533/__cypress/runner/cypress_runner.js:8733:31)\n    at Promise._settlePromise (http://localhost:34533/__cypress/runner/cypress_runner.js:8790:18)\n    at Promise._settlePromise0 (http://localhost:34533/__cypress/runner/cypress_runner.js:8835:10)\n    at Promise._settlePromises (http://localhost:34533/__cypress/runner/cypress_runner.js:8911:18)\n    at _drainQueueStep (http://localhost:34533/__cypress/runner/cypress_runner.js:5505:12)\n    at _drainQueue (http://localhost:34533/__cypress/runner/cypress_runner.js:5498:9)\n    at Async.../../node_modules/bluebird/js/release/async.js.Async._drainQueues (http://localhost:34533/__cypress/runner/cypress_runner.js:5514:5)\n    at Async.drainQueues (http://localhost:34533/__cypress/runner/cypress_runner.js:5384:14)\nFrom Your Spec Code:\n    at Context.eval (http://localhost:34533/__cypress/tests?p=cypress/integration/demo-test/TC_09_DropdownHandling.spec.js:101:8)\n\nFrom Node.js Internals:\n  Error: connect ECONNREFUSED 127.0.0.1:5500\n      at TCPConnectWrap.afterConnect [as oncomplete] (net.js:1146:16)\n  ",
                "diff": null
              },
              "uuid": "af430e80-6188-47c6-99d6-0abd7b2fbd4e",
              "parentUUID": "d754d645-23c0-45e8-9528-ef627bd67c21",
              "isHook": false,
              "skipped": false
            },
            {
              "title": "Select autocomplete- dropdown",
              "fullTitle": "Dropdown handling Select autocomplete- dropdown",
              "timedOut": null,
              "duration": 0,
              "state": "skipped",
              "speed": null,
              "pass": false,
              "fail": false,
              "pending": true,
              "context": null,
              "code": "",
              "err": {},
              "uuid": "d46046e0-ee7f-4e5c-9cf1-00bdc38d6556",
              "parentUUID": "d754d645-23c0-45e8-9528-ef627bd67c21",
              "isHook": false,
              "skipped": false
            },
            {
              "title": "Select multi value from dropdown",
              "fullTitle": "Dropdown handling Select multi value from dropdown",
              "timedOut": null,
              "duration": 0,
              "state": "skipped",
              "speed": null,
              "pass": false,
              "fail": false,
              "pending": false,
              "context": null,
              "code": "cy.get('#cselect').select(['India', 'Russia']).invoke('val').should('deep.equal', ['Russia', 'India']);\ncy.get('#cselect').select(['India', 'Russia']).find('option:selected').invoke('text').should('deep.equal', ['Russia', 'India'].join(\"\"));",
              "err": {},
              "uuid": "cca8f697-e5c0-4802-812b-070fbf24449d",
              "parentUUID": "d754d645-23c0-45e8-9528-ef627bd67c21",
              "isHook": false,
              "skipped": true
            },
            {
              "title": "DT type multi select and delete",
              "fullTitle": "Dropdown handling DT type multi select and delete",
              "timedOut": null,
              "duration": 0,
              "state": "skipped",
              "speed": null,
              "pass": false,
              "fail": false,
              "pending": true,
              "context": null,
              "code": "",
              "err": {},
              "uuid": "95747226-bd01-4242-89cf-f9231c1ac5c8",
              "parentUUID": "d754d645-23c0-45e8-9528-ef627bd67c21",
              "isHook": false,
              "skipped": false
            }
          ],
          "suites": [],
          "passes": [],
          "failures": [
            "af430e80-6188-47c6-99d6-0abd7b2fbd4e"
          ],
          "pending": [
            "d46046e0-ee7f-4e5c-9cf1-00bdc38d6556",
            "95747226-bd01-4242-89cf-f9231c1ac5c8"
          ],
          "skipped": [
            "cca8f697-e5c0-4802-812b-070fbf24449d"
          ],
          "duration": 984,
          "root": false,
          "rootEmpty": false,
          "_timeout": 2000
        }
      ],
      "passes": [],
      "failures": [],
      "pending": [],
      "skipped": [],
      "duration": 0,
      "root": true,
      "rootEmpty": true,
      "_timeout": 2000
    }
  ],
  "meta": {
    "mocha": {
      "version": "7.0.1"
    },
    "mochawesome": {
      "options": {
        "quiet": false,
        "reportFilename": "mochawesome",
        "saveHtml": false,
        "saveJson": true,
        "consoleReporter": "spec",
        "useInlineDiffs": false,
        "code": true
      },
      "version": "7.1.3"
    },
    "marge": {
      "options": {
        "id": "default",
        "reportDir": "cypress/reports/mocha",
        "quite": true,
        "overwrite": false,
        "html": false,
        "json": true
      },
      "version": "6.2.0"
    }
  }
}