{
  "stats": {
    "suites": 1,
    "tests": 7,
    "passes": 7,
    "pending": 0,
    "failures": 0,
    "start": "2022-10-15T10:06:07.086Z",
    "end": "2022-10-15T10:06:46.468Z",
    "duration": 39382,
    "testsRegistered": 7,
    "passPercent": 100,
    "pendingPercent": 0,
    "other": 0,
    "hasOther": false,
    "skipped": 0,
    "hasSkipped": false
  },
  "results": [
    {
      "uuid": "34a52272-7367-44d8-aa8d-4b601eb00474",
      "title": "",
      "fullFile": "cypress/integration/demo-test/TC_19_CustmCommand.spec.js",
      "file": "cypress/integration/demo-test/TC_19_CustmCommand.spec.js",
      "beforeHooks": [],
      "afterHooks": [],
      "tests": [],
      "suites": [
        {
          "uuid": "2cb370eb-a151-461a-8a6e-bdfc62223bb2",
          "title": "custom command",
          "fullFile": "",
          "file": "",
          "beforeHooks": [],
          "afterHooks": [],
          "tests": [
            {
              "title": "Simple parent command",
              "fullTitle": "custom command Simple parent command",
              "timedOut": null,
              "duration": 156,
              "state": "passed",
              "speed": "slow",
              "pass": true,
              "fail": false,
              "pending": false,
              "context": null,
              "code": "cy.parentcommand('Mandeep - Parent command');",
              "err": {},
              "uuid": "550cf771-3cf8-43a3-a61d-2db37253288f",
              "parentUUID": "2cb370eb-a151-461a-8a6e-bdfc62223bb2",
              "isHook": false,
              "skipped": false
            },
            {
              "title": "Çhild command",
              "fullTitle": "custom command Çhild command",
              "timedOut": null,
              "duration": 24,
              "state": "passed",
              "speed": "fast",
              "pass": true,
              "fail": false,
              "pending": false,
              "context": null,
              "code": "cy.wrap('Kaju-Child command').childcommand();",
              "err": {},
              "uuid": "09a78205-2c99-425b-9d9f-d0a113a18513",
              "parentUUID": "2cb370eb-a151-461a-8a6e-bdfc62223bb2",
              "isHook": false,
              "skipped": false
            },
            {
              "title": "Çhild command- Option=Element",
              "fullTitle": "custom command Çhild command- Option=Element",
              "timedOut": null,
              "duration": 17,
              "state": "passed",
              "speed": "fast",
              "pass": true,
              "fail": false,
              "pending": false,
              "context": null,
              "code": "cy.wrap('Element-Child command').childcommandele();",
              "err": {},
              "uuid": "c76a21c9-7fe2-4105-aceb-722e02405372",
              "parentUUID": "2cb370eb-a151-461a-8a6e-bdfc62223bb2",
              "isHook": false,
              "skipped": false
            },
            {
              "title": "Dual command",
              "fullTitle": "custom command Dual command",
              "timedOut": null,
              "duration": 2632,
              "state": "passed",
              "speed": "slow",
              "pass": true,
              "fail": false,
              "pending": false,
              "context": null,
              "code": "cy.visit('https://www.google.com');\ncy.get('input').dualcommand();\ncy.dualcommand();",
              "err": {},
              "uuid": "92bf7669-3eca-45f6-a5c9-d3b74ff82396",
              "parentUUID": "2cb370eb-a151-461a-8a6e-bdfc62223bb2",
              "isHook": false,
              "skipped": false
            },
            {
              "title": "get text method",
              "fullTitle": "custom command get text method",
              "timedOut": null,
              "duration": 6145,
              "state": "passed",
              "speed": "slow",
              "pass": true,
              "fail": false,
              "pending": false,
              "context": null,
              "code": "cy.visit('https://dev-ui.azure.digitaltwin.aero/login');\ncy.get('.forgot-pass').getText().then(cy.log);",
              "err": {},
              "uuid": "4fa6d3d2-00a2-42fa-88e9-99c76a7f4521",
              "parentUUID": "2cb370eb-a151-461a-8a6e-bdfc62223bb2",
              "isHook": false,
              "skipped": false
            },
            {
              "title": "get table cell value",
              "fullTitle": "custom command get table cell value",
              "timedOut": null,
              "duration": 3525,
              "state": "passed",
              "speed": "slow",
              "pass": true,
              "fail": false,
              "pending": false,
              "context": null,
              "code": "cy.visit('https://the-internet.herokuapp.com/tables');\ncy.getCellValue(2, 3).then(cy.log);",
              "err": {},
              "uuid": "f0e39e24-297d-4f9d-b442-5178c852d7ac",
              "parentUUID": "2cb370eb-a151-461a-8a6e-bdfc62223bb2",
              "isHook": false,
              "skipped": false
            },
            {
              "title": "iframe handling",
              "fullTitle": "custom command iframe handling",
              "timedOut": null,
              "duration": 4057,
              "state": "passed",
              "speed": "slow",
              "pass": true,
              "fail": false,
              "pending": false,
              "context": null,
              "code": "cy.visit('https://the-internet.herokuapp.com/iframe');\ncy.get('iframe#mce_0_ifr').getIframe().clear().type('Mandeep Sheoran');",
              "err": {},
              "uuid": "a027de3b-7cb2-4e5d-917b-90521f10e5bb",
              "parentUUID": "2cb370eb-a151-461a-8a6e-bdfc62223bb2",
              "isHook": false,
              "skipped": false
            }
          ],
          "suites": [],
          "passes": [
            "550cf771-3cf8-43a3-a61d-2db37253288f",
            "09a78205-2c99-425b-9d9f-d0a113a18513",
            "c76a21c9-7fe2-4105-aceb-722e02405372",
            "92bf7669-3eca-45f6-a5c9-d3b74ff82396",
            "4fa6d3d2-00a2-42fa-88e9-99c76a7f4521",
            "f0e39e24-297d-4f9d-b442-5178c852d7ac",
            "a027de3b-7cb2-4e5d-917b-90521f10e5bb"
          ],
          "failures": [],
          "pending": [],
          "skipped": [],
          "duration": 16556,
          "root": false,
          "rootEmpty": false,
          "_timeout": 2000
        }
      ],
      "passes": [],
      "failures": [],
      "pending": [],
      "skipped": [],
      "duration": 0,
      "root": true,
      "rootEmpty": true,
      "_timeout": 2000
    }
  ],
  "meta": {
    "mocha": {
      "version": "7.0.1"
    },
    "mochawesome": {
      "options": {
        "quiet": false,
        "reportFilename": "mochawesome",
        "saveHtml": false,
        "saveJson": true,
        "consoleReporter": "spec",
        "useInlineDiffs": false,
        "code": true
      },
      "version": "7.1.3"
    },
    "marge": {
      "options": {
        "id": "default",
        "reportDir": "cypress/reports/mocha",
        "quite": true,
        "overwrite": false,
        "html": false,
        "json": true
      },
      "version": "6.2.0"
    }
  }
}