{
  "stats": {
    "suites": 1,
    "tests": 4,
    "passes": 2,
    "pending": 1,
    "failures": 1,
    "start": "2022-10-15T10:08:44.147Z",
    "end": "2022-10-15T10:09:06.030Z",
    "duration": 21883,
    "testsRegistered": 5,
    "passPercent": 50,
    "pendingPercent": 20,
    "other": 1,
    "hasOther": true,
    "skipped": 0,
    "hasSkipped": false
  },
  "results": [
    {
      "uuid": "d3dfabeb-aac1-48cd-99bf-703de1062b69",
      "title": "",
      "fullFile": "cypress/integration/demo-test/TC_24_SlidersHandling.spec.js",
      "file": "cypress/integration/demo-test/TC_24_SlidersHandling.spec.js",
      "beforeHooks": [],
      "afterHooks": [],
      "tests": [],
      "suites": [
        {
          "uuid": "d4d28233-5163-4b2e-a388-ed27e48f5765",
          "title": "Slider suit",
          "fullFile": "",
          "file": "",
          "beforeHooks": [],
          "afterHooks": [],
          "tests": [
            {
              "title": "Slider Test - input type=range",
              "fullTitle": "Slider suit Slider Test - input type=range",
              "timedOut": null,
              "duration": 789,
              "state": "failed",
              "speed": null,
              "pass": false,
              "fail": true,
              "pending": false,
              "context": "\"assets/TC_24_SlidersHandling.spec.js/Slider suit -- Slider Test - input type=range (failed).png\"",
              "code": "cy.visit(\"http://127.0.0.1:5500/HelpFolder/sliders.html\");\ncy.get(\"#rangeone\").invoke(\"val\", \"72\").trigger(\"change\");\ncy.get(\"p#one\").should(\"have.text\", 70);\ncy.get(\"#rangetwo\").invoke(\"val\", \"76\").trigger(\"change\");\ncy.get(\"p#two\").should(\"have.text\", 80);",
              "err": {
                "message": "CypressError: `cy.visit()` failed trying to load:\n\nhttp://127.0.0.1:5500/HelpFolder/sliders.html\n\nWe attempted to make an http request to this URL but the request failed without a response.\n\nWe received this error at the network level:\n\n  > Error: connect ECONNREFUSED 127.0.0.1:5500\n\nCommon situations why this would fail:\n  - you don't have internet access\n  - you forgot to run / boot your web server\n  - your web server isn't accessible\n  - you have weird network configuration settings on your computer",
                "estack": "CypressError: `cy.visit()` failed trying to load:\n\nhttp://127.0.0.1:5500/HelpFolder/sliders.html\n\nWe attempted to make an http request to this URL but the request failed without a response.\n\nWe received this error at the network level:\n\n  > Error: connect ECONNREFUSED 127.0.0.1:5500\n\nCommon situations why this would fail:\n  - you don't have internet access\n  - you forgot to run / boot your web server\n  - your web server isn't accessible\n  - you have weird network configuration settings on your computer\ngo/</<@http://localhost:46861/__cypress/runner/cypress_runner.js:140524:23\nvisitFailedByErr@http://localhost:46861/__cypress/runner/cypress_runner.js:139883:12\ngo/<@http://localhost:46861/__cypress/runner/cypress_runner.js:140523:27\ntryCatcher@http://localhost:46861/__cypress/runner/cypress_runner.js:10798:23\n../../node_modules/bluebird/js/release/promise.js/</module.exports/Promise.prototype._settlePromiseFromHandler@http://localhost:46861/__cypress/runner/cypress_runner.js:8733:31\n../../node_modules/bluebird/js/release/promise.js/</module.exports/Promise.prototype._settlePromise@http://localhost:46861/__cypress/runner/cypress_runner.js:8790:18\n../../node_modules/bluebird/js/release/promise.js/</module.exports/Promise.prototype._settlePromise0@http://localhost:46861/__cypress/runner/cypress_runner.js:8835:10\n../../node_modules/bluebird/js/release/promise.js/</module.exports/Promise.prototype._settlePromises@http://localhost:46861/__cypress/runner/cypress_runner.js:8911:18\n_drainQueueStep@http://localhost:46861/__cypress/runner/cypress_runner.js:5505:12\n_drainQueue@http://localhost:46861/__cypress/runner/cypress_runner.js:5498:24\n../../node_modules/bluebird/js/release/async.js/</Async.prototype._drainQueues@http://localhost:46861/__cypress/runner/cypress_runner.js:5514:16\nAsync/this.drainQueues@http://localhost:46861/__cypress/runner/cypress_runner.js:5384:14\nFrom Your Spec Code:\n    ./cypress/integration/demo-test/TC_24_SlidersHandling.spec.js/</<@http://localhost:46861/__cypress/tests?p=cypress/integration/demo-test/TC_24_SlidersHandling.spec.js:105:8\n    setRunnable/runnable.fn@http://localhost:46861/__cypress/runner/cypress_runner.js:153638:45\n    callFn@http://localhost:46861/__cypress/runner/cypress_runner.js:109370:21\n    ../driver/node_modules/mocha/lib/runnable.js/</Runnable.prototype.run@http://localhost:46861/__cypress/runner/cypress_runner.js:109357:13\n    onRunnableRun/<@http://localhost:46861/__cypress/runner/cypress_runner.js:159643:28\n    finallyHandler@http://localhost:46861/__cypress/runner/cypress_runner.js:7352:23\n    tryCatcher@http://localhost:46861/__cypress/runner/cypress_runner.js:10798:23\n    ../../node_modules/bluebird/js/release/promise.js/</module.exports/Promise.prototype._settlePromiseFromHandler@http://localhost:46861/__cypress/runner/cypress_runner.js:8733:31\n    ../../node_modules/bluebird/js/release/promise.js/</module.exports/Promise.prototype._settlePromise@http://localhost:46861/__cypress/runner/cypress_runner.js:8790:18\n    ../../node_modules/bluebird/js/release/promise.js/</module.exports/Promise.prototype._settlePromise0@http://localhost:46861/__cypress/runner/cypress_runner.js:8835:10\n    ../../node_modules/bluebird/js/release/promise.js/</module.exports/Promise.prototype._settlePromises@http://localhost:46861/__cypress/runner/cypress_runner.js:8915:18\n    _drainQueueStep@http://localhost:46861/__cypress/runner/cypress_runner.js:5505:12\n    _drainQueue@http://localhost:46861/__cypress/runner/cypress_runner.js:5498:24\n    ../../node_modules/bluebird/js/release/async.js/</Async.prototype._drainQueues@http://localhost:46861/__cypress/runner/cypress_runner.js:5514:16\n    Async/this.drainQueues@http://localhost:46861/__cypress/runner/cypress_runner.js:5384:14\n\n\nFrom Node.js Internals:\n  Error: connect ECONNREFUSED 127.0.0.1:5500\n      at TCPConnectWrap.afterConnect [as oncomplete] (net.js:1146:16)\n  ",
                "diff": null
              },
              "uuid": "be3271f9-11f4-46a2-8034-7b09cb46d513",
              "parentUUID": "d4d28233-5163-4b2e-a388-ed27e48f5765",
              "isHook": false,
              "skipped": false
            },
            {
              "title": "Slider Test - Built from CSS",
              "fullTitle": "Slider suit Slider Test - Built from CSS",
              "timedOut": null,
              "duration": 664,
              "state": "failed",
              "speed": null,
              "pass": false,
              "fail": true,
              "pending": false,
              "context": "\"assets/TC_24_SlidersHandling.spec.js/Slider suit -- Slider Test - Built from CSS (failed).png\"",
              "code": "cy.visit(\"http://127.0.0.1:5500/HelpFolder/styledslider.html\");\ncy.get(\"div#slide-2\").click({\n  force: true\n});\ncy.get(\"div#slide-3\").click({\n  force: true\n});\ncy.get('a[href=\"#slide-1\"]').click();\ncy.url().should(\"include\", \"#slide-1\");",
              "err": {
                "message": "CypressError: `cy.visit()` failed trying to load:\n\nhttp://127.0.0.1:5500/HelpFolder/styledslider.html\n\nWe attempted to make an http request to this URL but the request failed without a response.\n\nWe received this error at the network level:\n\n  > Error: connect ECONNREFUSED 127.0.0.1:5500\n\nCommon situations why this would fail:\n  - you don't have internet access\n  - you forgot to run / boot your web server\n  - your web server isn't accessible\n  - you have weird network configuration settings on your computer",
                "estack": "CypressError: `cy.visit()` failed trying to load:\n\nhttp://127.0.0.1:5500/HelpFolder/styledslider.html\n\nWe attempted to make an http request to this URL but the request failed without a response.\n\nWe received this error at the network level:\n\n  > Error: connect ECONNREFUSED 127.0.0.1:5500\n\nCommon situations why this would fail:\n  - you don't have internet access\n  - you forgot to run / boot your web server\n  - your web server isn't accessible\n  - you have weird network configuration settings on your computer\ngo/</<@http://localhost:46861/__cypress/runner/cypress_runner.js:140524:23\nvisitFailedByErr@http://localhost:46861/__cypress/runner/cypress_runner.js:139883:12\ngo/<@http://localhost:46861/__cypress/runner/cypress_runner.js:140523:27\ntryCatcher@http://localhost:46861/__cypress/runner/cypress_runner.js:10798:23\n../../node_modules/bluebird/js/release/promise.js/</module.exports/Promise.prototype._settlePromiseFromHandler@http://localhost:46861/__cypress/runner/cypress_runner.js:8733:31\n../../node_modules/bluebird/js/release/promise.js/</module.exports/Promise.prototype._settlePromise@http://localhost:46861/__cypress/runner/cypress_runner.js:8790:18\n../../node_modules/bluebird/js/release/promise.js/</module.exports/Promise.prototype._settlePromise0@http://localhost:46861/__cypress/runner/cypress_runner.js:8835:10\n../../node_modules/bluebird/js/release/promise.js/</module.exports/Promise.prototype._settlePromises@http://localhost:46861/__cypress/runner/cypress_runner.js:8911:18\n_drainQueueStep@http://localhost:46861/__cypress/runner/cypress_runner.js:5505:12\n_drainQueue@http://localhost:46861/__cypress/runner/cypress_runner.js:5498:24\n../../node_modules/bluebird/js/release/async.js/</Async.prototype._drainQueues@http://localhost:46861/__cypress/runner/cypress_runner.js:5514:16\nAsync/this.drainQueues@http://localhost:46861/__cypress/runner/cypress_runner.js:5384:14\nFrom Your Spec Code:\n    ./cypress/integration/demo-test/TC_24_SlidersHandling.spec.js/</<@http://localhost:46861/__cypress/tests?p=cypress/integration/demo-test/TC_24_SlidersHandling.spec.js:112:8\n    setRunnable/runnable.fn@http://localhost:46861/__cypress/runner/cypress_runner.js:153638:45\n    callFn@http://localhost:46861/__cypress/runner/cypress_runner.js:109370:21\n    ../driver/node_modules/mocha/lib/runnable.js/</Runnable.prototype.run@http://localhost:46861/__cypress/runner/cypress_runner.js:109357:13\n    onRunnableRun/<@http://localhost:46861/__cypress/runner/cypress_runner.js:159643:28\n    finallyHandler@http://localhost:46861/__cypress/runner/cypress_runner.js:7352:23\n    tryCatcher@http://localhost:46861/__cypress/runner/cypress_runner.js:10798:23\n    ../../node_modules/bluebird/js/release/promise.js/</module.exports/Promise.prototype._settlePromiseFromHandler@http://localhost:46861/__cypress/runner/cypress_runner.js:8733:31\n    ../../node_modules/bluebird/js/release/promise.js/</module.exports/Promise.prototype._settlePromise@http://localhost:46861/__cypress/runner/cypress_runner.js:8790:18\n    ../../node_modules/bluebird/js/release/promise.js/</module.exports/Promise.prototype._settlePromise0@http://localhost:46861/__cypress/runner/cypress_runner.js:8835:10\n    ../../node_modules/bluebird/js/release/promise.js/</module.exports/Promise.prototype._settlePromises@http://localhost:46861/__cypress/runner/cypress_runner.js:8915:18\n    ../../node_modules/bluebird/js/release/promise.js/</module.exports/Promise.prototype._fulfill@http://localhost:46861/__cypress/runner/cypress_runner.js:8859:18\n    ../../node_modules/bluebird/js/release/promise.js/</module.exports/Promise.prototype._settlePromise@http://localhost:46861/__cypress/runner/cypress_runner.js:8803:21\n    ../../node_modules/bluebird/js/release/promise.js/</module.exports/Promise.prototype._settlePromise0@http://localhost:46861/__cypress/runner/cypress_runner.js:8835:10\n    ../../node_modules/bluebird/js/release/promise.js/</module.exports/Promise.prototype._settlePromises@http://localhost:46861/__cypress/runner/cypress_runner.js:8915:18\n    ../../node_modules/bluebird/js/release/promise.js/</module.exports/Promise.prototype._fulfill@http://localhost:46861/__cypress/runner/cypress_runner.js:8859:18\n    ../../node_modules/bluebird/js/release/promise.js/</module.exports/Promise.prototype._resolveCallback@http://localhost:46861/__cypress/runner/cypress_runner.js:8653:57\n    ../../node_modules/bluebird/js/release/promise.js/</module.exports/Promise.prototype._settlePromiseFromHandler@http://localhost:46861/__cypress/runner/cypress_runner.js:8745:17\n    ../../node_modules/bluebird/js/release/promise.js/</module.exports/Promise.prototype._settlePromise@http://localhost:46861/__cypress/runner/cypress_runner.js:8790:18\n    ../../node_modules/bluebird/js/release/promise.js/</module.exports/Promise.prototype._settlePromise0@http://localhost:46861/__cypress/runner/cypress_runner.js:8835:10\n    ../../node_modules/bluebird/js/release/promise.js/</module.exports/Promise.prototype._settlePromises@http://localhost:46861/__cypress/runner/cypress_runner.js:8915:18\n    ../../node_modules/bluebird/js/release/promise.js/</module.exports/Promise.prototype._fulfill@http://localhost:46861/__cypress/runner/cypress_runner.js:8859:18\n    ../../node_modules/bluebird/js/release/promise_array.js/module.exports/PromiseArray.prototype._resolve@http://localhost:46861/__cypress/runner/cypress_runner.js:9132:19\n    ../../node_modules/bluebird/js/release/promise_array.js/module.exports/PromiseArray.prototype._promiseFulfilled@http://localhost:46861/__cypress/runner/cypress_runner.js:9150:14\n    ../../node_modules/bluebird/js/release/promise_array.js/module.exports/PromiseArray.prototype._iterate@http://localhost:46861/__cypress/runner/cypress_runner.js:9120:31\n    init@http://localhost:46861/__cypress/runner/cypress_runner.js:9084:10\n    ../../node_modules/bluebird/js/release/promise.js/</module.exports/Promise.prototype._settlePromise@http://localhost:46861/__cypress/runner/cypress_runner.js:8787:21\n    ../../node_modules/bluebird/js/release/promise.js/</module.exports/Promise.prototype._settlePromise0@http://localhost:46861/__cypress/runner/cypress_runner.js:8835:10\n    ../../node_modules/bluebird/js/release/promise.js/</module.exports/Promise.prototype._settlePromises@http://localhost:46861/__cypress/runner/cypress_runner.js:8915:18\n    ../../node_modules/bluebird/js/release/promise.js/</module.exports/Promise.prototype._fulfill@http://localhost:46861/__cypress/runner/cypress_runner.js:8859:18\n    ../../node_modules/bluebird/js/release/promise_array.js/module.exports/PromiseArray.prototype._resolve@http://localhost:46861/__cypress/runner/cypress_runner.js:9132:19\n    ../../node_modules/bluebird/js/release/promise_array.js/module.exports/PromiseArray.prototype._promiseFulfilled@http://localhost:46861/__cypress/runner/cypress_runner.js:9150:14\n    ../../node_modules/bluebird/js/release/promise.js/</module.exports/Promise.prototype._settlePromise@http://localhost:46861/__cypress/runner/cypress_runner.js:8795:26\n    ../../node_modules/bluebird/js/release/promise.js/</module.exports/Promise.prototype._settlePromise0@http://localhost:46861/__cypress/runner/cypress_runner.js:8835:10\n    ../../node_modules/bluebird/js/release/promise.js/</module.exports/Promise.prototype._settlePromises@http://localhost:46861/__cypress/runner/cypress_runner.js:8915:18\n    ../../node_modules/bluebird/js/release/promise.js/</module.exports/Promise.prototype._fulfill@http://localhost:46861/__cypress/runner/cypress_runner.js:8859:18\n    ../../node_modules/bluebird/js/release/promise_array.js/module.exports/PromiseArray.prototype._resolve@http://localhost:46861/__cypress/runner/cypress_runner.js:9132:19\n    ../../node_modules/bluebird/js/release/map.js/module.exports/MappingPromiseArray.prototype._promiseFulfilled@http://localhost:46861/__cypress/runner/cypress_runner.js:7958:18\n    ../../node_modules/bluebird/js/release/promise.js/</module.exports/Promise.prototype._settlePromise@http://localhost:46861/__cypress/runner/cypress_runner.js:8795:26\n    ../../node_modules/bluebird/js/release/promise.js/</module.exports/Promise.prototype._settlePromise0@http://localhost:46861/__cypress/runner/cypress_runner.js:8835:10\n    ../../node_modules/bluebird/js/release/promise.js/</module.exports/Promise.prototype._settlePromises@http://localhost:46861/__cypress/runner/cypress_runner.js:8915:18\n    _drainQueueStep@http://localhost:46861/__cypress/runner/cypress_runner.js:5505:12\n    _drainQueue@http://localhost:46861/__cypress/runner/cypress_runner.js:5498:24\n    ../../node_modules/bluebird/js/release/async.js/</Async.prototype._drainQueues@http://localhost:46861/__cypress/runner/cypress_runner.js:5514:16\n    Async/this.drainQueues@http://localhost:46861/__cypress/runner/cypress_runner.js:5384:14\n\n\nFrom Node.js Internals:\n  Error: connect ECONNREFUSED 127.0.0.1:5500\n      at TCPConnectWrap.afterConnect [as oncomplete] (net.js:1146:16)\n  ",
                "diff": null
              },
              "uuid": "e1952781-b9d2-4488-8a54-2bc49b8ce4f1",
              "parentUUID": "d4d28233-5163-4b2e-a388-ed27e48f5765",
              "isHook": false,
              "skipped": false
            },
            {
              "title": "Slider Test - External website",
              "fullTitle": "Slider suit Slider Test - External website",
              "timedOut": null,
              "duration": 5985,
              "state": "passed",
              "speed": "slow",
              "pass": true,
              "fail": false,
              "pending": false,
              "context": null,
              "code": "cy.visit(\"http://testautomationpractice.blogspot.com/\");\ncy.get(\"div#slider span\").invoke(\"attr\", \"style\", \"left: 80%;\");",
              "err": {},
              "uuid": "5e02eac4-325f-43cc-934a-3a18e0b032c8",
              "parentUUID": "d4d28233-5163-4b2e-a388-ed27e48f5765",
              "isHook": false,
              "skipped": false
            },
            {
              "title": "Slider Test - MaterialUi",
              "fullTitle": "Slider suit Slider Test - MaterialUi",
              "timedOut": null,
              "duration": 0,
              "state": "pending",
              "speed": null,
              "pass": false,
              "fail": false,
              "pending": true,
              "context": null,
              "code": "",
              "err": {},
              "uuid": "9cbe19f0-2593-497f-a2b7-a48babd8c0ca",
              "parentUUID": "d4d28233-5163-4b2e-a388-ed27e48f5765",
              "isHook": false,
              "skipped": false
            },
            {
              "title": "Amazon Slider",
              "fullTitle": "Slider suit Amazon Slider",
              "timedOut": null,
              "duration": 7641,
              "state": "passed",
              "speed": "slow",
              "pass": true,
              "fail": false,
              "pending": false,
              "context": null,
              "code": "cy.visit(\"https://www.amazon.in/\");\ncy.get(\".a-section.a-spacing-none.shogun-widget.card-lite.image-shoveler.aui-desktop.fresh-shoveler.image-shoveler>div.a-section.a-spacing-none.feed-carousel>span .feed-scrollbar-thumb\", {\n  timeout: 10000\n}).invoke(\"attr\", \"style\", \"left: 211px; width: 311.176px; display: inline;\");",
              "err": {},
              "uuid": "c1ce4d53-9544-4b96-a554-b11f24eb54ad",
              "parentUUID": "d4d28233-5163-4b2e-a388-ed27e48f5765",
              "isHook": false,
              "skipped": false
            }
          ],
          "suites": [],
          "passes": [
            "5e02eac4-325f-43cc-934a-3a18e0b032c8",
            "c1ce4d53-9544-4b96-a554-b11f24eb54ad"
          ],
          "failures": [
            "be3271f9-11f4-46a2-8034-7b09cb46d513",
            "e1952781-b9d2-4488-8a54-2bc49b8ce4f1"
          ],
          "pending": [
            "9cbe19f0-2593-497f-a2b7-a48babd8c0ca"
          ],
          "skipped": [],
          "duration": 15079,
          "root": false,
          "rootEmpty": false,
          "_timeout": 2000
        }
      ],
      "passes": [],
      "failures": [],
      "pending": [],
      "skipped": [],
      "duration": 0,
      "root": true,
      "rootEmpty": true,
      "_timeout": 2000
    }
  ],
  "meta": {
    "mocha": {
      "version": "7.0.1"
    },
    "mochawesome": {
      "options": {
        "quiet": false,
        "reportFilename": "mochawesome",
        "saveHtml": false,
        "saveJson": true,
        "consoleReporter": "spec",
        "useInlineDiffs": false,
        "code": true
      },
      "version": "7.1.3"
    },
    "marge": {
      "options": {
        "id": "default",
        "reportDir": "cypress/reports/mocha",
        "quite": true,
        "overwrite": false,
        "html": false,
        "json": true
      },
      "version": "6.2.0"
    }
  }
}