{
  "stats": {
    "suites": 1,
    "tests": 6,
    "passes": 5,
    "pending": 0,
    "failures": 1,
    "start": "2022-10-15T09:56:31.143Z",
    "end": "2022-10-15T09:56:48.903Z",
    "duration": 17760,
    "testsRegistered": 6,
    "passPercent": 83.33333333333334,
    "pendingPercent": 0,
    "other": 0,
    "hasOther": false,
    "skipped": 0,
    "hasSkipped": false
  },
  "results": [
    {
      "uuid": "da926766-c106-4dbd-8080-0c268d6da540",
      "title": "",
      "fullFile": "cypress/integration/demo-test/TC_03_DocumentCommand.spec.js",
      "file": "cypress/integration/demo-test/TC_03_DocumentCommand.spec.js",
      "beforeHooks": [],
      "afterHooks": [],
      "tests": [],
      "suites": [
        {
          "uuid": "f01bbb9b-10a6-4c11-aaf0-4d38f30aa8f2",
          "title": "doc command",
          "fullFile": "",
          "file": "",
          "beforeHooks": [],
          "afterHooks": [],
          "tests": [
            {
              "title": "Page title using document command",
              "fullTitle": "doc command Page title using document command",
              "timedOut": null,
              "duration": 2432,
              "state": "passed",
              "speed": "slow",
              "pass": true,
              "fail": false,
              "pending": false,
              "context": null,
              "code": "cy.document().should(doc => {\n  let titlename = doc.title;\n  console.log(titlename);\n  expect(titlename).to.be.eql('Conduit');\n});",
              "err": {},
              "uuid": "beb59074-9abd-4d91-a093-ed0fcc1c40c0",
              "parentUUID": "f01bbb9b-10a6-4c11-aaf0-4d38f30aa8f2",
              "isHook": false,
              "skipped": false
            },
            {
              "title": "Page title using cypress command",
              "fullTitle": "doc command Page title using cypress command",
              "timedOut": null,
              "duration": 4499,
              "state": "failed",
              "speed": null,
              "pass": false,
              "fail": true,
              "pending": false,
              "context": "\"assets/TC_03_DocumentCommand.spec.js/doc command -- Page title using cypress command (failed).png\"",
              "code": "cy.title().should(text => {\n  expect(text).to.be.eql('Conduitt');\n});",
              "err": {
                "message": "AssertionError: Timed out retrying after 4000ms: expected 'Conduit' to deeply equal 'Conduitt'",
                "estack": "AssertionError: Timed out retrying after 4000ms: expected 'Conduit' to deeply equal 'Conduitt'\n    at Context.eval (http://react-redux.realworld.io/__cypress/tests?p=cypress/integration/demo-test/TC_03_DocumentCommand.spec.js:112:26)",
                "diff": "- 'Conduit'\n+ 'Conduitt'\n"
              },
              "uuid": "db6fa896-48d6-46cc-aad9-6a67707f6389",
              "parentUUID": "f01bbb9b-10a6-4c11-aaf0-4d38f30aa8f2",
              "isHook": false,
              "skipped": false
            },
            {
              "title": "Dimension using document command",
              "fullTitle": "doc command Dimension using document command",
              "timedOut": null,
              "duration": 72,
              "state": "passed",
              "speed": "medium",
              "pass": true,
              "fail": false,
              "pending": false,
              "context": null,
              "code": "cy.document().should(doc => {\n  const dc = Cypress.$(doc);\n  console.log(dc.height());\n  console.log(dc.width());\n});",
              "err": {},
              "uuid": "044b3ac5-d767-4b25-a90b-1b59e27e342b",
              "parentUUID": "f01bbb9b-10a6-4c11-aaf0-4d38f30aa8f2",
              "isHook": false,
              "skipped": false
            },
            {
              "title": "Dimension using cypress command",
              "fullTitle": "doc command Dimension using cypress command",
              "timedOut": null,
              "duration": 34,
              "state": "passed",
              "speed": "fast",
              "pass": true,
              "fail": false,
              "pending": false,
              "context": null,
              "code": "cy.viewport('ipad-2', 'portrait');\ncy.viewport(500, 700);",
              "err": {},
              "uuid": "d85a68f7-78cc-431a-a525-1e383ba7a585",
              "parentUUID": "f01bbb9b-10a6-4c11-aaf0-4d38f30aa8f2",
              "isHook": false,
              "skipped": false
            },
            {
              "title": "Cookies setting using document command",
              "fullTitle": "doc command Cookies setting using document command",
              "timedOut": null,
              "duration": 46,
              "state": "passed",
              "speed": "medium",
              "pass": true,
              "fail": false,
              "pending": false,
              "context": null,
              "code": "cy.document().should(doc => {\n  doc.cookie = \"name=mandeep\";\n  console.log(doc.cookie);\n  doc.cookie = \"name=monika\";\n  console.log(doc.cookie);\n});",
              "err": {},
              "uuid": "33c2215a-53a9-4bd9-ac94-8c6aa1b9e702",
              "parentUUID": "f01bbb9b-10a6-4c11-aaf0-4d38f30aa8f2",
              "isHook": false,
              "skipped": false
            },
            {
              "title": "Cookies setting using cypress command",
              "fullTitle": "doc command Cookies setting using cypress command",
              "timedOut": null,
              "duration": 104,
              "state": "passed",
              "speed": "slow",
              "pass": true,
              "fail": false,
              "pending": false,
              "context": null,
              "code": "cy.setCookie('name', 'mandeep');\ncy.getCookie('name');\ncy.getCookies();\ncy.clearCookie('name-');\ncy.clearCookies();",
              "err": {},
              "uuid": "b098ee70-4768-4782-8dd3-6e37de835632",
              "parentUUID": "f01bbb9b-10a6-4c11-aaf0-4d38f30aa8f2",
              "isHook": false,
              "skipped": false
            }
          ],
          "suites": [],
          "passes": [
            "beb59074-9abd-4d91-a093-ed0fcc1c40c0",
            "044b3ac5-d767-4b25-a90b-1b59e27e342b",
            "d85a68f7-78cc-431a-a525-1e383ba7a585",
            "33c2215a-53a9-4bd9-ac94-8c6aa1b9e702",
            "b098ee70-4768-4782-8dd3-6e37de835632"
          ],
          "failures": [
            "db6fa896-48d6-46cc-aad9-6a67707f6389"
          ],
          "pending": [],
          "skipped": [],
          "duration": 7187,
          "root": false,
          "rootEmpty": false,
          "_timeout": 2000
        }
      ],
      "passes": [],
      "failures": [],
      "pending": [],
      "skipped": [],
      "duration": 0,
      "root": true,
      "rootEmpty": true,
      "_timeout": 2000
    }
  ],
  "meta": {
    "mocha": {
      "version": "7.0.1"
    },
    "mochawesome": {
      "options": {
        "quiet": false,
        "reportFilename": "mochawesome",
        "saveHtml": false,
        "saveJson": true,
        "consoleReporter": "spec",
        "useInlineDiffs": false,
        "code": true
      },
      "version": "7.1.3"
    },
    "marge": {
      "options": {
        "id": "default",
        "reportDir": "cypress/reports/mocha",
        "quite": true,
        "overwrite": false,
        "html": false,
        "json": true
      },
      "version": "6.2.0"
    }
  }
}